[36m‚†ã[39m Generating browser application bundles (phase: setup)...[2K[1G[36m‚†ô[39m Generating browser application bundles (phase: setup)...[2K[1G[36m‚†π[39m Generating browser application bundles (phase: setup)...[2K[1G[36m‚†∏[39m Generating browser application bundles (phase: building)...[2K[1G[36m‚†º[39m Generating browser application bundles (phase: building)...[2K[1G[36m‚†¥[39m Generating browser application bundles (phase: building)...[2K[1G[36m‚†¶[39m Generating browser application bundles (phase: building)...[2K[1G[36m‚†ß[39m Generating browser application bundles (phase: building)...[2K[1G[36m‚†á[39m Generating browser application bundles (phase: building)...[2K[1G[36m‚†è[39m Generating browser application bundles (phase: building)...[2K[1G[36m‚†ã[39m Generating browser application bundles (phase: building)...[2K[1G[36m‚†ô[39m Generating browser application bundles (phase: building)...[2K[1G[36m‚†π[39m Generating browser application bundles (phase: building)...[2K[1G[36m‚†∏[39m Generating browser application bundles (phase: building)...[2K[1G[36m‚†º[39m Generating browser application bundles (phase: building)...[2K[1G[36m‚†¥[39m Generating browser application bundles (phase: building)...[2K[1G[36m‚†¶[39m Generating browser application bundles (phase: building)...[2K[1G[36m‚†ß[39m Generating browser application bundles (phase: building)...[2K[1G[36m‚†á[39m Generating browser application bundles (phase: building)...[2K[1G[36m‚†è[39m Generating browser application bundles (phase: building)...[2K[1G[36m‚†ã[39m Generating browser application bundles (phase: building)...[2K[1G[36m‚†ô[39m Generating browser application bundles (phase: building)...[2K[1G[36m‚†π[39m Generating browser application bundles (phase: building)...[2K[1G[36m‚†∏[39m Generating browser application bundles (phase: building)...[2K[1G[36m‚†º[39m Generating browser application bundles (phase: building)...[2K[1G[36m‚†¥[39m Generating browser application bundles (phase: building)...[2K[1G[36m‚†¶[39m Generating browser application bundles (phase: building)...[2K[1G[36m‚†ß[39m Generating browser application bundles (phase: building)...[2K[1G[36m‚†á[39m Generating browser application bundles (phase: building)...[2K[1G[36m‚†è[39m Generating browser application bundles (phase: building)...[2K[1G[36m‚†ã[39m Generating browser application bundles (phase: building)...[2K[1G[36m‚†ô[39m Generating browser application bundles (phase: building)...[2K[1G[36m‚†π[39m Generating browser application bundles (phase: building)...[2K[1G[36m‚†∏[39m Generating browser application bundles (phase: building)...[2K[1G[36m‚†º[39m Generating browser application bundles (phase: building)...[2K[1G[36m‚†¥[39m Generating browser application bundles (phase: building)...[2K[1G[36m‚†¶[39m Generating browser application bundles (phase: building)...[2K[1G[36m‚†ß[39m Generating browser application bundles (phase: building)...[2K[1G[36m‚†á[39m Generating browser application bundles (phase: building)...[2K[1G[36m‚†è[39m Generating browser application bundles (phase: building)...[2K[1G[36m‚†ã[39m Generating browser application bundles (phase: building)...[2K[1G[36m‚†ô[39m Generating browser application bundles (phase: building)...[2K[1G[36m‚†π[39m Generating browser application bundles (phase: building)...[2K[1G[36m‚†∏[39m Generating browser application bundles (phase: building)...[2K[1G[36m‚†º[39m Generating browser application bundles (phase: building)...[2K[1G[36m‚†¥[39m Generating browser application bundles (phase: building)...[2K[1G[36m‚†¶[39m Generating browser application bundles (phase: building)...[2K[1G[36m‚†ß[39m Generating browser application bundles (phase: building)...[2K[1G[36m‚†á[39m Generating browser application bundles (phase: building)...[2K[1G[36m‚†è[39m Generating browser application bundles (phase: building)...[2K[1G[36m‚†ã[39m Generating browser application bundles (phase: building)...[2K[1G[36m‚†ô[39m Generating browser application bundles (phase: building)...[2K[1G[36m‚†π[39m Generating browser application bundles (phase: building)...[2K[1G[36m‚†∏[39m Generating browser application bundles (phase: building)...[2K[1G[36m‚†º[39m Generating browser application bundles (phase: building)...[2K[1G[36m‚†¥[39m Generating browser application bundles (phase: building)...[2K[1G[36m‚†¶[39m Generating browser application bundles (phase: building)...[2K[1G[36m‚†ß[39m Generating browser application bundles (phase: building)...[2K[1G[36m‚†á[39m Generating browser application bundles (phase: building)...[2K[1G[36m‚†è[39m Generating browser application bundles (phase: building)...[2K[1G[36m‚†ã[39m Generating browser application bundles (phase: building)...[2K[1G[36m‚†ô[39m Generating browser application bundles (phase: building)...[2K[1G[36m‚†π[39m Generating browser application bundles (phase: building)...[2K[1G[36m‚†∏[39m Generating browser application bundles (phase: building)...[2K[1G[36m‚†º[39m Generating browser application bundles (phase: building)...[2K[1G[36m‚†¥[39m Generating browser application bundles (phase: building)...[2K[1G[36m‚†¶[39m Generating browser application bundles (phase: building)...[2K[1G[36m‚†ß[39m Generating browser application bundles (phase: building)...[2K[1G[36m‚†á[39m Generating browser application bundles (phase: building)...[2K[1G[36m‚†è[39m Generating browser application bundles (phase: building)...[2K[1G[36m‚†ã[39m Generating browser application bundles (phase: building)...[2K[1G[36m‚†ô[39m Generating browser application bundles (phase: building)...[2K[1G[36m‚†π[39m Generating browser application bundles (phase: building)...[2K[1G[36m‚†∏[39m Generating browser application bundles (phase: building)...[2K[1G[36m‚†º[39m Generating browser application bundles (phase: building)...[2K[1G[36m‚†¥[39m Generating browser application bundles (phase: building)...[2K[1G[36m‚†¶[39m Generating browser application bundles (phase: building)...[2K[1G[36m‚†ß[39m Generating browser application bundles (phase: building)...[2K[1G[36m‚†á[39m Generating browser application bundles (phase: building)...[2K[1G[36m‚†è[39m Generating browser application bundles (phase: building)...[2K[1G[36m‚†ã[39m Generating browser application bundles (phase: building)...[2K[1G[36m‚†ô[39m Generating browser application bundles (phase: building)...[2K[1G[36m‚†π[39m Generating browser application bundles (phase: building)...[2K[1G[36m‚†∏[39m Generating browser application bundles (phase: building)...[2K[1G[36m‚†º[39m Generating browser application bundles (phase: building)...[2K[1G[36m‚†¥[39m Generating browser application bundles (phase: building)...[2K[1G[36m‚†¶[39m Generating browser application bundles (phase: building)...[2K[1G[36m‚†ß[39m Generating browser application bundles (phase: building)...[2K[1G[36m‚†á[39m Generating browser application bundles (phase: building)...[2K[1G[36m‚†è[39m Generating browser application bundles (phase: building)...[2K[1G[36m‚†ã[39m Generating browser application bundles (phase: building)...[2K[1G[36m‚†ô[39m Generating browser application bundles (phase: building)...[2K[1G[36m‚†π[39m Generating browser application bundles (phase: building)...[2K[1G[36m‚†∏[39m Generating browser application bundles (phase: building)...[2K[1G[36m‚†º[39m Generating browser application bundles (phase: building)...[2K[1G[36m‚†¥[39m Generating browser application bundles (phase: building)...[2K[1G[36m‚†¶[39m Generating browser application bundles (phase: building)...[2K[1G[36m‚†ß[39m Generating browser application bundles (phase: building)...[2K[1G[36m‚†á[39m Generating browser application bundles (phase: building)...[2K[1G[36m‚†è[39m Generating browser application bundles (phase: building)...[2K[1G[36m‚†ã[39m Generating browser application bundles (phase: building)...[2K[1G[36m‚†ô[39m Generating browser application bundles (phase: building)...[2K[1G[36m‚†π[39m Generating browser application bundles (phase: building)...[2K[1G[36m‚†∏[39m Generating browser application bundles (phase: building)...[2K[1G[36m‚†º[39m Generating browser application bundles (phase: building)...[2K[1G[36m‚†¥[39m Generating browser application bundles (phase: building)...[2K[1G[36m‚†¶[39m Generating browser application bundles (phase: building)...[2K[1G[36m‚†ß[39m Generating browser application bundles (phase: building)...[2K[1G[36m‚†á[39m Generating browser application bundles (phase: building)...[2K[1G[36m‚†è[39m Generating browser application bundles (phase: building)...[2K[1G[36m‚†ã[39m Generating browser application bundles (phase: building)...[2K[1G[36m‚†ô[39m Generating browser application bundles (phase: building)...[2K[1G[36m‚†π[39m Generating browser application bundles (phase: building)...[2K[1G[36m‚†∏[39m Generating browser application bundles (phase: building)...[2K[1G[36m‚†º[39m Generating browser application bundles (phase: sealing)...[2K[1G[36m‚†¥[39m Generating browser application bundles (phase: sealing)...[2K[1G[36m‚†¶[39m Generating browser application bundles (phase: emitting)...[2K[1G[36m‚†ß[39m Generating browser application bundles (phase: emitting)...[2K[1G[36m‚†á[39m Generating browser application bundles (phase: emitting)...[2K[1G[36m‚†è[39m Generating browser application bundles (phase: emitting)...[2K[1G[32m‚úî[39m Browser application bundle generation complete.
[37m[39m
[37m[0m[1mInitial Chunk Files[22m                                                                                    [2m | [22m[1mNames[22m                               [2m | [22m [1mRaw Size[22m[0m[39m
[37m[0m[92mvendor.js[39m[37m                                                                                              [2m | [22mvendor                              [2m | [22m  [96m7.30 MB[39m[37m[2m | [22m[0m[39m
[37m[0m[92mpolyfills.js[39m[37m                                                                                           [2m | [22mpolyfills                           [2m | [22m  [96m1.18 MB[39m[37m[2m | [22m[0m[39m
[37m[0m[92mstyles.css, styles.js[39m[37m                                                                                  [2m | [22mstyles                              [2m | [22m[96m794.33 kB[39m[37m[2m | [22m[0m[39m
[37m[0m[92mmain.js[39m[37m                                                                                                [2m | [22mmain                                [2m | [22m[96m480.07 kB[39m[37m[2m | [22m[0m[39m
[37m[0m[92mscripts.js[39m[37m                                                                                             [2m | [22mscripts                             [2m | [22m[96m229.86 kB[39m[37m[2m | [22m[0m[39m
[37m[0m[92mruntime.js[39m[37m                                                                                             [2m | [22mruntime                             [2m | [22m [96m12.96 kB[39m[37m[2m | [22m[0m[39m
[37m[0m[0m[39m
[37m[0m[1m [22m                                                                                                      [2m | [22m[1mInitial Total[22m                       [2m | [22m  [1m9.96 MB[22m[0m[39m
[37m[0m[0m[39m
[37m[0m[1mLazy Chunk Files[22m                                                                                       [2m | [22m[1mNames[22m                               [2m | [22m [1mRaw Size[22m[0m[39m
[37m[0m[92msrc_app_verein_teilnehmer_module_ts.js[39m[37m                           [39m[37m                                      [2m | [22mverein-teilnehmer-module            [2m | [22m  [96m2.77 MB[39m[37m[2m | [22m[0m[39m
[37m[0m[92msrc_app_rechnungsbuero_rechnungsbuero_module_ts.js[39m[37m                                                     [2m | [22mrechnungsbuero-rechnungsbuero-module[2m | [22m[96m114.14 kB[39m[37m[2m | [22m[0m[39m
[37m[0m[92msrc_app_event-admin_events-admin_module_ts.js[39m[37m                                                          [2m | [22mevent-admin-events-admin-module     [2m | [22m [96m87.80 kB[39m[37m[2m | [22m[0m[39m
[37m[0m[92msrc_app_verein_user_module_ts.js[39m[37m                                                                       [2m | [22mverein-user-module                  [2m | [22m [96m73.21 kB[39m[37m[2m | [22m[0m[39m
[37m[0m[92mdefault-src_app_core_routing_auth-route-activator_service_ts-node_modules_ngx-toastr_fesm2015-caef87.js[39m[37m[2m | [22mverein-teilnehmer-module            [2m | [22m [96m62.53 kB[39m[37m[2m | [22m[0m[39m
[37m[0m[92mdefault-src_app_core_model_AbteilungEnum_ts-src_app_core_model_AnlageEnum_ts-src_app_core_ser-0ba6d2.js[39m[37m[2m | [22mevent-admin-events-admin-module     [2m | [22m [96m17.71 kB[39m[37m[2m | [22m[0m[39m
[37m[0m[92msrc_app_events_events_module_ts.js[39m[37m                                                                     [2m | [22mevents-events-module                [2m | [22m  [96m9.43 kB[39m[37m[2m | [22m[0m[39m
[37m[0m[0m[39m
[37m[0mBuild at: [1m[37m2024-07-08T11:49:05.512Z[39m[37m[22m - Hash: [1m[37m99d6bada8c3f092f[39m[37m[22m - Time: [1m[37m50525[39m[37m[22mms[0m[39m
[1m[33m[39m[22m
[1m[33m[0m[33mWarning: [39m[33m[0m/home/heinz/Documents/Development/Anmeldetool/anmeldetool-web/src/main/web/src/app/core/model/IAnlassOrganisationStati.ts is part of the TypeScript compilation but it's unused.[39m[22m
[1m[33mAdd only entry points to the 'files' or 'include' properties in your tsconfig.[39m[22m
[1m[33m[39m[22m
[1m[33m[0m[33mWarning: [39m[33m[0m/home/heinz/Documents/Development/Anmeldetool/anmeldetool-web/src/main/web/src/app/core/model/IKategorieStati.ts is part of the TypeScript compilation but it's unused.[39m[22m
[1m[33mAdd only entry points to the 'files' or 'include' properties in your tsconfig.[39m[22m
[1m[33m[39m[22m
[1m[33m[0m[33mWarning: [39m[33m[0m/home/heinz/Documents/Development/Anmeldetool/anmeldetool-web/src/main/web/src/app/core/model/IMeldeStatusStati.ts is part of the TypeScript compilation but it's unused.[39m[22m
[1m[33mAdd only entry points to the 'files' or 'include' properties in your tsconfig.[39m[22m
[1m[33m[39m[22m
[1m[33m[0m[33mWarning: [39m[33m[0m/home/heinz/Documents/Development/Anmeldetool/anmeldetool-web/src/main/web/src/app/core/model/keycloak/user_representation.ts is part of the TypeScript compilation but it's unused.[39m[22m
[1m[33mAdd only entry points to the 'files' or 'include' properties in your tsconfig.[39m[22m
[1m[33m[39m[22m
[1m[33m[0m[33mWarning: [39m[33m[0m/home/heinz/Documents/Development/Anmeldetool/anmeldetool-web/src/main/web/src/app/core/redux/teilnehmer/index.ts is part of the TypeScript compilation but it's unused.[39m[22m
[1m[33mAdd only entry points to the 'files' or 'include' properties in your tsconfig.[39m[22m
[1m[33m[39m[22m
[1m[33m[0m[33mWarning: [39m[33m[0m/home/heinz/Documents/Development/Anmeldetool/anmeldetool-web/src/main/web/src/app/core/redux/teilnehmer/teilnehmer.actions.ts is part of the TypeScript compilation but it's unused.[39m[22m
[1m[33mAdd only entry points to the 'files' or 'include' properties in your tsconfig.[39m[22m
[1m[33m[39m[22m
[1m[33m[0m[33mWarning: [39m[33m[0m/home/heinz/Documents/Development/Anmeldetool/anmeldetool-web/src/main/web/src/app/core/redux/teilnehmer/teilnehmer.effects.ts is part of the TypeScript compilation but it's unused.[39m[22m
[1m[33mAdd only entry points to the 'files' or 'include' properties in your tsconfig.[39m[22m
[1m[33m[39m[22m
[1m[33m[0m[33mWarning: [3[39m[22m[1m[33m9m[0m/home/heinz/Documents/Development/Anmeldetool/anmeldetool-web/src/main/web/src/app/core/redux/teilnehmer/teilnehmer.reducer.ts is part of the TypeScript compilation but it's unused.[39m[22m
[1m[33mAdd only entry points to the 'files' or 'include' properties in your tsconfig.[39m[22m
[1m[33m[39m[22m
[1m[33m[0m[33mWarning: [39m[33m[0m/home/heinz/Documents/Development/Anmeldetool/anmeldetool-web/src/main/web/src/app/core/redux/teilnehmer/teilnehmer.selectors.ts is part of the TypeScript compilation but it's unused.[39m[22m
[1m[33mAdd only entry points to the 'files' or 'include' properties in your tsconfig.[39m[22m
[1m[33m[39m[22m
[1m[33m[0m[33mWarning: [39m[33m[0m/home/heinz/Documents/Development/Anmeldetool/anmeldetool-web/src/main/web/src/app/core/redux/teilnehmer/teilnehmer.state.ts is part of the TypeScript compilation but it's unused.[39m[22m
[1m[33mAdd only entry points to the 'files' or 'include' properties in your tsconfig.[39m[22m
[1m[33m[39m[22m
[1m[33m[0m[33mWarning: [39m[33m[0m/home/heinz/Documents/Development/Anmeldetool/anmeldetool-web/src/main/web/src/app/core/routing/authService-resolver.service.ts is part of the TypeScript compilation but it's unused.[39m[22m
[1m[33mAdd only entry points to the 'files' or 'include' properties in your tsconfig.[39m[22m
[1m[33m[39m[22m
[1m[33m[0m[33mWarning: [39m[33m[0m/home/heinz/Documents/Development/Anmeldetool/anmeldetool-web/src/main/web/src/app/core/routing/teilnehmer-resolver.service.ts is part of the TypeScript compilation but it's unused.[39m[22m
[1m[33mAdd only entry points to the 'files' or 'include' properties in your tsconfig.[39m[22m
[1m[33m[39m[22m
[1m[33m[0m[33mWarning: [39m[33m[0m/home/heinz/Documents/Development/Anmeldetool/anmeldetool-web/src/main/web/src/app/core/service/anlass/anlass.service.ts depends on 'file-saver'. CommonJS or AMD dependencies can cause optimization bailouts.[39m[22m
[1m[33mFor more info see: https://angular.io/guide/build#configuring-commonjs-dependencies[39m[22m
[1m[33m[39m[22m
[1m[33m[0m[33mWarning: [39m[33m[0m/home/heinz/Documents/Development/Anmeldetool/anmeldetool-web/src/main/web/src/app/core/service/auth/auth_http.service copy.ts is part of the TypeScript compilation but it's unused.[39m[22m
[1m[33mAdd only entry points to the 'files' or 'inclu[39m[22m[1m[33mde' properties in your tsconfig.[39m[22m
[1m[33m[39m[22m
[1m[33m[0m[33mWarning: [39m[33m[0m/home/heinz/Documents/Development/Anmeldetool/anmeldetool-web/src/main/web/src/app/core/service/auth/role.enum.ts is part of the TypeScript compilation but it's unused.[39m[22m
[1m[33mAdd only entry points to the 'files' or 'include' properties in your tsconfig.[39m[22m
[1m[33m[39m[22m
[1m[33m[0m[33mWarning: [39m[33m[0m/home/heinz/Documents/Development/Anmeldetool/anmeldetool-web/src/main/web/src/app/events/events-detail/events-detail.component.ts depends on 'moment'. CommonJS or AMD dependencies can cause optimization bailouts.[39m[22m
[1m[33mFor more info see: https://angular.io/guide/build#configuring-commonjs-dependencies[39m[22m
[1m[33m[39m[22m
[1m[33m[0m[33mWarning: [39m[33m[0m/home/heinz/Documents/Development/Anmeldetool/anmeldetool-web/src/main/web/src/app/verein/teilnehmer/starts.ts is part of the TypeScript compilation but it's unused.[39m[22m
[1m[33mAdd only entry points to the 'files' or 'include' properties in your tsconfig.[39m[22m
[1m[33m[39m[22m
[1m[33m[0m[33mWarning: [39m[33m[0m/home/heinz/Documents/Development/Anmeldetool/anmeldetool-web/src/main/web/src/app/verein/teilnehmer/teilnehmer-grid/anlass-header/anlass-header.component.ts is part of the TypeScript compilation but it's unused.[39m[22m
[1m[33mAdd only entry points to the 'files' or 'include' properties in your tsconfig.[39m[22m
[1m[33m[39m[22m
[1m[33m[0m[33mWarning: [39m[33m[0m/home/heinz/Documents/Development/Anmeldetool/anmeldetool-web/src/main/web/src/environments/environment.halle.ts is part of the TypeScript compilation but it's unused.[39m[22m
[1m[33mAdd only entry points to the 'files' or 'include' properties in your tsconfig.[39m[22m
[1m[33m[39m[22m
[1m[33m[0m[33mWarning: [39m[33m[0m/home/heinz/Documents/Development/Anmeldetool/anmeldetool-web/src/main/web/src/environments/environment.local.ts is part of the TypeScript compilation but it's unused.[39m[22m
[1m[33mAdd only entry points to the 'files' or 'include' properties in your tsconfig.[39m[22m
[1m[33m[39m[22m
[1m[33m[0m[33mWarning: [39m[33m[0m/home/heinz/Documents/Development/Anmeldetool/anmeldetool-web/src/main/web/src/environments/environment.prod.ts is part of the TypeScript compilation but it's unused.[39m[22m
[1m[33mAdd only entry points to th[39m[22m[1m[33me 'files' or 'include' properties in your tsconfig.[39m[22m
[1m[33m[39m[22m
[1m[33m[0m[33mWarning: [39m[33m[0m/home/heinz/Documents/Development/Anmeldetool/anmeldetool-web/src/main/web/src/material-module.ts is part of the TypeScript compilation but it's unused.[39m[22m
[1m[33mAdd only entry points to the 'files' or 'include' properties in your tsconfig.[39m[22m
[1m[33m[39m[22m
[1m[33m[39m[22m
[37m[39m
[37m** Angular Live Development Server is listening on localhost:4200, open your browser on http://localhost:4200/ztv-anmeldetool **[39m
[37m[39m
[37m[39m
[37m[92m‚úî[39m[37m Compiled successfully.[39m
[36m‚†ã[39m Generating browser application bundles...[2K[1G[36m‚†ô[39m Generating browser application bundles (phase: building)...[2K[1G[36m‚†π[39m Generating browser application bundles (phase: building)...[2K[1G[36m‚†∏[39m Generating browser application bundles (phase: building)...[2K[1G[36m‚†º[39m Generating browser application bundles (phase: building)...[2K[1G[36m‚†¥[39m Generating browser application bundles (phase: building)...[2K[1G[36m‚†¶[39m Generating browser application bundles (phase: building)...[2K[1G[36m‚†ß[39m Generating browser application bundles (phase: building)...[2K[1G[36m‚†á[39m Generating browser application bundles (phase: building)...[2K[1G[36m‚†è[39m Generating browser application bundles (phase: building)...[2K[1G[36m‚†ã[39m Generating browser application bundles (phase: building)...[2K[1G[36m‚†ô[39m Generating browser application bundles (phase: building)...[2K[1G[36m‚†π[39m Generating browser application bundles (phase: building)...[2K[1G[36m‚†∏[39m Generating browser application bundles (phase: building)...[2K[1G[36m‚†º[39m Generating browser application bundles (phase: building)...[2K[1G[36m‚†¥[39m Generating browser application bundles (phase: building)...[2K[1G[36m‚†¶[39m Generating browser application bundles (phase: building)...[2K[1G[36m‚†ß[39m Generating browser application bundles (phase: building)...[2K[1G[36m‚†á[39m Generating browser application bundles (phase: building)...[2K[1G[36m‚†è[39m Generating browser application bundles (phase: building)...[2K[1G[36m‚†ã[39m Generating browser application bundles (phase: building)...[2K[1G[36m‚†ô[39m Generating browser application bundles (phase: building)...[2K[1G[36m‚†π[39m Generating browser application bundles (phase: building)...[2K[1G[36m‚†∏[39m Generating browser application bundles (phase: building)...[2K[1G[36m‚†º[39m Generating browser application bundles (phase: building)...[2K[1G[36m‚†¥[39m Generating browser application bundles (phase: building)...[2K[1G[36m‚†¶[39m Generating browser application bundles (phase: building)...[2K[1G[36m‚†ß[39m Generating browser application bundles (phase: building)...[2K[1G[36m‚†á[39m Generating browser application bundles (phase: building)...[2K[1G[36m‚†è[39m Generating browser application bundles (phase: building)...[2K[1G[36m‚†ã[39m Generating browser application bundles (phase: building)...[2K[1G[36m‚†ô[39m Generating browser application bundles (phase: building)...[2K[1G[36m‚†π[39m Generating browser application bundles (phase: building)...[2K[1G[36m‚†∏[39m Generating browser application bundles (phase: building)...[2K[1G[36m‚†º[39m Generating browser application bundles (phase: building)...[2K[1G[36m‚†¥[39m Generating browser application bundles (phase: building)...[2K[1G[36m‚†¶[39m Generating browser application bundles (phase: building)...[2K[1G[36m‚†ß[39m Generating browser application bundles (phase: building)...[2K[1G[36m‚†á[39m Generating browser application bundles (phase: building)...[2K[1G[36m‚†è[39m Generating browser application bundles (phase: building)...[2K[1G[36m‚†ã[39m Generating browser application bundles (phase: building)...[2K[1G[36m‚†ô[39m Generating browser application bundles (phase: building)...[2K[1G[36m‚†π[39m Generating browser application bundles (phase: building)...[2K[1G[36m‚†∏[39m Generating browser application bundles (phase: building)...[2K[1G[36m‚†º[39m Generating browser application bundles (phase: building)...[2K[1G[36m‚†¥[39m Generating browser application bundles (phase: building)...[2K[1G[36m‚†¶[39m Generating browser application bundles (phase: building)...[2K[1G[36m‚†ß[39m Generating browser application bundles (phase: building)...[2K[1G[36m‚†á[39m Generating browser application bundles (phase: building)...[2K[1G[36m‚†è[39m Generating browser application bundles (phase: building)...[2K[1G[36m‚†ã[39m Generating browser application bundles (phase: building)...[2K[1G[36m‚†ô[39m Generating browser application bundles (phase: building)...[2K[1G[36m‚†π[39m Generating browser application bundles (phase: building)...[2K[1G[36m‚†∏[39m Generating browser application bundles (phase: building)...[2K[1G[36m‚†º[39m Generating browser application bundles (phase: building)...[2K[1G[36m‚†¥[39m Generating browser application bundles (phase: building)...[2K[1G[36m‚†¶[39m Generating browser application bundles (phase: building)...[2K[1G[36m‚†ß[39m Generating browser application bundles (phase: building)...[2K[1G[36m‚†á[39m Generating browser application bundles (phase: building)...[2K[1G[36m‚†è[39m Generating browser application bundles (phase: building)...[2K[1G[36m‚†ã[39m Generating browser application bundles (phase: building)...[2K[1G[36m‚†ô[39m Generating browser application bundles (phase: building)...[2K[1G[36m‚†π[39m Generating browser application bundles (phase: building)...[2K[1G[36m‚†∏[39m Generating browser application bundles (phase: building)...[2K[1G[36m‚†º[39m Generating browser application bundles (phase: building)...[2K[1G[36m‚†¥[39m Generating browser application bundles (phase: building)...[2K[1G[36m‚†¶[39m Generating browser application bundles (phase: building)...[2K[1G[36m‚†ß[39m Generating browser application bundles (phase: building)...[2K[1G[36m‚†á[39m Generating browser application bundles (phase: building)...[2K[1G[36m‚†è[39m Generating browser application bundles (phase: building)...[2K[1G[36m‚†ã[39m Generating browser application bundles (phase: building)...[2K[1G[36m‚†ô[39m Generating browser application bundles (phase: building)...[2K[1G[36m‚†π[39m Generating browser application bundles (phase: building)...[2K[1G[36m‚†∏[39m Generating browser application bundles (phase: building)...[2K[1G[36m‚†º[39m Generating browser application bundles (phase: building)...[2K[1G[36m‚†¥[39m Generating browser application bundles (phase: building)...[2K[1G[36m‚†¶[39m Generating browser application bundles (phase: building)...[2K[1G[36m‚†ß[39m Generating browser application bundles (phase: building)...[2K[1G[36m‚†á[39m Generating browser application bundles (phase: building)...[2K[1G[36m‚†è[39m Generating browser application bundles (phase: building)...[2K[1G[36m‚†ã[39m Generating browser application bundles (phase: building)...[2K[1G[36m‚†ô[39m Generating browser application bundles (phase: building)...[2K[1G[36m‚†π[39m Generating browser application bundles (phase: building)...[2K[1G[36m‚†∏[39m Generating browser application bundles (phase: sealing)...[2K[1G[36m‚†º[39m Generating browser application bundles (phase: sealing)...[2K[1G[32m‚úî[39m Browser application bundle generation complete.
[37m[39m
[37m[0m[1mInitial Chunk Files[22m                   [2m | [22m[1mNames[22m                   [2m | [22m[1mRaw Size[22m[0m[39m
[37m[0m[92mruntime.js[39m[37m                            [2m | [22mruntime                 [2m | [22m[96m12.96 kB[39m[37m[2m | [22m[0m[39m
[37m[0m[0m[39m
[37m[0m[1mLazy Chunk Files[22m                      [2m | [22m[1mNames[22m                   [2m | [22m[1mRaw Size[22m[0m[39m
[37m[0m[92msrc_app_verein_teilnehmer_module_ts.js[39m[37m[2m | [22mverein-teilnehmer-module[2m | [22m [96m2.77 MB[39m[37m[2m | [22m[0m[39m
[37m[0m[0m[39m
[37m[0m11 unchanged chunks[0m[39m
[37m[0m[0m[39m
[37m[0mBuild at: [1m[37m2024-07-08T12:00:51.955Z[39m[37m[22m - Hash: [1m[37mb5f6fe9e1d4ef47b[39m[37m[22m - Time: [1m[37m16636[39m[37m[22mms[0m[39m
[1m[31m[39m[22m
[1m[31m[0m[91mError: [39m[31m[0m[96msrc/app/verein/teilnehmer/teilnehmer-grid/teilnehmer-grid.ts[0m:[93m416[0m:[93m11[0m - [91merror[0m[90m TS2820: [0mType '"STARTET"' is not assignable to type 'MeldeStatusEnum'. Did you mean 'MeldeStatusEnum.STARTET'?[39m[22m
[1m[31m[39m[22m
[1m[31m[7m416[0m           tal.meldeStatus = "STARTET";[39m[22m
[1m[31m[7m   [0m [91m          ~~~~~~~~~~~~~~~[0m[39m[22m
[1m[31m[39m[22m
[1m[31m[39m[22m
[1m[31m[39m[22m
[37m[39m
[37m[91m‚úñ[39m[37m Failed to compile.[39m
[36m‚†ã[39m Generating browser application bundles...[2K[1G[36m‚†ô[39m Generating browser application bundles (phase: building)...[2K[1G[36m‚†π[39m Generating browser application bundles (phase: building)...[2K[1G[36m‚†∏[39m Generating browser application bundles (phase: building)...[2K[1G[36m‚†º[39m Generating browser application bundles (phase: building)...[2K[1G[36m‚†¥[39m Generating browser application bundles (phase: building)...[2K[1G[36m‚†¶[39m Generating browser application bundles (phase: building)...[2K[1G[36m‚†ß[39m Generating browser application bundles (phase: building)...[2K[1G[36m‚†á[39m Generating browser application bundles (phase: sealing)...[2K[1G[36m‚†è[39m Generating browser application bundles (phase: sealing)...[2K[1G[36m‚†ã[39m Generating browser application bundles (phase: emitting)...[2K[1G[36m‚†ô[39m Generating browser application bundles (phase: emitting)...[2K[1G[36m‚†π[39m Generating browser application bundles (phase: emitting)...[2K[1G[32m‚úî[39m Browser application bundle generation complete.
[37m[39m
[37m[0m[1mInitial Chunk Files[22m                   [2m | [22m[1mNames[22m                   [2m | [22m[1mRaw Size[22m[0m[39m
[37m[0m[92mruntime.js[39m[37m                            [2m | [22mruntime                 [2m | [22m[96m12.96 kB[39m[37m[2m | [22m[0m[39m
[37m[0m[0m[39m
[37m[0m[1mLazy Chunk Files[22m                      [2m | [22m[1mNames[22m                   [2m | [22m[1mRaw Size[22m[0m[39m
[37m[0m[92msrc_app_verein_teilnehmer_module_ts.js[39m[37m[2m | [22mverein-teilnehmer-module[2m | [22m [96m2.77 MB[39m[37m[2m | [22m[0m[39m
[37m[0m[0m[39m
[37m[0m11 unchanged chunks[0m[39m
[37m[0m[0m[39m
[37m[0mBuild at: [1m[37m2024-07-08T12:55:42.186Z[39m[37m[22m - Hash: [1m[37me4f782fec72442db[39m[37m[22m - Time: [1m[37m6471[39m[37m[22mms[0m[39m
[37m[39m
[37m[92m‚úî[39m[37m Compiled successfully.[39m
[36m‚†ã[39m Generating browser application bundles...[2K[1G[36m‚†ô[39m Generating browser application bundles (phase: building)...[2K[1G[36m‚†π[39m Generating browser application bundles (phase: building)...[2K[1G[36m‚†∏[39m Generating browser application bundles (phase: building)...[2K[1G[36m‚†º[39m Generating browser application bundles (phase: building)...[2K[1G[36m‚†¥[39m Generating browser application bundles (phase: building)...[2K[1G[36m‚†¶[39m Generating browser application bundles (phase: building)...[2K[1G[36m‚†ß[39m Generating browser application bundles (phase: building)...[2K[1G[36m‚†á[39m Generating browser application bundles (phase: building)...[2K[1G[36m‚†è[39m Generating browser application bundles (phase: sealing)...[2K[1G[36m‚†ã[39m Generating browser application bundles (phase: emitting)...[2K[1G[36m‚†ô[39m Generating browser application bundles (phase: emitting)...[2K[1G[36m‚†π[39m Generating browser application bundles (phase: emitting)...[2K[1G[32m‚úî[39m Browser application bundle generation complete.
[37m[39m
[37m[0m[1mInitial Chunk Files[22m                   [2m | [22m[1mNames[22m                   [2m | [22m[1mRaw Size[22m[0m[39m
[37m[0m[92mruntime.js[39m[37m                            [2m | [22mruntime                 [2m | [22m[96m12.96 kB[39m[37m[2m | [22m[0m[39m
[37m[0m[0m[39m
[37m[0m[1mLazy Chunk Files[22m                      [2m | [22m[1mNames[22m                   [2m | [22m[1mRaw Size[22m[0m[39m
[37m[0m[92msrc_app_verein_teilnehmer_module_ts.js[39m[37m[2m | [22mverein-teilnehmer-module[2m | [22m [96m2.78 MB[39m[37m[2m | [22m[0m[39m
[37m[0m[0m[39m
[37m[0m11 unchanged chunks[0m[39m
[37m[0m[0m[39m
[37m[0mBuild at: [1m[37m2024-07-08T13:05:25.643Z[39m[37m[22m - Hash: [1m[37mc044b75e0c3c5f11[39m[37m[22m - Time: [1m[37m6572[39m[37m[22mms[0m[39m
[37m[39m
[37m[92m‚úî[39m[37m Compiled successfully.[39m
[36m‚†ã[39m Generating browser application bundles...[2K[1G[36m‚†ô[39m Generating browser application bundles (phase: building)...[2K[1G[36m‚†π[39m Generating browser application bundles (phase: building)...[2K[1G[36m‚†∏[39m Generating browser application bundles (phase: building)...[2K[1G[36m‚†º[39m Generating browser application bundles (phase: building)...[2K[1G[36m‚†¥[39m Generating browser application bundles (phase: building)...[2K[1G[36m‚†¶[39m Generating browser application bundles (phase: building)...[2K[1G[36m‚†ß[39m Generating browser application bundles (phase: sealing)...[2K[1G[36m‚†á[39m Generating browser application bundles (phase: emitting)...[2K[1G[36m‚†è[39m Generating browser application bundles (phase: emitting)...[2K[1G[36m‚†ã[39m Generating browser application bundles (phase: emitting)...[2K[1G[32m‚úî[39m Browser application bundle generation complete.
[37m[39m
[37m[0m13 unchanged chunks[0m[39m
[37m[0m[0m[39m
[37m[0mBuild at: [1m[37m2024-07-08T13:39:11.834Z[39m[37m[22m - Hash: [1m[37mc044b75e0c3c5f11[39m[37m[22m - Time: [1m[37m3642[39m[37m[22mms[0m[39m
[37m[39m
[37m[92m‚úî[39m[37m Compiled successfully.[39m
[36m‚†ã[39m Generating browser application bundles...[2K[1G[36m‚†ô[39m Generating browser application bundles (phase: building)...[2K[1G[36m‚†π[39m Generating browser application bundles (phase: building)...[2K[1G[36m‚†∏[39m Generating browser application bundles (phase: building)...[2K[1G[36m‚†º[39m Generating browser application bundles (phase: building)...[2K[1G[36m‚†¥[39m Generating browser application bundles (phase: building)...[2K[1G[36m‚†¶[39m Generating browser application bundles (phase: building)...[2K[1G[36m‚†ß[39m Generating browser application bundles (phase: building)...[2K[1G[36m‚†á[39m Generating browser application bundles (phase: building)...[2K[1G[36m‚†è[39m Generating browser application bundles (phase: building)...[2K[1G[36m‚†ã[39m Generating browser application bundles (phase: building)...[2K[1G[36m‚†ô[39m Generating browser application bundles (phase: sealing)...[2K[1G[36m‚†π[39m Generating browser application bundles (phase: emitting)...[2K[1G[36m‚†∏[39m Generating browser application bundles (phase: emitting)...[2K[1G[36m‚†º[39m Generating browser application bundles (phase: emitting)...[2K[1G[32m‚úî[39m Browser application bundle generation complete.
[37m[39m
[37m[0m[1mInitial Chunk Files[22m                   [2m | [22m[1mNames[22m                   [2m | [22m[1mRaw Size[22m[0m[39m
[37m[0m[92mruntime.js[39m[37m                            [2m | [22mruntime                 [2m | [22m[96m12.96 kB[39m[37m[2m | [22m[0m[39m
[37m[0m[0m[39m
[37m[0m[1mLazy Chunk Files[22m                      [2m | [22m[1mNames[22m                   [2m | [22m[1mRaw Size[22m[0m[39m
[37m[0m[92msrc_app_verein_teilnehmer_module_ts.js[39m[37m[2m | [22mverein-teilnehmer-module[2m | [22m [96m2.77 MB[39m[37m[2m | [22m[0m[39m
[37m[0m[0m[39m
[37m[0m11 unchanged chunks[0m[39m
[37m[0m[0m[39m
[37m[0mBuild at: [1m[37m2024-07-08T13:39:52.007Z[39m[37m[22m - Hash: [1m[37mf3c09cacd968635b[39m[37m[22m - Time: [1m[37m5904[39m[37m[22mms[0m[39m
[37m[39m
[37m[92m‚úî[39m[37m Compiled successfully.[39m
[36m‚†ã[39m Generating browser application bundles...[2K[1G[36m‚†ô[39m Generating browser application bundles (phase: building)...[2K[1G[36m‚†π[39m Generating browser application bundles (phase: building)...[2K[1G[36m‚†∏[39m Generating browser application bundles (phase: building)...[2K[1G[36m‚†º[39m Generating browser application bundles (phase: building)...[2K[1G[36m‚†¥[39m Generating browser application bundles (phase: building)...[2K[1G[36m‚†¶[39m Generating browser application bundles (phase: building)...[2K[1G[36m‚†ß[39m Generating browser application bundles (phase: sealing)...[2K[1G[36m‚†á[39m Generating browser application bundles (phase: emitting)...[2K[1G[36m‚†è[39m Generating browser application bundles (phase: emitting)...[2K[1G[36m‚†ã[39m Generating browser application bundles (phase: emitting)...[2K[1G[32m‚úî[39m Browser application bundle generation complete.
[37m[39m
[37m[0m[1mInitial Chunk Files[22m                   [2m | [22m[1mNames[22m                   [2m | [22m[1mRaw Size[22m[0m[39m
[37m[0m[92mruntime.js[39m[37m                            [2m | [22mruntime                 [2m | [22m[96m12.96 kB[39m[37m[2m | [22m[0m[39m
[37m[0m[0m[39m
[37m[0m[1mLazy Chunk Files[22m                      [2m | [22m[1mNames[22m                   [2m | [22m[1mRaw Size[22m[0m[39m
[37m[0m[92msrc_app_verein_teilnehmer_module_ts.js[39m[37m[2m | [22mverein-teilnehmer-module[2m | [22m [96m2.77 MB[39m[37m[2m | [22m[0m[39m
[37m[0m[0m[39m
[37m[0m11 unchanged chunks[0m[39m
[37m[0m[0m[39m
[37m[0mBuild at: [1m[37m2024-07-08T13:49:37.367Z[39m[37m[22m - Hash: [1m[37ma6ba589935fc1769[39m[37m[22m - Time: [1m[37m6133[39m[37m[22mms[0m[39m
[37m[39m
[37m[92m‚úî[39m[37m Compiled successfully.[39m
[36m‚†ã[39m Generating browser application bundles...[2K[1G[36m‚†ô[39m Generating browser application bundles (phase: building)...[2K[1G[36m‚†π[39m Generating browser application bundles (phase: building)...[2K[1G[36m‚†∏[39m Generating browser application bundles (phase: building)...[2K[1G[36m‚†º[39m Generating browser application bundles (phase: sealing)...[2K[1G[36m‚†¥[39m Generating browser application bundles (phase: emitting)...[2K[1G[36m‚†¶[39m Generating browser application bundles (phase: emitting)...[2K[1G[36m‚†ß[39m Generating browser application bundles (phase: emitting)...[2K[1G[32m‚úî[39m Browser application bundle generation complete.
[37m[39m
[37m[0m[1mInitial Chunk Files[22m[2m | [22m[1mNames[22m  [2m | [22m[1mRaw Size[22m[0m[39m
[37m[0m[92mruntime.js[39m[37m         [2m | [22mruntime[2m | [22m[96m12.96 kB[39m[37m[2m | [22m[0m[39m
[37m[0m[0m[39m
[37m[0m12 unchanged chunks[0m[39m
[37m[0m[0m[39m
[37m[0mBuild at: [1m[37m2024-07-09T07:34:46.685Z[39m[37m[22m - Hash: [1m[37me3c387d59d891328[39m[37m[22m - Time: [1m[37m2593[39m[37m[22mms[0m[39m
[1m[33m[39m[22m
[1m[33m[0m[33mWarning: [39m[33m[0m/home/heinz/Documents/Development/Anmeldetool/anmeldetool-web/src/main/web/src/app/core/model/IOrganisationTeilnahmen.ts is part of the TypeScript compilation but it's unused.[39m[22m
[1m[33mAdd only entry points to the 'files' or 'include' properties in your tsconfig.[39m[22m
[1m[33m[39m[22m
[1m[33m[39m[22m
[37m[39m
[37m[92m‚úî[39m[37m Compiled successfully.[39m
[36m‚†ã[39m Generating browser application bundles...[2K[1G[36m‚†ô[39m Generating browser application bundles (phase: building)...[2K[1G[36m‚†π[39m Generating browser application bundles (phase: building)...[2K[1G[36m‚†∏[39m Generating browser application bundles (phase: building)...[2K[1G[36m‚†º[39m Generating browser application bundles (phase: building)...[2K[1G[36m‚†¥[39m Generating browser application bundles (phase: building)...[2K[1G[36m‚†¶[39m Generating browser application bundles (phase: sealing)...[2K[1G[36m‚†ß[39m Generating browser application bundles (phase: emitting)...[2K[1G[36m‚†á[39m Generating browser application bundles (phase: emitting)...[2K[1G[36m‚†è[39m Generating browser application bundles (phase: emitting)...[2K[1G[32m‚úî[39m Browser application bundle generation complete.
[37m[39m
[37m[0m[1mInitial Chunk Files[22m[2m | [22m[1mNames[22m  [2m | [22m[1mRaw Size[22m[0m[39m
[37m[0m[92mruntime.js[39m[37m         [2m | [22mruntime[2m | [22m[96m12.96 kB[39m[37m[2m | [22m[0m[39m
[37m[0m[0m[39m
[37m[0m12 unchanged chunks[0m[39m
[37m[0m[0m[39m
[37m[0mBuild at: [1m[37m2024-07-09T07:36:27.242Z[39m[37m[22m - Hash: [1m[37mbe9829dca94fda76[39m[37m[22m - Time: [1m[37m6118[39m[37m[22mms[0m[39m
[1m[33m[39m[22m
[1m[33m[0m[33mWarning: [39m[33m[0m/home/heinz/Documents/Development/Anmeldetool/anmeldetool-web/src/main/web/src/app/core/model/export interface IOrganisationTeilnahmenStatistik {.ts is part of the TypeScript compilation but it's unused.[39m[22m
[1m[33mAdd only entry points to the 'files' or 'include' properties in your tsconfig.[39m[22m
[1m[33m[39m[22m
[1m[33m[39m[22m
[37m[39m
[37m[92m‚úî[39m[37m Compiled successfully.[39m
[36m‚†ã[39m Generating browser application bundles...[2K[1G[36m‚†ô[39m Generating browser application bundles (phase: building)...[2K[1G[36m‚†π[39m Generating browser application bundles (phase: building)...[2K[1G[36m‚†∏[39m Generating browser application bundles (phase: building)...[2K[1G[36m‚†º[39m Generating browser application bundles (phase: building)...[2K[1G[36m‚†¥[39m Generating browser application bundles (phase: building)...[2K[1G[36m‚†¶[39m Generating browser application bundles (phase: building)...[2K[1G[36m‚†ß[39m Generating browser application bundles (phase: building)...[2K[1G[36m‚†á[39m Generating browser application bundles (phase: building)...[2K[1G[36m‚†è[39m Generating browser application bundles (phase: building)...[2K[1G[36m‚†ã[39m Generating browser application bundles (phase: sealing)...[2K[1G[36m‚†ô[39m Generating browser application bundles (phase: emitting)...[2K[1G[36m‚†π[39m Generating browser application bundles (phase: emitting)...[2K[1G[36m‚†∏[39m Generating browser application bundles (phase: emitting)...[2K[1G[32m‚úî[39m Browser application bundle generation complete.
[37m[39m
[37m[0m[1mInitial Chunk Files[22m[2m | [22m[1mNames[22m  [2m | [22m[1mRaw Size[22m[0m[39m
[37m[0m[92mruntime.js[39m[37m         [2m | [22mruntime[2m | [22m[96m12.96 kB[39m[37m[2m | [22m[0m[39m
[37m[0m[0m[39m
[37m[0m12 unchanged chunks[0m[39m
[37m[0m[0m[39m
[37m[0mBuild at: [1m[37m2024-07-09T07:36:52.256Z[39m[37m[22m - Hash: [1m[37ma6ba589935fc1769[39m[37m[22m - Time: [1m[37m3553[39m[37m[22mms[0m[39m
[37m[39m
[37m[92m‚úî[39m[37m Compiled successfully.[39m
[36m‚†ã[39m Generating browser application bundles...[2K[1G[36m‚†ô[39m Generating browser application bundles (phase: building)...[2K[1G[36m‚†π[39m Generating browser application bundles (phase: building)...[2K[1G[36m‚†∏[39m Generating browser application bundles (phase: building)...[2K[1G[36m‚†º[39m Generating browser application bundles (phase: building)...[2K[1G[36m‚†¥[39m Generating browser application bundles (phase: building)...[2K[1G[36m‚†¶[39m Generating browser application bundles (phase: building)...[2K[1G[36m‚†ß[39m Generating browser application bundles (phase: building)...[2K[1G[36m‚†á[39m Generating browser application bundles (phase: building)...[2K[1G[36m‚†è[39m Generating browser application bundles (phase: building)...[2K[1G[36m‚†ã[39m Generating browser application bundles (phase: building)...[2K[1G[36m‚†ô[39m Generating browser application bundles (phase: building)...[2K[1G[36m‚†π[39m Generating browser application bundles (phase: building)...[2K[1G[36m‚†∏[39m Generating browser application bundles (phase: building)...[2K[1G[36m‚†º[39m Generating browser application bundles (phase: building)...[2K[1G[36m‚†¥[39m Generating browser application bundles (phase: building)...[2K[1G[36m‚†¶[39m Generating browser application bundles (phase: building)...[2K[1G[36m‚†ß[39m Generating browser application bundles (phase: building)...[2K[1G[36m‚†á[39m Generating browser application bundles (phase: sealing)...[2K[1G[32m‚úî[39m Browser application bundle generation complete.
[37m[39m
[37m[0m[1mInitial Chunk Files[22m[2m | [22m[1mNames[22m  [2m | [22m [1mRaw Size[22m[0m[39m
[37m[0m[92mmain.js[39m[37m            [2m | [22mmain   [2m | [22m[96m480.42 kB[39m[37m[2m | [22m[0m[39m
[37m[0m[92mruntime.js[39m[37m         [2m | [22mruntime[2m | [22m [96m12.96 kB[39m[37m[2m | [22m[0m[39m
[37m[0m[0m[39m
[37m[0m11 unchanged chunks[0m[39m
[37m[0m[0m[39m
[37m[0mBuild at: [1m[37m2024-07-09T07:37:08.802Z[39m[37m[22m - Hash: [1m[37mbf217627e6f2c5c6[39m[37m[22m - Time: [1m[37m11734[39m[37m[22mms[0m[39m
[1m[33m[39m[22m
[1m[33m[0m[33mWarning: [39m[33m[0m/home/heinz/Documents/Development/Anmeldetool/anmeldetool-web/src/main/web/src/app/core/service/rangliste/ranglisten.service.ts depends on 'file-saver'. CommonJS or AMD dependencies can cause optimization bailouts.[39m[22m
[1m[33mFor more info see: https://angular.io/guide/build#configuring-commonjs-dependencies[39m[22m
[1m[33m[39m[22m
[1m[33m[39m[22m
[1m[31m[39m[22m
[1m[31m[0m[91mError: [39m[31m[0m[96msrc/app/core/service/anlass/anlass.service.ts[0m:[93m23[0m:[93m3[0m - [91merror[0m[90m TS2305: [0mModule '"../../model/export interface IOrganisationTeilnahmenStatistik {"' has no exported member 'IOrganisationTeilnahmen'.[39m[22m
[1m[31m[39m[22m
[1m[31m[7m23[0m   IOrganisationTeilnahmen,[39m[22m
[1m[31m[7m  [0m [91m  ~~~~~~~~~~~~~~~~~~~~~~~[0m[39m[22m
[1m[31m[39m[22m
[1m[31m[39m[22m
[1m[31m[39m[22m
[37m[39m
[37m[91m‚úñ[39m[37m Failed to compile.[39m
[36m‚†ã[39m Generating browser application bundles...[2K[1G[36m‚†ô[39m Generating browser application bundles (phase: building)...[2K[1G[36m‚†π[39m Generating browser application bundles (phase: building)...[2K[1G[36m‚†∏[39m Generating browser application bundles (phase: building)...[2K[1G[36m‚†º[39m Generating browser application bundles (phase: building)...[2K[1G[36m‚†¥[39m Generating browser application bundles (phase: building)...[2K[1G[36m‚†¶[39m Generating browser application bundles (phase: building)...[2K[1G[36m‚†ß[39m Generating browser application bundles (phase: building)...[2K[1G[36m‚†á[39m Generating browser application bundles (phase: sealing)...[2K[1G[36m‚†è[39m Generating browser application bundles (phase: emitting)...[2K[1G[36m‚†ã[39m Generating browser application bundles (phase: emitting)...[2K[1G[36m‚†ô[39m Generating browser application bundles (phase: emitting)...[2K[1G[32m‚úî[39m Browser application bundle generation complete.
[37m[39m
[37m[0m[1mInitial Chunk Files[22m[2m | [22m[1mNames[22m  [2m | [22m [1mRaw Size[22m[0m[39m
[37m[0m[92mmain.js[39m[37m            [2m | [22mmain   [2m | [22m[96m480.42 kB[39m[37m[2m | [22m[0m[39m
[37m[0m[92mruntime.js[39m[37m         [2m | [22mruntime[2m | [22m [96m12.96 kB[39m[37m[2m | [22m[0m[39m
[37m[0m[0m[39m
[37m[0m11 unchanged chunks[0m[39m
[37m[0m[0m[39m
[37m[0mBuild at: [1m[37m2024-07-09T07:37:26.186Z[39m[37m[22m - Hash: [1m[37md00fb73234ab4c05[39m[37m[22m - Time: [1m[37m4464[39m[37m[22mms[0m[39m
[37m[39m
[37m[92m‚úî[39m[37m Compiled successfully.[39m
[36m‚†ã[39m Generating browser application bundles...[2K[1G[36m‚†ô[39m Generating browser application bundles (phase: building)...[2K[1G[36m‚†π[39m Generating browser application bundles (phase: building)...[2K[1G[36m‚†∏[39m Generating browser application bundles (phase: building)...[2K[1G[36m‚†º[39m Generating browser application bundles (phase: building)...[2K[1G[36m‚†¥[39m Generating browser application bundles (phase: building)...[2K[1G[36m‚†¶[39m Generating browser application bundles (phase: building)...[2K[1G[36m‚†ß[39m Generating browser application bundles (phase: building)...[2K[1G[36m‚†á[39m Generating browser application bundles (phase: sealing)...[2K[1G[32m‚úî[39m Browser application bundle generation complete.
[37m[39m
[37m[0m[1mInitial Chunk Files[22m[2m | [22m[1mNames[22m  [2m | [22m [1mRaw Size[22m[0m[39m
[37m[0m[92mmain.js[39m[37m            [2m | [22mmain   [2m | [22m[96m480.42 kB[39m[37m[2m | [22m[0m[39m
[37m[0m[92mruntime.js[39m[37m         [2m | [22mruntime[2m | [22m [96m12.96 kB[39m[37m[2m | [22m[0m[39m
[37m[0m[0m[39m
[37m[0m11 unchanged chunks[0m[39m
[37m[0m[0m[39m
[37m[0mBuild at: [1m[37m2024-07-09T07:37:41.352Z[39m[37m[22m - Hash: [1m[37m2b9f93a049c0b255[39m[37m[22m - Time: [1m[37m7561[39m[37m[22mms[0m[39m
[1m[31m[39m[22m
[1m[31m[0m[91mError: [39m[31m[0m[96msrc/app/core/service/anlass/anlass.service.ts[0m:[93m22[0m:[93m50[0m - [91merror[0m[90m TS2307: [0mCannot find module '../../model/export interface IOrganisationTeilnahmenStatistik' or its corresponding type declarations.[39m[22m
[1m[31m[39m[22m
[1m[31m[7m22[0m import { IOrganisationTeilnahmenStatistik } from "../../model/export interface IOrganisationTeilnahmenStatistik";[39m[22m
[1m[31m[7m  [0m [91m                                                 ~~~~~~~~~~~~~~~~~~~~~~~~~~~~~~~~~~~~~~~~~~~~~~~~~~~~~~~~~~~~~~~[0m[39m[22m
[1m[31m[39m[22m
[1m[31m[39m[22m
[1m[31m[39m[22m
[37m[39m
[37m[91m‚úñ[39m[37m Failed to compile.[39m
[36m‚†ã[39m Generating browser application bundles...[2K[1G[36m‚†ô[39m Generating browser application bundles (phase: building)...[2K[1G[36m‚†π[39m Generating browser application bundles (phase: building)...[2K[1G[36m‚†∏[39m Generating browser application bundles (phase: building)...[2K[1G[36m‚†º[39m Generating browser application bundles (phase: building)...[2K[1G[36m‚†¥[39m Generating browser application bundles (phase: building)...[2K[1G[36m‚†¶[39m Generating browser application bundles (phase: sealing)...[2K[1G[32m‚úî[39m Browser application bundle generation complete.
[37m[39m
[37m[0m[1mInitial Chunk Files[22m[2m | [22m[1mNames[22m  [2m | [22m [1mRaw Size[22m[0m[39m
[37m[0m[92mmain.js[39m[37m            [2m | [22mmain   [2m | [22m[96m480.42 kB[39m[37m[2m | [22m[0m[39m
[37m[0m[92mruntime.js[39m[37m         [2m | [22mruntime[2m | [22m [96m12.96 kB[39m[37m[2m | [22m[0m[39m
[37m[0m[0m[39m
[37m[0m11 unchanged chunks[0m[39m
[37m[0m[0m[39m
[37m[0mBuild at: [1m[37m2024-07-09T07:37:48.381Z[39m[37m[22m - Hash: [1m[37m04a0735c76aaec2a[39m[37m[22m - Time: [1m[37m6352[39m[37m[22mms[0m[39m
[1m[31m[39m[22m
[1m[31m[0m[91mError: [39m[31m[0m[96msrc/app/core/service/anlass/anlass.service.ts[0m:[93m412[0m:[93m17[0m - [91merror[0m[90m TS2304: [0mCannot find name 'IOrganisationTeilnahmenStatistik'.[39m[22m
[1m[31m[39m[22m
[1m[31m[7m412[0m   ): Observable<IOrganisationTeilnahmenStatistik> {[39m[22m
[1m[31m[7m   [0m [91m                ~~~~~~~~~~~~~~~~~~~~~~~~~~~~~~~~[0m[39m[22m
[1m[31m[39m[22m
[1m[31m[39m[22m
[1m[31m[0m[91mError: [39m[31m[0m[96msrc/app/core/service/anlass/anlass.service.ts[0m:[93m416[0m:[93m12[0m - [91merror[0m[90m TS2304: [0mCannot find name 'IOrganisationTeilnahmenStatistik'.[39m[22m
[1m[31m[39m[22m
[1m[31m[7m416[0m       .get<IOrganisationTeilnahmenStatistik>(combinedUrl)[39m[22m
[1m[31m[7m   [0m [91m           ~~~~~~~~~~~~~~~~~~~~~~~~~~~~~~~~[0m[39m[22m
[1m[31m[39m[22m
[1m[31m[39m[22m
[1m[31m[0m[91mError: [39m[31m[0m[96msrc/app/core/service/anlass/anlass.service.ts[0m:[93m419[0m:[93m28[0m - [91merror[0m[90m TS2304: [0mCannot find name 'IOrganisationTeilnahmenStatistik'.[39m[22m
[1m[31m[39m[22m
[1m[31m[7m419[0m           this.handleError<IOrganisationTeilnahmenStatistik>([39m[22m
[1m[31m[7m   [0m [91m                           ~~~~~~~~~~~~~~~~~~~~~~~~~~~~~~~~[0m[39m[22m
[1m[31m[39m[22m
[1m[31m[39m[22m
[1m[31m[39m[22m
[37m[39m
[37m[91m‚úñ[39m[37m Failed to compile.[39m
[36m‚†ã[39m Generating browser application bundles...[2K[1G[36m‚†ô[39m Generating browser application bundles (phase: building)...[2K[1G[36m‚†π[39m Generating browser application bundles (phase: building)...[2K[1G[36m‚†∏[39m Generating browser application bundles (phase: building)...[2K[1G[36m‚†º[39m Generating browser application bundles (phase: building)...[2K[1G[36m‚†¥[39m Generating browser application bundles (phase: building)...[2K[1G[36m‚†¶[39m Generating browser application bundles (phase: building)...[2K[1G[36m‚†ß[39m Generating browser application bundles (phase: building)...[2K[1G[36m‚†á[39m Generating browser application bundles (phase: sealing)...[2K[1G[36m‚†è[39m Generating browser application bundles (phase: emitting)...[2K[1G[36m‚†ã[39m Generating browser application bundles (phase: emitting)...[2K[1G[36m‚†ô[39m Generating browser application bundles (phase: emitting)...[2K[1G[32m‚úî[39m Browser application bundle generation complete.
[37m[39m
[37m[0m[1mInitial Chunk Files[22m[2m | [22m[1mNames[22m  [2m | [22m [1mRaw Size[22m[0m[39m
[37m[0m[92mmain.js[39m[37m            [2m | [22mmain   [2m | [22m[96m480.42 kB[39m[37m[2m | [22m[0m[39m
[37m[0m[92mruntime.js[39m[37m         [2m | [22mruntime[2m | [22m [96m12.96 kB[39m[37m[2m | [22m[0m[39m
[37m[0m[0m[39m
[37m[0m11 unchanged chunks[0m[39m
[37m[0m[0m[39m
[37m[0mBuild at: [1m[37m2024-07-09T07:38:32.042Z[39m[37m[22m - Hash: [1m[37md00fb73234ab4c05[39m[37m[22m - Time: [1m[37m8081[39m[37m[22mms[0m[39m
[37m[39m
[37m[92m‚úî[39m[37m Compiled successfully.[39m
[36m‚†ã[39m Generating browser application bundles...[2K[1G[36m‚†ô[39m Generating browser application bundles (phase: building)...[2K[1G[36m‚†π[39m Generating browser application bundles (phase: building)...[2K[1G[36m‚†∏[39m Generating browser application bundles (phase: building)...[2K[1G[36m‚†º[39m Generating browser application bundles (phase: building)...[2K[1G[36m‚†¥[39m Generating browser application bundles (phase: building)...[2K[1G[36m‚†¶[39m Generating browser application bundles (phase: building)...[2K[1G[36m‚†ß[39m Generating browser application bundles (phase: building)...[2K[1G[36m‚†á[39m Generating browser application bundles (phase: building)...[2K[1G[36m‚†è[39m Generating browser application bundles (phase: building)...[2K[1G[36m‚†ã[39m Generating browser application bundles (phase: sealing)...[2K[1G[32m‚úî[39m Browser application bundle generation complete.
[37m[39m
[37m[0m[1mInitial Chunk Files[22m[2m | [22m[1mNames[22m  [2m | [22m[1mRaw Size[22m[0m[39m
[37m[0m[92mruntime.js[39m[37m         [2m | [22mruntime[2m | [22m[96m12.96 kB[39m[37m[2m | [22m[0m[39m
[37m[0m[0m[39m
[37m[0m12 unchanged chunks[0m[39m
[37m[0m[0m[39m
[37m[0mBuild at: [1m[37m2024-07-09T08:43:29.566Z[39m[37m[22m - Hash: [1m[37m4c16fd66e5821bc8[39m[37m[22m - Time: [1m[37m9018[39m[37m[22mms[0m[39m
[1m[31m[39m[22m
[1m[31m[0m[91mError: [39m[31m[0m[96msrc/app/core/redux/organisation-teilnahmen/ots.state.ts[0m:[93m4[0m:[93m40[0m - [91merror[0m[90m TS2304: [0mCannot find name 'IOrganisationTeilnahmenStatistik'.[39m[22m
[1m[31m[39m[22m
[1m[31m[7m4[0m export const oalAdapter: EntityAdapter<IOrganisationTeilnahmenStatistik> =[39m[22m
[1m[31m[7m [0m [91m                                       ~~~~~~~~~~~~~~~~~~~~~~~~~~~~~~~~[0m[39m[22m
[1m[31m[39m[22m
[1m[31m[39m[22m
[1m[31m[0m[91mError: [39m[31m[0m[96msrc/app/core/redux/organisation-teilnahmen/ots.state.ts[0m:[93m5[0m:[93m23[0m - [91merror[0m[90m TS2304: [0mCannot find name 'IOrganisationTeilnahmenStatistik'.[39m[22m
[1m[31m[39m[22m
[1m[31m[7m5[0m   createEntityAdapter<IOrganisationTeilnahmenStatistik>({[39m[22m
[1m[31m[7m [0m [91m                      ~~~~~~~~~~~~~~~~~~~~~~~~~~~~~~~~[0m[39m[22m
[1m[31m[39m[22m
[1m[31m[39m[22m
[1m[31m[0m[91mError: [39m[31m[0m[96msrc/app/core/redux/organisation-teilnahmen/ots.state.ts[0m:[93m10[0m:[93m6[0m - [91merror[0m[90m TS2304: [0mCannot find name 'IOrganisationTeilnahmenStatistik'.[39m[22m
[1m[31m[39m[22m
[1m[31m[7m10[0m   a: IOrganisationTeilnahmenStatistik,[39m[22m
[1m[31m[7m  [0m [91m     ~~~~~~~~~~~~~~~~~~~~~~~~~~~~~~~~[0m[39m[22m
[1m[31m[39m[22m
[1m[31m[39m[22m
[1m[31m[0m[91mError: [39m[31m[0m[96msrc/app/core/redux/organisation-teilnahmen/ots.state.ts[0m:[93m11[0m:[93m6[0m - [91merror[0m[90m TS2304: [0mCannot find name 'IOrganisationTeilnahmenStatistik'.[39m[22m
[1m[31m[39m[22m
[1m[31m[7m11[0m   b: IOrganisationTeilnahmenStatistik[39m[22m
[1m[31m[7m  [0m [91m     ~~~~~~~~~~~~~~~~~~~~~~~~~~~~~~~~[0m[39m[22m
[1m[31m[39m[22m
[1m[31m[39m[22m
[1m[31m[0m[91mError: [39m[31m[0m[96msrc/app/core/redux/organisation-teilnahmen/ots.state.ts[0m:[93m17[0m:[93m23[0m - [91merror[0m[90m TS2304: [0mCannot find name 'IOrganisationTeilnahmenStatistik'.[39m[22m
[1m[31m[39m[22m
[1m[31m[7m17[0m   extends EntityState<IOrganisationTeilnahmenStatistik> {}[39m[22m
[1m[31m[7m  [0m [91m                      ~~~~~~~~~~~~~~~~~~~~~~~~~~~~~~~~[0m[39m[22m
[1m[31m[39m[22m
[1m[31m[39m[22m
[1m[31m[39m[22m
[37m[39m
[37m[91m‚úñ[39m[37m Failed to compile.[39m
[36m‚†ã[39m Generating browser application bundles...[2K[1G[36m‚†ô[39m Generating browser application bundles (phase: building)...[2K[1G[36m‚†π[39m Generating browser application bundles (phase: building)...[2K[1G[36m‚†∏[39m Generating browser application bundles (phase: building)...[2K[1G[36m‚†º[39m Generating browser application bundles (phase: building)...[2K[1G[36m‚†¥[39m Generating browser application bundles (phase: building)...[2K[1G[36m‚†¶[39m Generating browser application bundles (phase: sealing)...[2K[1G[32m‚úî[39m Browser application bundle generation complete.
[37m[39m
[37m[0m[1mInitial Chunk Files[22m[2m | [22m[1mNames[22m  [2m | [22m[1mRaw Size[22m[0m[39m
[37m[0m[92mruntime.js[39m[37m         [2m | [22mruntime[2m | [22m[96m12.96 kB[39m[37m[2m | [22m[0m[39m
[37m[0m[0m[39m
[37m[0m12 unchanged chunks[0m[39m
[37m[0m[0m[39m
[37m[0mBuild at: [1m[37m2024-07-09T09:45:55.522Z[39m[37m[22m - Hash: [1m[37me15a64316c9004ca[39m[37m[22m - Time: [1m[37m4916[39m[37m[22mms[0m[39m
[1m[31m[39m[22m
[1m[31m[0m[91mError: [39m[31m[0m[96msrc/app/core/redux/organisation-teilnahmen/oal.reducer.ts[0m:[93m3[0m:[93m24[0m - [91merror[0m[90m TS2724: [0m'"./ots.state"' has no exported member named 'oalAdapter'. Did you mean 'otsAdapter'?[39m[22m
[1m[31m[39m[22m
[1m[31m[7m3[0m import { initialState, oalAdapter, OalState } from "./ots.state";[39m[22m
[1m[31m[7m [0m [91m                       ~~~~~~~~~~[0m[39m[22m
[1m[31m[39m[22m
[1m[31m  [96msrc/app/core/redux/organisation-teilnahmen/ots.state.ts[0m:[93m4[0m:[93m14[0m[39m[22m
[1m[31m    [7m4[0m export const otsAdapter: EntityAdapter<IOrganisationTeilnahmenStatistik> =[39m[22m
[1m[31m    [7m [0m [96m             ~~~~~~~~~~[0m[39m[22m
[1m[31m    'otsAdapter' is declared here.[39m[22m
[1m[31m[39m[22m
[1m[31m[39m[22m
[1m[31m[0m[91mError: [39m[31m[0m[96msrc/app/core/redux/organisation-teilnahmen/oal.reducer.ts[0m:[93m3[0m:[93m24[0m - [91merror[0m[90m TS2724: [0m'"./ots.state"' has no exported member named 'oalAdapter'. Did you mean 'otsAdapter'?[39m[22m
[1m[31m[39m[22m
[1m[31m[7m3[0m import { initialState, oalAdapter, OalState } from "./ots.state";[39m[22m
[1m[31m[7m [0m [91m                       ~~~~~~~~~~[0m[39m[22m
[1m[31m[39m[22m
[1m[31m  [96msrc/app/core/redux/organisation-teilnahmen/ots.state.ts[0m:[93m4[0m:[93m14[0m[39m[22m
[1m[31m    [7m4[0m export const otsAdapter: EntityAdapter<IOrganisationTeilnahmenStatistik> =[39m[22m
[1m[31m    [7m [0m [96m             ~~~~~~~~~~[0m[39m[22m
[1m[31m    'otsAdapter' is declared here.[39m[22m
[1m[31m[39m[22m
[1m[31m[39m[22m
[1m[31m[0m[91mError: [39m[31m[0m[96msrc/app/core/redux/organisation-teilnahmen/oal.reducer.ts[0m:[93m3[0m:[93m36[0m - [91merror[0m[90m TS2305: [0mModule '"./ots.state"' has no exported member 'OalState'.[39m[22m
[1m[31m[39m[22m
[1m[31m[7m3[0m import { initialState, oalAdapter, OalState } from "./ots.state";[39m[22m
[1m[31m[7m [0m [91m                                   ~~~~~~~~[0m[39m[22m
[1m[31m[39m[22m
[1m[31m[39m[22m
[1m[31m[0m[91mError: [39m[31m[0m[96msrc/app/core/redux/organisation-teilnahmen/oal.selectors.ts[0m:[93m2[0m:[93m10[0m - [91merror[0m[90m TS2305: [0mModule '"./ots.state"' has no exported member 'OalState'.[39m[22m
[1m[31m[39m[22m
[1m[31m[7m2[0m import { OalState } from "./ots.state";[39m[22m
[1m[31m[7m [0m [91m         ~~~~~~~~[0m[39m[22m
[1m[31m[39m[22m
[1m[31m[39m[22m
[1m[31m[0m[91mError: [39m[31m[0m[96msrc/app/core/redux/organisation-teilnahmen/oal.selectors.ts[0m[39m[22m[1m[31m:[93m21[0m:[93m26[0m - [91merror[0m[90m TS2339: [0mProperty 'filter' does not exist on type 'unknown'.[39m[22m
[1m[31m[39m[22m
[1m[31m[7m21[0m     const ret = oalState.filter([39m[22m
[1m[31m[7m  [0m [91m                         ~~~~~~[0m[39m[22m
[1m[31m[39m[22m
[1m[31m[39m[22m
[1m[31m[0m[91mError: [39m[31m[0m[96msrc/app/core/redux/organisation-teilnahmen/ots.state.ts[0m:[93m9[0m:[93m1[0m - [91merror[0m[90m TS1128: [0mDeclaration or statement expected.[39m[22m
[1m[31m[39m[22m
[1m[31m[7m9[0m export selectId: IdSelector[39m[22m
[1m[31m[7m [0m [91m~~~~~~[0m[39m[22m
[1m[31m[39m[22m
[1m[31m[39m[22m
[1m[31m[0m[91mError: [39m[31m[0m[96msrc/app/core/redux/organisation-teilnahmen/ots.state.ts[0m:[93m9[0m:[93m18[0m - [91merror[0m[90m TS2304: [0mCannot find name 'IdSelector'.[39m[22m
[1m[31m[39m[22m
[1m[31m[7m9[0m export selectId: IdSelector[39m[22m
[1m[31m[7m [0m [91m                 ~~~~~~~~~~[0m[39m[22m
[1m[31m[39m[22m
[1m[31m[39m[22m
[1m[31m[39m[22m
[37m[39m
[37m[91m‚úñ[39m[37m Failed to compile.[39m
[36m‚†ã[39m Generating browser application bundles...[2K[1G[36m‚†ô[39m Generating browser application bundles (phase: building)...[2K[1G[36m‚†π[39m Generating browser application bundles (phase: building)...[2K[1G[36m‚†∏[39m Generating browser application bundles (phase: building)...[2K[1G[36m‚†º[39m Generating browser application bundles (phase: building)...[2K[1G[36m‚†¥[39m Generating browser application bundles (phase: building)...[2K[1G[36m‚†¶[39m Generating browser application bundles (phase: building)...[2K[1G[36m‚†ß[39m Generating browser application bundles (phase: sealing)...[2K[1G[32m‚úî[39m Browser application bundle generation complete.
[37m[39m
[37m[0m13 unchanged chunks[0m[39m
[37m[0m[0m[39m
[37m[0mBuild at: [1m[37m2024-07-09T09:46:28.282Z[39m[37m[22m - Hash: [1m[37me15a64316c9004ca[39m[37m[22m - Time: [1m[37m7876[39m[37m[22mms[0m[39m
[1m[31m[39m[22m
[1m[31m[0m[91mError: [39m[31m[0m[96msrc/app/core/redux/organisation-teilnahmen/oal.reducer.ts[0m:[93m3[0m:[93m24[0m - [91merror[0m[90m TS2724: [0m'"./ots.state"' has no exported member named 'oalAdapter'. Did you mean 'otsAdapter'?[39m[22m
[1m[31m[39m[22m
[1m[31m[7m3[0m import { initialState, oalAdapter, OalState } from "./ots.state";[39m[22m
[1m[31m[7m [0m [91m                       ~~~~~~~~~~[0m[39m[22m
[1m[31m[39m[22m
[1m[31m  [96msrc/app/core/redux/organisation-teilnahmen/ots.state.ts[0m:[93m4[0m:[93m14[0m[39m[22m
[1m[31m    [7m4[0m export const otsAdapter: EntityAdapter<IOrganisationTeilnahmenStatistik> =[39m[22m
[1m[31m    [7m [0m [96m             ~~~~~~~~~~[0m[39m[22m
[1m[31m    'otsAdapter' is declared here.[39m[22m
[1m[31m[39m[22m
[1m[31m[39m[22m
[1m[31m[0m[91mError: [39m[31m[0m[96msrc/app/core/redux/organisation-teilnahmen/oal.reducer.ts[0m:[93m3[0m:[93m24[0m - [91merror[0m[90m TS2724: [0m'"./ots.state"' has no exported member named 'oalAdapter'. Did you mean 'otsAdapter'?[39m[22m
[1m[31m[39m[22m
[1m[31m[7m3[0m import { initialState, oalAdapter, OalState } from "./ots.state";[39m[22m
[1m[31m[7m [0m [91m                       ~~~~~~~~~~[0m[39m[22m
[1m[31m[39m[22m
[1m[31m  [96msrc/app/core/redux/organisation-teilnahmen/ots.state.ts[0m:[93m4[0m:[93m14[0m[39m[22m
[1m[31m    [7m4[0m export const otsAdapter: EntityAdapter<IOrganisationTeilnahmenStatistik> =[39m[22m
[1m[31m    [7m [0m [96m             ~~~~~~~~~~[0m[39m[22m
[1m[31m    'otsAdapter' is declared here.[39m[22m
[1m[31m[39m[22m
[1m[31m[39m[22m
[1m[31m[0m[91mError: [39m[31m[0m[96msrc/app/core/redux/organisation-teilnahmen/oal.reducer.ts[0m:[93m3[0m:[93m36[0m - [91merror[0m[90m TS2305: [0mModule '"./ots.state"' has no exported member 'OalState'.[39m[22m
[1m[31m[39m[22m
[1m[31m[7m3[0m import { initialState, oalAdapter, OalState } from "./ots.state";[39m[22m
[1m[31m[7m [0m [91m                                   ~~~~~~~~[0m[39m[22m
[1m[31m[39m[22m
[1m[31m[39m[22m
[1m[31m[0m[91mError: [39m[31m[0m[96msrc/app/core/redux/organisation-teilnahmen/oal.selectors.ts[0m:[93m2[0m:[93m10[0m - [91merror[0m[90m TS2305: [0mModule '"./ots.state"' has no exported member 'OalState'.[39m[22m
[1m[31m[39m[22m
[1m[31m[7m2[0m import { OalState } from "./ots.state";[39m[22m
[1m[31m[7m [0m [91m         ~~~~~~~~[0m[39m[22m
[1m[31m[39m[22m
[1m[31m[39m[22m
[1m[31m[0m[91mError: [39m[31m[0m[96msrc/app/core/redux/organisation-teilnahmen/oal.selectors.ts[0m[39m[22m[1m[31m:[93m21[0m:[93m26[0m - [91merror[0m[90m TS2339: [0mProperty 'filter' does not exist on type 'unknown'.[39m[22m
[1m[31m[39m[22m
[1m[31m[7m21[0m     const ret = oalState.filter([39m[22m
[1m[31m[7m  [0m [91m                         ~~~~~~[0m[39m[22m
[1m[31m[39m[22m
[1m[31m[39m[22m
[1m[31m[0m[91mError: [39m[31m[0m[96msrc/app/core/redux/organisation-teilnahmen/ots.state.ts[0m:[93m9[0m:[93m1[0m - [91merror[0m[90m TS1128: [0mDeclaration or statement expected.[39m[22m
[1m[31m[39m[22m
[1m[31m[7m9[0m export selectId: IdSelector[39m[22m
[1m[31m[7m [0m [91m~~~~~~[0m[39m[22m
[1m[31m[39m[22m
[1m[31m[39m[22m
[1m[31m[0m[91mError: [39m[31m[0m[96msrc/app/core/redux/organisation-teilnahmen/ots.state.ts[0m:[93m9[0m:[93m18[0m - [91merror[0m[90m TS2304: [0mCannot find name 'IdSelector'.[39m[22m
[1m[31m[39m[22m
[1m[31m[7m9[0m export selectId: IdSelector[39m[22m
[1m[31m[7m [0m [91m                 ~~~~~~~~~~[0m[39m[22m
[1m[31m[39m[22m
[1m[31m[39m[22m
[1m[31m[39m[22m
[37m[39m
[37m[91m‚úñ[39m[37m Failed to compile.[39m
[36m‚†ã[39m Generating browser application bundles...[2K[1G[36m‚†ô[39m Generating browser application bundles (phase: building)...[2K[1G[36m‚†π[39m Generating browser application bundles (phase: building)...[2K[1G[36m‚†∏[39m Generating browser application bundles (phase: building)...[2K[1G[36m‚†º[39m Generating browser application bundles (phase: building)...[2K[1G[36m‚†¥[39m Generating browser application bundles (phase: building)...[2K[1G[36m‚†¶[39m Generating browser application bundles (phase: building)...[2K[1G[36m‚†ß[39m Generating browser application bundles (phase: sealing)...[2K[1G[32m‚úî[39m Browser application bundle generation complete.
[37m[39m
[37m[0m[1mInitial Chunk Files[22m[2m | [22m[1mNames[22m  [2m | [22m[1mRaw Size[22m[0m[39m
[37m[0m[92mruntime.js[39m[37m         [2m | [22mruntime[2m | [22m[96m12.96 kB[39m[37m[2m | [22m[0m[39m
[37m[0m[0m[39m
[37m[0m12 unchanged chunks[0m[39m
[37m[0m[0m[39m
[37m[0mBuild at: [1m[37m2024-07-09T09:49:18.534Z[39m[37m[22m - Hash: [1m[37m9f37fea66b93c9a3[39m[37m[22m - Time: [1m[37m4082[39m[37m[22mms[0m[39m
[1m[31m[39m[22m
[1m[31m[0m[91mError: [39m[31m[0m[96msrc/app/core/redux/organisation-teilnahmen/oal.reducer.ts[0m:[93m3[0m:[93m24[0m - [91merror[0m[90m TS2724: [0m'"./ots.state"' has no exported member named 'oalAdapter'. Did you mean 'otsAdapter'?[39m[22m
[1m[31m[39m[22m
[1m[31m[7m3[0m import { initialState, oalAdapter, OalState } from "./ots.state";[39m[22m
[1m[31m[7m [0m [91m                       ~~~~~~~~~~[0m[39m[22m
[1m[31m[39m[22m
[1m[31m  [96msrc/app/core/redux/organisation-teilnahmen/ots.state.ts[0m:[93m4[0m:[93m14[0m[39m[22m
[1m[31m    [7m4[0m export const otsAdapter: EntityAdapter<IOrganisationTeilnahmenStatistik> =[39m[22m
[1m[31m    [7m [0m [96m             ~~~~~~~~~~[0m[39m[22m
[1m[31m    'otsAdapter' is declared here.[39m[22m
[1m[31m[39m[22m
[1m[31m[39m[22m
[1m[31m[0m[91mError: [39m[31m[0m[96msrc/app/core/redux/organisation-teilnahmen/oal.reducer.ts[0m:[93m3[0m:[93m24[0m - [91merror[0m[90m TS2724: [0m'"./ots.state"' has no exported member named 'oalAdapter'. Did you mean 'otsAdapter'?[39m[22m
[1m[31m[39m[22m
[1m[31m[7m3[0m import { initialState, oalAdapter, OalState } from "./ots.state";[39m[22m
[1m[31m[7m [0m [91m                       ~~~~~~~~~~[0m[39m[22m
[1m[31m[39m[22m
[1m[31m  [96msrc/app/core/redux/organisation-teilnahmen/ots.state.ts[0m:[93m4[0m:[93m14[0m[39m[22m
[1m[31m    [7m4[0m export const otsAdapter: EntityAdapter<IOrganisationTeilnahmenStatistik> =[39m[22m
[1m[31m    [7m [0m [96m             ~~~~~~~~~~[0m[39m[22m
[1m[31m    'otsAdapter' is declared here.[39m[22m
[1m[31m[39m[22m
[1m[31m[39m[22m
[1m[31m[0m[91mError: [39m[31m[0m[96msrc/app/core/redux/organisation-teilnahmen/oal.reducer.ts[0m:[93m3[0m:[93m36[0m - [91merror[0m[90m TS2305: [0mModule '"./ots.state"' has no exported member 'OalState'.[39m[22m
[1m[31m[39m[22m
[1m[31m[7m3[0m import { initialState, oalAdapter, OalState } from "./ots.state";[39m[22m
[1m[31m[7m [0m [91m                                   ~~~~~~~~[0m[39m[22m
[1m[31m[39m[22m
[1m[31m[39m[22m
[1m[31m[0m[91mError: [39m[31m[0m[96msrc/app/core/redux/organisation-teilnahmen/oal.selectors.ts[0m:[93m2[0m:[93m10[0m - [91merror[0m[90m TS2305: [0mModule '"./ots.state"' has no exported member 'OalState'.[39m[22m
[1m[31m[39m[22m
[1m[31m[7m2[0m import { OalState } from "./ots.state";[39m[22m
[1m[31m[7m [0m [91m         ~~~~~~~~[0m[39m[22m
[1m[31m[39m[22m
[1m[31m[39m[22m
[1m[31m[0m[91mError: [39m[31m[0m[96msrc/app/core/redux/organisation-teilnahmen/oal.selectors.ts[0m[39m[22m[1m[31m:[93m21[0m:[93m26[0m - [91merror[0m[90m TS2339: [0mProperty 'filter' does not exist on type 'unknown'.[39m[22m
[1m[31m[39m[22m
[1m[31m[7m21[0m     const ret = oalState.filter([39m[22m
[1m[31m[7m  [0m [91m                         ~~~~~~[0m[39m[22m
[1m[31m[39m[22m
[1m[31m[39m[22m
[1m[31m[0m[91mError: [39m[31m[0m[96msrc/app/core/redux/organisation-teilnahmen/ots.state.ts[0m:[93m13[0m:[93m12[0m - [91merror[0m[90m TS2339: [0mProperty 'id' does not exist on type 'IOrganisationTeilnahmenStatistik'.[39m[22m
[1m[31m[39m[22m
[1m[31m[7m13[0m   return a.id.localeCompare(b.id);[39m[22m
[1m[31m[7m  [0m [91m           ~~[0m[39m[22m
[1m[31m[39m[22m
[1m[31m[39m[22m
[1m[31m[0m[91mError: [39m[31m[0m[96msrc/app/core/redux/organisation-teilnahmen/ots.state.ts[0m:[93m13[0m:[93m31[0m - [91merror[0m[90m TS2339: [0mProperty 'id' does not exist on type 'IOrganisationTeilnahmenStatistik'.[39m[22m
[1m[31m[39m[22m
[1m[31m[7m13[0m   return a.id.localeCompare(b.id);[39m[22m
[1m[31m[7m  [0m [91m                              ~~[0m[39m[22m
[1m[31m[39m[22m
[1m[31m[39m[22m
[1m[31m[39m[22m
[37m[39m
[37m[91m‚úñ[39m[37m Failed to compile.[39m
[36m‚†ã[39m Generating browser application bundles...[2K[1G[36m‚†ô[39m Generating browser application bundles (phase: building)...[2K[1G[36m‚†π[39m Generating browser application bundles (phase: building)...[2K[1G[36m‚†∏[39m Generating browser application bundles (phase: building)...[2K[1G[36m‚†º[39m Generating browser application bundles (phase: building)...[2K[1G[36m‚†¥[39m Generating browser application bundles (phase: building)...[2K[1G[36m‚†¶[39m Generating browser application bundles (phase: building)...[2K[1G[36m‚†ß[39m Generating browser application bundles (phase: sealing)...[2K[1G[32m‚úî[39m Browser application bundle generation complete.
[37m[39m
[37m[0m[1mInitial Chunk Files[22m[2m | [22m[1mNames[22m  [2m | [22m[1mRaw Size[22m[0m[39m
[37m[0m[92mruntime.js[39m[37m         [2m | [22mruntime[2m | [22m[96m12.96 kB[39m[37m[2m | [22m[0m[39m
[37m[0m[0m[39m
[37m[0m12 unchanged chunks[0m[39m
[37m[0m[0m[39m
[37m[0mBuild at: [1m[37m2024-07-09T09:49:32.424Z[39m[37m[22m - Hash: [1m[37m4ba0a041379b4a88[39m[37m[22m - Time: [1m[37m7013[39m[37m[22mms[0m[39m
[1m[31m[39m[22m
[1m[31m[0m[91mError: [39m[31m[0m[96msrc/app/core/redux/organisation-teilnahmen/oal.reducer.ts[0m:[93m3[0m:[93m24[0m - [91merror[0m[90m TS2724: [0m'"./ots.state"' has no exported member named 'oalAdapter'. Did you mean 'otsAdapter'?[39m[22m
[1m[31m[39m[22m
[1m[31m[7m3[0m import { initialState, oalAdapter, OalState } from "./ots.state";[39m[22m
[1m[31m[7m [0m [91m                       ~~~~~~~~~~[0m[39m[22m
[1m[31m[39m[22m
[1m[31m  [96msrc/app/core/redux/organisation-teilnahmen/ots.state.ts[0m:[93m4[0m:[93m14[0m[39m[22m
[1m[31m    [7m4[0m export const otsAdapter: EntityAdapter<IOrganisationTeilnahmenStatistik> =[39m[22m
[1m[31m    [7m [0m [96m             ~~~~~~~~~~[0m[39m[22m
[1m[31m    'otsAdapter' is declared here.[39m[22m
[1m[31m[39m[22m
[1m[31m[39m[22m
[1m[31m[0m[91mError: [39m[31m[0m[96msrc/app/core/redux/organisation-teilnahmen/oal.reducer.ts[0m:[93m3[0m:[93m24[0m - [91merror[0m[90m TS2724: [0m'"./ots.state"' has no exported member named 'oalAdapter'. Did you mean 'otsAdapter'?[39m[22m
[1m[31m[39m[22m
[1m[31m[7m3[0m import { initialState, oalAdapter, OalState } from "./ots.state";[39m[22m
[1m[31m[7m [0m [91m                       ~~~~~~~~~~[0m[39m[22m
[1m[31m[39m[22m
[1m[31m  [96msrc/app/core/redux/organisation-teilnahmen/ots.state.ts[0m:[93m4[0m:[93m14[0m[39m[22m
[1m[31m    [7m4[0m export const otsAdapter: EntityAdapter<IOrganisationTeilnahmenStatistik> =[39m[22m
[1m[31m    [7m [0m [96m             ~~~~~~~~~~[0m[39m[22m
[1m[31m    'otsAdapter' is declared here.[39m[22m
[1m[31m[39m[22m
[1m[31m[39m[22m
[1m[31m[0m[91mError: [39m[31m[0m[96msrc/app/core/redux/organisation-teilnahmen/oal.reducer.ts[0m:[93m3[0m:[93m36[0m - [91merror[0m[90m TS2305: [0mModule '"./ots.state"' has no exported member 'OalState'.[39m[22m
[1m[31m[39m[22m
[1m[31m[7m3[0m import { initialState, oalAdapter, OalState } from "./ots.state";[39m[22m
[1m[31m[7m [0m [91m                                   ~~~~~~~~[0m[39m[22m
[1m[31m[39m[22m
[1m[31m[39m[22m
[1m[31m[0m[91mError: [39m[31m[0m[96msrc/app/core/redux/organisation-teilnahmen/oal.selectors.ts[0m:[93m2[0m:[93m10[0m - [91merror[0m[90m TS2305: [0mModule '"./ots.state"' has no exported member 'OalState'.[39m[22m
[1m[31m[39m[22m
[1m[31m[7m2[0m import { OalState } from "./ots.state";[39m[22m
[1m[31m[7m [0m [91m         ~~~~~~~~[0m[39m[22m
[1m[31m[39m[22m
[1m[31m[39m[22m
[1m[31m[0m[91mError: [39m[31m[0m[96msrc/app/core/redux/organisation-teilnahmen/oal.selectors.ts[0m[39m[22m[1m[31m:[93m21[0m:[93m26[0m - [91merror[0m[90m TS2339: [0mProperty 'filter' does not exist on type 'unknown'.[39m[22m
[1m[31m[39m[22m
[1m[31m[7m21[0m     const ret = oalState.filter([39m[22m
[1m[31m[7m  [0m [91m                         ~~~~~~[0m[39m[22m
[1m[31m[39m[22m
[1m[31m[39m[22m
[1m[31m[39m[22m
[37m[39m
[37m[91m‚úñ[39m[37m Failed to compile.[39m
[36m‚†ã[39m Generating browser application bundles...[2K[1G[36m‚†ô[39m Generating browser application bundles (phase: building)...[2K[1G[36m‚†π[39m Generating browser application bundles (phase: building)...[2K[1G[36m‚†∏[39m Generating browser application bundles (phase: building)...[2K[1G[36m‚†º[39m Generating browser application bundles (phase: sealing)...[2K[1G[32m‚úî[39m Browser application bundle generation complete.
[37m[39m
[37m[0m[1mInitial Chunk Files[22m[2m | [22m[1mNames[22m  [2m | [22m[1mRaw Size[22m[0m[39m
[37m[0m[92mruntime.js[39m[37m         [2m | [22mruntime[2m | [22m[96m12.96 kB[39m[37m[2m | [22m[0m[39m
[37m[0m[0m[39m
[37m[0m12 unchanged chunks[0m[39m
[37m[0m[0m[39m
[37m[0mBuild at: [1m[37m2024-07-09T09:49:49.432Z[39m[37m[22m - Hash: [1m[37m8d4af9d730ac0666[39m[37m[22m - Time: [1m[37m5691[39m[37m[22mms[0m[39m
[1m[31m[39m[22m
[1m[31m[0m[91mError: [39m[31m[0m[96msrc/app/core/redux/organisation-teilnahmen/index.ts[0m:[93m5[0m:[93m15[0m - [91merror[0m[90m TS2307: [0mCannot find module './oal.selectors' or its corresponding type declarations.[39m[22m
[1m[31m[39m[22m
[1m[31m[7m5[0m export * from "./oal.selectors";[39m[22m
[1m[31m[7m [0m [91m              ~~~~~~~~~~~~~~~~~[0m[39m[22m
[1m[31m[39m[22m
[1m[31m[39m[22m
[1m[31m[0m[91mError: [39m[31m[0m[96msrc/app/core/redux/organisation-teilnahmen/oal.reducer.ts[0m:[93m3[0m:[93m24[0m - [91merror[0m[90m TS2724: [0m'"./ots.state"' has no exported member named 'oalAdapter'. Did you mean 'otsAdapter'?[39m[22m
[1m[31m[39m[22m
[1m[31m[7m3[0m import { initialState, oalAdapter, OalState } from "./ots.state";[39m[22m
[1m[31m[7m [0m [91m                       ~~~~~~~~~~[0m[39m[22m
[1m[31m[39m[22m
[1m[31m  [96msrc/app/core/redux/organisation-teilnahmen/ots.state.ts[0m:[93m4[0m:[93m14[0m[39m[22m
[1m[31m    [7m4[0m export const otsAdapter: EntityAdapter<IOrganisationTeilnahmenStatistik> =[39m[22m
[1m[31m    [7m [0m [96m             ~~~~~~~~~~[0m[39m[22m
[1m[31m    'otsAdapter' is declared here.[39m[22m
[1m[31m[39m[22m
[1m[31m[39m[22m
[1m[31m[0m[91mError: [39m[31m[0m[96msrc/app/core/redux/organisation-teilnahmen/oal.reducer.ts[0m:[93m3[0m:[93m24[0m - [91merror[0m[90m TS2724: [0m'"./ots.state"' has no exported member named 'oalAdapter'. Did you mean 'otsAdapter'?[39m[22m
[1m[31m[39m[22m
[1m[31m[7m3[0m import { initialState, oalAdapter, OalState } from "./ots.state";[39m[22m
[1m[31m[7m [0m [91m                       ~~~~~~~~~~[0m[39m[22m
[1m[31m[39m[22m
[1m[31m  [96msrc/app/core/redux/organisation-teilnahmen/ots.state.ts[0m:[93m4[0m:[93m14[0m[39m[22m
[1m[31m    [7m4[0m export const otsAdapter: EntityAdapter<IOrganisationTeilnahmenStatistik> =[39m[22m
[1m[31m    [7m [0m [96m             ~~~~~~~~~~[0m[39m[22m
[1m[31m    'otsAdapter' is declared here.[39m[22m
[1m[31m[39m[22m
[1m[31m[39m[22m
[1m[31m[0m[91mError: [39m[31m[0m[96msrc/app/core/redux/organisation-teilnahmen/oal.reducer.ts[0m:[93m3[0m:[93m36[0m - [91merror[0m[90m TS2305: [0mModule '"./ots.state"' has no exported member 'OalState'.[39m[22m
[1m[31m[39m[22m
[1m[31m[7m3[0m import { initialState, oalAdapter, OalState } from "./ots.state";[39m[22m
[1m[31m[7m [0m [91m                                   ~~~~~~~~[0m[39m[22m
[1m[31m[39m[22m
[1m[31m[39m[22m
[1m[31m[0m[91mError: [39m[31m[0m[96msrc/app/core/redux/organisation-teilnahmen/ot[39m[22m[1m[31ms.selectors.ts[0m:[93m2[0m:[93m10[0m - [91merror[0m[90m TS2305: [0mModule '"./ots.state"' has no exported member 'OalState'.[39m[22m
[1m[31m[39m[22m
[1m[31m[7m2[0m import { OalState } from "./ots.state";[39m[22m
[1m[31m[7m [0m [91m         ~~~~~~~~[0m[39m[22m
[1m[31m[39m[22m
[1m[31m[39m[22m
[1m[31m[0m[91mError: [39m[31m[0m[96msrc/app/core/redux/organisation-teilnahmen/ots.selectors.ts[0m:[93m21[0m:[93m26[0m - [91merror[0m[90m TS2339: [0mProperty 'filter' does not exist on type 'unknown'.[39m[22m
[1m[31m[39m[22m
[1m[31m[7m21[0m     const ret = oalState.filter([39m[22m
[1m[31m[7m  [0m [91m                         ~~~~~~[0m[39m[22m
[1m[31m[39m[22m
[1m[31m[39m[22m
[1m[31m[39m[22m
[37m[39m
[37m[91m‚úñ[39m[37m Failed to compile.[39m
[36m‚†ã[39m Generating browser application bundles...[2K[1G[36m‚†ô[39m Generating browser application bundles (phase: building)...[2K[1G[36m‚†π[39m Generating browser application bundles (phase: building)...[2K[1G[36m‚†∏[39m Generating browser application bundles (phase: building)...[2K[1G[36m‚†º[39m Generating browser application bundles (phase: building)...[2K[1G[36m‚†¥[39m Generating browser application bundles (phase: building)...[2K[1G[36m‚†¶[39m Generating browser application bundles (phase: sealing)...[2K[1G[32m‚úî[39m Browser application bundle generation complete.
[37m[39m
[37m[0m[1mInitial Chunk Files[22m[2m | [22m[1mNames[22m  [2m | [22m[1mRaw Size[22m[0m[39m
[37m[0m[92mruntime.js[39m[37m         [2m | [22mruntime[2m | [22m[96m12.96 kB[39m[37m[2m | [22m[0m[39m
[37m[0m[0m[39m
[37m[0m12 unchanged chunks[0m[39m
[37m[0m[0m[39m
[37m[0mBuild at: [1m[37m2024-07-09T09:49:54.938Z[39m[37m[22m - Hash: [1m[37m744e9ed62e3ee6e1[39m[37m[22m - Time: [1m[37m2830[39m[37m[22mms[0m[39m
[1m[31m[39m[22m
[1m[31m[0m[91mError: [39m[31m[0m[96msrc/app/core/redux/organisation-teilnahmen/index.ts[0m:[93m5[0m:[93m15[0m - [91merror[0m[90m TS2307: [0mCannot find module './oal.selectors' or its corresponding type declarations.[39m[22m
[1m[31m[39m[22m
[1m[31m[7m5[0m export * from "./oal.selectors";[39m[22m
[1m[31m[7m [0m [91m              ~~~~~~~~~~~~~~~~~[0m[39m[22m
[1m[31m[39m[22m
[1m[31m[39m[22m
[1m[31m[0m[91mError: [39m[31m[0m[96msrc/app/core/redux/organisation-teilnahmen/oal.reducer.ts[0m:[93m3[0m:[93m24[0m - [91merror[0m[90m TS2724: [0m'"./ots.state"' has no exported member named 'oalAdapter'. Did you mean 'otsAdapter'?[39m[22m
[1m[31m[39m[22m
[1m[31m[7m3[0m import { initialState, oalAdapter, OalState } from "./ots.state";[39m[22m
[1m[31m[7m [0m [91m                       ~~~~~~~~~~[0m[39m[22m
[1m[31m[39m[22m
[1m[31m  [96msrc/app/core/redux/organisation-teilnahmen/ots.state.ts[0m:[93m4[0m:[93m14[0m[39m[22m
[1m[31m    [7m4[0m export const otsAdapter: EntityAdapter<IOrganisationTeilnahmenStatistik> =[39m[22m
[1m[31m    [7m [0m [96m             ~~~~~~~~~~[0m[39m[22m
[1m[31m    'otsAdapter' is declared here.[39m[22m
[1m[31m[39m[22m
[1m[31m[39m[22m
[1m[31m[0m[91mError: [39m[31m[0m[96msrc/app/core/redux/organisation-teilnahmen/oal.reducer.ts[0m:[93m3[0m:[93m24[0m - [91merror[0m[90m TS2724: [0m'"./ots.state"' has no exported member named 'oalAdapter'. Did you mean 'otsAdapter'?[39m[22m
[1m[31m[39m[22m
[1m[31m[7m3[0m import { initialState, oalAdapter, OalState } from "./ots.state";[39m[22m
[1m[31m[7m [0m [91m                       ~~~~~~~~~~[0m[39m[22m
[1m[31m[39m[22m
[1m[31m  [96msrc/app/core/redux/organisation-teilnahmen/ots.state.ts[0m:[93m4[0m:[93m14[0m[39m[22m
[1m[31m    [7m4[0m export const otsAdapter: EntityAdapter<IOrganisationTeilnahmenStatistik> =[39m[22m
[1m[31m    [7m [0m [96m             ~~~~~~~~~~[0m[39m[22m
[1m[31m    'otsAdapter' is declared here.[39m[22m
[1m[31m[39m[22m
[1m[31m[39m[22m
[1m[31m[0m[91mError: [39m[31m[0m[96msrc/app/core/redux/organisation-teilnahmen/oal.reducer.ts[0m:[93m3[0m:[93m36[0m - [91merror[0m[90m TS2305: [0mModule '"./ots.state"' has no exported member 'OalState'.[39m[22m
[1m[31m[39m[22m
[1m[31m[7m3[0m import { initialState, oalAdapter, OalState } from "./ots.state";[39m[22m
[1m[31m[7m [0m [91m                                   ~~~~~~~~[0m[39m[22m
[1m[31m[39m[22m
[1m[31m[39m[22m
[1m[31m[0m[91mError: [39m[31m[0m[96msrc/app/core/redux/organisation-teilnahmen/ot[39m[22m[1m[31ms.selectors.ts[0m:[93m4[0m:[93m63[0m - [91merror[0m[90m TS2304: [0mCannot find name 'otsFeature'.[39m[22m
[1m[31m[39m[22m
[1m[31m[7m4[0m export const selectOtsState = createFeatureSelector<OtsState>(otsFeature.name);[39m[22m
[1m[31m[7m [0m [91m                                                              ~~~~~~~~~~[0m[39m[22m
[1m[31m[39m[22m
[1m[31m[39m[22m
[1m[31m[0m[91mError: [39m[31m[0m[96msrc/app/core/redux/organisation-teilnahmen/ots.selectors.ts[0m:[93m6[0m:[93m60[0m - [91merror[0m[90m TS2304: [0mCannot find name 'fromOts'.[39m[22m
[1m[31m[39m[22m
[1m[31m[7m6[0m export const selectAllOts = createSelector(selectOtsState, fromOts.selectAll);[39m[22m
[1m[31m[7m [0m [91m                                                           ~~~~~~~[0m[39m[22m
[1m[31m[39m[22m
[1m[31m[39m[22m
[1m[31m[0m[91mError: [39m[31m[0m[96msrc/app/core/redux/organisation-teilnahmen/ots.selectors.ts[0m:[93m16[0m:[93m26[0m - [91merror[0m[90m TS2339: [0mProperty 'filter' does not exist on type 'unknown'.[39m[22m
[1m[31m[39m[22m
[1m[31m[7m16[0m     const ret = otsState.filter([39m[22m
[1m[31m[7m  [0m [91m                         ~~~~~~[0m[39m[22m
[1m[31m[39m[22m
[1m[31m[39m[22m
[1m[31m[39m[22m
[37m[39m
[37m[91m‚úñ[39m[37m Failed to compile.[39m
[36m‚†ã[39m Generating browser application bundles...[2K[1G[36m‚†ô[39m Generating browser application bundles (phase: building)...[2K[1G[36m‚†π[39m Generating browser application bundles (phase: building)...[2K[1G[36m‚†∏[39m Generating browser application bundles (phase: building)...[2K[1G[36m‚†º[39m Generating browser application bundles (phase: building)...[2K[1G[36m‚†¥[39m Generating browser application bundles (phase: sealing)...[2K[1G[32m‚úî[39m Browser application bundle generation complete.
[37m[39m
[37m[0m[1mInitial Chunk Files[22m[2m | [22m[1mNames[22m  [2m | [22m[1mRaw Size[22m[0m[39m
[37m[0m[92mruntime.js[39m[37m         [2m | [22mruntime[2m | [22m[96m12.96 kB[39m[37m[2m | [22m[0m[39m
[37m[0m[0m[39m
[37m[0m12 unchanged chunks[0m[39m
[37m[0m[0m[39m
[37m[0mBuild at: [1m[37m2024-07-09T09:56:37.717Z[39m[37m[22m - Hash: [1m[37m1f1a8b6a99ec422b[39m[37m[22m - Time: [1m[37m6944[39m[37m[22mms[0m[39m
[1m[31m[39m[22m
[1m[31m[0m[91mError: [39m[31m[0m[96msrc/app/core/redux/organisation-teilnahmen/index.ts[0m:[93m5[0m:[93m15[0m - [91merror[0m[90m TS2307: [0mCannot find module './oal.selectors' or its corresponding type declarations.[39m[22m
[1m[31m[39m[22m
[1m[31m[7m5[0m export * from "./oal.selectors";[39m[22m
[1m[31m[7m [0m [91m              ~~~~~~~~~~~~~~~~~[0m[39m[22m
[1m[31m[39m[22m
[1m[31m[39m[22m
[1m[31m[0m[91mError: [39m[31m[0m[96msrc/app/core/redux/organisation-teilnahmen/ots.reducer.ts[0m:[93m3[0m:[93m24[0m - [91merror[0m[90m TS2724: [0m'"./ots.state"' has no exported member named 'oalAdapter'. Did you mean 'otsAdapter'?[39m[22m
[1m[31m[39m[22m
[1m[31m[7m3[0m import { initialState, oalAdapter, OalState } from "./ots.state";[39m[22m
[1m[31m[7m [0m [91m                       ~~~~~~~~~~[0m[39m[22m
[1m[31m[39m[22m
[1m[31m  [96msrc/app/core/redux/organisation-teilnahmen/ots.state.ts[0m:[93m4[0m:[93m14[0m[39m[22m
[1m[31m    [7m4[0m export const otsAdapter: EntityAdapter<IOrganisationTeilnahmenStatistik> =[39m[22m
[1m[31m    [7m [0m [96m             ~~~~~~~~~~[0m[39m[22m
[1m[31m    'otsAdapter' is declared here.[39m[22m
[1m[31m[39m[22m
[1m[31m[39m[22m
[1m[31m[0m[91mError: [39m[31m[0m[96msrc/app/core/redux/organisation-teilnahmen/ots.reducer.ts[0m:[93m3[0m:[93m24[0m - [91merror[0m[90m TS2724: [0m'"./ots.state"' has no exported member named 'oalAdapter'. Did you mean 'otsAdapter'?[39m[22m
[1m[31m[39m[22m
[1m[31m[7m3[0m import { initialState, oalAdapter, OalState } from "./ots.state";[39m[22m
[1m[31m[7m [0m [91m                       ~~~~~~~~~~[0m[39m[22m
[1m[31m[39m[22m
[1m[31m  [96msrc/app/core/redux/organisation-teilnahmen/ots.state.ts[0m:[93m4[0m:[93m14[0m[39m[22m
[1m[31m    [7m4[0m export const otsAdapter: EntityAdapter<IOrganisationTeilnahmenStatistik> =[39m[22m
[1m[31m    [7m [0m [96m             ~~~~~~~~~~[0m[39m[22m
[1m[31m    'otsAdapter' is declared here.[39m[22m
[1m[31m[39m[22m
[1m[31m[39m[22m
[1m[31m[0m[91mError: [39m[31m[0m[96msrc/app/core/redux/organisation-teilnahmen/ots.reducer.ts[0m:[93m3[0m:[93m36[0m - [91merror[0m[90m TS2305: [0mModule '"./ots.state"' has no exported member 'OalState'.[39m[22m
[1m[31m[39m[22m
[1m[31m[7m3[0m import { initialState, oalAdapter, OalState } from "./ots.state";[39m[22m
[1m[31m[7m [0m [91m                                   ~~~~~~~~[0m[39m[22m
[1m[31m[39m[22m
[1m[31m[39m[22m
[1m[31m[0m[91mError: [39m[31m[0m[96msrc/app/core/redux/organisation-teilnahmen/ot[39m[22m[1m[31ms.selectors.ts[0m:[93m4[0m:[93m63[0m - [91merror[0m[90m TS2304: [0mCannot find name 'otsFeature'.[39m[22m
[1m[31m[39m[22m
[1m[31m[7m4[0m export const selectOtsState = createFeatureSelector<OtsState>(otsFeature.name);[39m[22m
[1m[31m[7m [0m [91m                                                              ~~~~~~~~~~[0m[39m[22m
[1m[31m[39m[22m
[1m[31m[39m[22m
[1m[31m[0m[91mError: [39m[31m[0m[96msrc/app/core/redux/organisation-teilnahmen/ots.selectors.ts[0m:[93m6[0m:[93m60[0m - [91merror[0m[90m TS2304: [0mCannot find name 'fromOts'.[39m[22m
[1m[31m[39m[22m
[1m[31m[7m6[0m export const selectAllOts = createSelector(selectOtsState, fromOts.selectAll);[39m[22m
[1m[31m[7m [0m [91m                                                           ~~~~~~~[0m[39m[22m
[1m[31m[39m[22m
[1m[31m[39m[22m
[1m[31m[0m[91mError: [39m[31m[0m[96msrc/app/core/redux/organisation-teilnahmen/ots.selectors.ts[0m:[93m16[0m:[93m26[0m - [91merror[0m[90m TS2339: [0mProperty 'filter' does not exist on type 'unknown'.[39m[22m
[1m[31m[39m[22m
[1m[31m[7m16[0m     const ret = otsState.filter([39m[22m
[1m[31m[7m  [0m [91m                         ~~~~~~[0m[39m[22m
[1m[31m[39m[22m
[1m[31m[39m[22m
[1m[31m[39m[22m
[37m[39m
[37m[91m‚úñ[39m[37m Failed to compile.[39m
[36m‚†ã[39m Generating browser application bundles...[2K[1G[36m‚†ô[39m Generating browser application bundles (phase: building)...[2K[1G[36m‚†π[39m Generating browser application bundles (phase: building)...[2K[1G[36m‚†∏[39m Generating browser application bundles (phase: building)...[2K[1G[36m‚†º[39m Generating browser application bundles (phase: building)...[2K[1G[36m‚†¥[39m Generating browser application bundles (phase: building)...[2K[1G[36m‚†¶[39m Generating browser application bundles (phase: building)...[2K[1G[36m‚†ß[39m Generating browser application bundles (phase: sealing)...[2K[1G[32m‚úî[39m Browser application bundle generation complete.
[37m[39m
[37m[0m[1mInitial Chunk Files[22m[2m | [22m[1mNames[22m  [2m | [22m[1mRaw Size[22m[0m[39m
[37m[0m[92mruntime.js[39m[37m         [2m | [22mruntime[2m | [22m[96m12.96 kB[39m[37m[2m | [22m[0m[39m
[37m[0m[0m[39m
[37m[0m12 unchanged chunks[0m[39m
[37m[0m[0m[39m
[37m[0mBuild at: [1m[37m2024-07-09T09:58:24.586Z[39m[37m[22m - Hash: [1m[37m2e77cb0e054baba1[39m[37m[22m - Time: [1m[37m4463[39m[37m[22mms[0m[39m
[1m[31m[39m[22m
[1m[31m[0m[91mError: [39m[31m[0m[96msrc/app/core/redux/organisation-teilnahmen/index.ts[0m:[93m5[0m:[93m15[0m - [91merror[0m[90m TS2307: [0mCannot find module './oal.selectors' or its corresponding type declarations.[39m[22m
[1m[31m[39m[22m
[1m[31m[7m5[0m export * from "./oal.selectors";[39m[22m
[1m[31m[7m [0m [91m              ~~~~~~~~~~~~~~~~~[0m[39m[22m
[1m[31m[39m[22m
[1m[31m[39m[22m
[1m[31m[0m[91mError: [39m[31m[0m[96msrc/app/core/redux/organisation-teilnahmen/ots.reducer.ts[0m:[93m2[0m:[93m28[0m - [91merror[0m[90m TS2307: [0mCannot find module './ots.actions' or its corresponding type declarations.[39m[22m
[1m[31m[39m[22m
[1m[31m[7m2[0m import { OtsActions } from "./ots.actions";[39m[22m
[1m[31m[7m [0m [91m                           ~~~~~~~~~~~~~~~[0m[39m[22m
[1m[31m[39m[22m
[1m[31m[39m[22m
[1m[31m[0m[91mError: [39m[31m[0m[96msrc/app/core/redux/organisation-teilnahmen/ots.selectors.ts[0m:[93m4[0m:[93m63[0m - [91merror[0m[90m TS2304: [0mCannot find name 'otsFeature'.[39m[22m
[1m[31m[39m[22m
[1m[31m[7m4[0m export const selectOtsState = createFeatureSelector<OtsState>(otsFeature.name);[39m[22m
[1m[31m[7m [0m [91m                                                              ~~~~~~~~~~[0m[39m[22m
[1m[31m[39m[22m
[1m[31m[39m[22m
[1m[31m[0m[91mError: [39m[31m[0m[96msrc/app/core/redux/organisation-teilnahmen/ots.selectors.ts[0m:[93m6[0m:[93m60[0m - [91merror[0m[90m TS2304: [0mCannot find name 'fromOts'.[39m[22m
[1m[31m[39m[22m
[1m[31m[7m6[0m export const selectAllOts = createSelector(selectOtsState, fromOts.selectAll);[39m[22m
[1m[31m[7m [0m [91m                                                           ~~~~~~~[0m[39m[22m
[1m[31m[39m[22m
[1m[31m[39m[22m
[1m[31m[0m[91mError: [39m[31m[0m[96msrc/app/core/redux/organisation-teilnahmen/ots.selectors.ts[0m:[93m16[0m:[93m26[0m - [91merror[0m[90m TS2339: [0mProperty 'filter' does not exist on type 'unknown'.[39m[22m
[1m[31m[39m[22m
[1m[31m[7m16[0m     const ret = otsState.filter([39m[22m
[1m[31m[7m  [0m [91m                         ~~~~~~[0m[39m[22m
[1m[31m[39m[22m
[1m[31m[39m[22m
[1m[31m[39m[22m
[37m[39m
[37m[91m‚úñ[39m[37m Failed to compile.[39m
[36m‚†ã[39m Generating browser application bundles...[2K[1G[36m‚†ô[39m Generating browser application bundles (phase: building)...[2K[1G[36m‚†π[39m Generating browser application bundles (phase: building)...[2K[1G[36m‚†∏[39m Generating browser application bundles (phase: building)...[2K[1G[36m‚†º[39m Generating browser application bundles (phase: sealing)...[2K[1G[32m‚úî[39m Browser application bundle generation complete.
[37m[39m
[37m[0m[1mInitial Chunk Files[22m[2m | [22m[1mNames[22m  [2m | [22m[1mRaw Size[22m[0m[39m
[37m[0m[92mruntime.js[39m[37m         [2m | [22mruntime[2m | [22m[96m12.96 kB[39m[37m[2m | [22m[0m[39m
[37m[0m[0m[39m
[37m[0m12 unchanged chunks[0m[39m
[37m[0m[0m[39m
[37m[0mBuild at: [1m[37m2024-07-09T09:58:36.429Z[39m[37m[22m - Hash: [1m[37m8e3c22871196ce6c[39m[37m[22m - Time: [1m[37m5668[39m[37m[22mms[0m[39m
[1m[31m[39m[22m
[1m[31m[0m[91mError: [39m[31m[0m[96msrc/app/core/redux/organisation-teilnahmen/index.ts[0m:[93m5[0m:[93m15[0m - [91merror[0m[90m TS2307: [0mCannot find module './oal.selectors' or its corresponding type declarations.[39m[22m
[1m[31m[39m[22m
[1m[31m[7m5[0m export * from "./oal.selectors";[39m[22m
[1m[31m[7m [0m [91m              ~~~~~~~~~~~~~~~~~[0m[39m[22m
[1m[31m[39m[22m
[1m[31m[39m[22m
[1m[31m[0m[91mError: [39m[31m[0m[96msrc/app/core/redux/organisation-teilnahmen/index.ts[0m:[93m7[0m:[93m15[0m - [91merror[0m[90m TS2307: [0mCannot find module './oal.effects' or its corresponding type declarations.[39m[22m
[1m[31m[39m[22m
[1m[31m[7m7[0m export * from "./oal.effects";[39m[22m
[1m[31m[7m [0m [91m              ~~~~~~~~~~~~~~~[0m[39m[22m
[1m[31m[39m[22m
[1m[31m[39m[22m
[1m[31m[0m[91mError: [39m[31m[0m[96msrc/app/core/redux/organisation-teilnahmen/ots.reducer.ts[0m:[93m2[0m:[93m28[0m - [91merror[0m[90m TS2307: [0mCannot find module './ots.actions' or its corresponding type declarations.[39m[22m
[1m[31m[39m[22m
[1m[31m[7m2[0m import { OtsActions } from "./ots.actions";[39m[22m
[1m[31m[7m [0m [91m                           ~~~~~~~~~~~~~~~[0m[39m[22m
[1m[31m[39m[22m
[1m[31m[39m[22m
[1m[31m[0m[91mError: [39m[31m[0m[96msrc/app/core/redux/organisation-teilnahmen/ots.selectors.ts[0m:[93m4[0m:[93m63[0m - [91merror[0m[90m TS2304: [0mCannot find name 'otsFeature'.[39m[22m
[1m[31m[39m[22m
[1m[31m[7m4[0m export const selectOtsState = createFeatureSelector<OtsState>(otsFeature.name);[39m[22m
[1m[31m[7m [0m [91m                                                              ~~~~~~~~~~[0m[39m[22m
[1m[31m[39m[22m
[1m[31m[39m[22m
[1m[31m[0m[91mError: [39m[31m[0m[96msrc/app/core/redux/organisation-teilnahmen/ots.selectors.ts[0m:[93m6[0m:[93m60[0m - [91merror[0m[90m TS2304: [0mCannot find name 'fromOts'.[39m[22m
[1m[31m[39m[22m
[1m[31m[7m6[0m export const selectAllOts = createSelector(selectOtsState, fromOts.selectAll);[39m[22m
[1m[31m[7m [0m [91m                                                           ~~~~~~~[0m[39m[22m
[1m[31m[39m[22m
[1m[31m[39m[22m
[1m[31m[0m[91mError: [39m[31m[0m[96msrc/app/core/redux/organisation-teilnahmen/ots.selectors.ts[0m:[93m16[0m:[93m26[0m - [91merror[0m[90m TS2339: [0mProperty 'filter' does not exist on type 'unknown'.[39m[22m
[1m[31m[39m[22m
[1m[31m[7m16[0m     const ret = otsState.filter([39m[22m
[1m[31m[7m  [0m [91m                         ~~~~~~[0m[39m[22m
[1m[31m[39m[22m
[1m[31m[39m[22m
[1m[31m[39m[22m
[37m[39m
[37m[91m‚úñ[39m[37m Failed to compile.[39m
[36m‚†ã[39m Generating browser application bundles...[2K[1G[36m‚†ô[39m Generating browser application bundles (phase: building)...[2K[1G[36m‚†π[39m Generating browser application bundles (phase: building)...[2K[1G[36m‚†∏[39m Generating browser application bundles (phase: building)...[2K[1G[36m‚†º[39m Generating browser application bundles (phase: building)...[2K[1G[36m‚†¥[39m Generating browser application bundles (phase: sealing)...[2K[1G[32m‚úî[39m Browser application bundle generation complete.
[37m[39m
[37m[0m[1mInitial Chunk Files[22m[2m | [22m[1mNames[22m  [2m | [22m[1mRaw Size[22m[0m[39m
[37m[0m[92mruntime.js[39m[37m         [2m | [22mruntime[2m | [22m[96m12.96 kB[39m[37m[2m | [22m[0m[39m
[37m[0m[0m[39m
[37m[0m12 unchanged chunks[0m[39m
[37m[0m[0m[39m
[37m[0mBuild at: [1m[37m2024-07-09T10:00:59.387Z[39m[37m[22m - Hash: [1m[37m56d3ed5a6a73adf2[39m[37m[22m - Time: [1m[37m4434[39m[37m[22mms[0m[39m
[1m[31m[39m[22m
[1m[31m[0m[91mError: [39m[31m[0m[96msrc/app/core/redux/organisation-teilnahmen/index.ts[0m:[93m5[0m:[93m15[0m - [91merror[0m[90m TS2307: [0mCannot find module './oal.selectors' or its corresponding type declarations.[39m[22m
[1m[31m[39m[22m
[1m[31m[7m5[0m export * from "./oal.selectors";[39m[22m
[1m[31m[7m [0m [91m              ~~~~~~~~~~~~~~~~~[0m[39m[22m
[1m[31m[39m[22m
[1m[31m[39m[22m
[1m[31m[0m[91mError: [39m[31m[0m[96msrc/app/core/redux/organisation-teilnahmen/index.ts[0m:[93m7[0m:[93m15[0m - [91merror[0m[90m TS2307: [0mCannot find module './oal.effects' or its corresponding type declarations.[39m[22m
[1m[31m[39m[22m
[1m[31m[7m7[0m export * from "./oal.effects";[39m[22m
[1m[31m[7m [0m [91m              ~~~~~~~~~~~~~~~[0m[39m[22m
[1m[31m[39m[22m
[1m[31m[39m[22m
[1m[31m[0m[91mError: [39m[31m[0m[96msrc/app/core/redux/organisation-teilnahmen/ots.effects.ts[0m:[93m4[0m:[93m28[0m - [91merror[0m[90m TS2307: [0mCannot find module './ots.actions' or its corresponding type declarations.[39m[22m
[1m[31m[39m[22m
[1m[31m[7m4[0m import { OtsActions } from "./ots.actions";[39m[22m
[1m[31m[7m [0m [91m                           ~~~~~~~~~~~~~~~[0m[39m[22m
[1m[31m[39m[22m
[1m[31m[39m[22m
[1m[31m[0m[91mError: [39m[31m[0m[96msrc/app/core/redux/organisation-teilnahmen/ots.effects.ts[0m:[93m14[0m:[93m27[0m - [91merror[0m[90m TS2345: [0mArgument of type '() => Observable<unknown>' is not assignable to parameter of type '() => EffectResult<Action>'.[39m[22m
[1m[31m  Type 'Observable<unknown>' is not assignable to type 'EffectResult<Action>'.[39m[22m
[1m[31m    Type 'Observable<unknown>' is not assignable to type 'Observable<Action>'.[39m[22m
[1m[31m      Property 'type' is missing in type '{}' but required in type 'Action'.[39m[22m
[1m[31m[39m[22m
[1m[31m[7m14[0m   loadOts$ = createEffect(() => {[39m[22m
[1m[31m[7m  [0m [91m                          ~~~~~~~[0m[39m[22m
[1m[31m[39m[22m
[1m[31m  [96mnode_modules/@ngrx/store/src/models.d.ts[0m:[93m3[0m:[93m5[0m[39m[22m
[1m[31m    [7m3[0m     type: string;[39m[22m
[1m[31m    [7m [0m [96m    ~~~~[0m[39m[22m
[1m[31m    'type' is declared here.[39m[22m
[1m[31m[39m[22m
[1m[31m[39m[22m
[1m[31m[0m[91mError: [39m[31m[0m[96msrc/app/core/redux/organisation-teilnahmen/ots.effects.ts[0m:[93m18[0m:[93m35[0m - [91merror[0m[90m TS2339: [0mProperty 'getStarts' does not exist on type 'AnlassService'.[39m[22m
[1m[31m[39m[22m
[1m[31m[7m18[0m         return this.anlassService.ge[39m[22m[1m[31mtStarts().pipe([39m[22m
[1m[31m[7m  [0m [91m                                  ~~~~~~~~~[0m[39m[22m
[1m[31m[39m[22m
[1m[31m[39m[22m
[1m[31m[0m[91mError: [39m[31m[0m[96msrc/app/core/redux/organisation-teilnahmen/ots.reducer.ts[0m:[93m2[0m:[93m28[0m - [91merror[0m[90m TS2307: [0mCannot find module './ots.actions' or its corresponding type declarations.[39m[22m
[1m[31m[39m[22m
[1m[31m[7m2[0m import { OtsActions } from "./ots.actions";[39m[22m
[1m[31m[7m [0m [91m                           ~~~~~~~~~~~~~~~[0m[39m[22m
[1m[31m[39m[22m
[1m[31m[39m[22m
[1m[31m[0m[91mError: [39m[31m[0m[96msrc/app/core/redux/organisation-teilnahmen/ots.selectors.ts[0m:[93m4[0m:[93m63[0m - [91merror[0m[90m TS2304: [0mCannot find name 'otsFeature'.[39m[22m
[1m[31m[39m[22m
[1m[31m[7m4[0m export const selectOtsState = createFeatureSelector<OtsState>(otsFeature.name);[39m[22m
[1m[31m[7m [0m [91m                                                              ~~~~~~~~~~[0m[39m[22m
[1m[31m[39m[22m
[1m[31m[39m[22m
[1m[31m[0m[91mError: [39m[31m[0m[96msrc/app/core/redux/organisation-teilnahmen/ots.selectors.ts[0m:[93m6[0m:[93m60[0m - [91merror[0m[90m TS2304: [0mCannot find name 'fromOts'.[39m[22m
[1m[31m[39m[22m
[1m[31m[7m6[0m export const selectAllOts = createSelector(selectOtsState, fromOts.selectAll);[39m[22m
[1m[31m[7m [0m [91m                                                           ~~~~~~~[0m[39m[22m
[1m[31m[39m[22m
[1m[31m[39m[22m
[1m[31m[0m[91mError: [39m[31m[0m[96msrc/app/core/redux/organisation-teilnahmen/ots.selectors.ts[0m:[93m16[0m:[93m26[0m - [91merror[0m[90m TS2339: [0mProperty 'filter' does not exist on type 'unknown'.[39m[22m
[1m[31m[39m[22m
[1m[31m[7m16[0m     const ret = otsState.filter([39m[22m
[1m[31m[7m  [0m [91m                         ~~~~~~[0m[39m[22m
[1m[31m[39m[22m
[1m[31m[39m[22m
[1m[31m[39m[22m
[37m[39m
[37m[91m‚úñ[39m[37m Failed to compile.[39m
[36m‚†ã[39m Generating browser application bundles...[2K[1G[36m‚†ô[39m Generating browser application bundles (phase: building)...[2K[1G[36m‚†π[39m Generating browser application bundles (phase: building)...[2K[1G[36m‚†∏[39m Generating browser application bundles (phase: building)...[2K[1G[36m‚†º[39m Generating browser application bundles (phase: building)...[2K[1G[36m‚†¥[39m Generating browser application bundles (phase: sealing)...[2K[1G[32m‚úî[39m Browser application bundle generation complete.
[37m[39m
[37m[0m[1mInitial Chunk Files[22m[2m | [22m[1mNames[22m  [2m | [22m[1mRaw Size[22m[0m[39m
[37m[0m[92mruntime.js[39m[37m         [2m | [22mruntime[2m | [22m[96m12.96 kB[39m[37m[2m | [22m[0m[39m
[37m[0m[0m[39m
[37m[0m12 unchanged chunks[0m[39m
[37m[0m[0m[39m
[37m[0mBuild at: [1m[37m2024-07-09T10:01:14.118Z[39m[37m[22m - Hash: [1m[37m6f1b82f97edabe37[39m[37m[22m - Time: [1m[37m5491[39m[37m[22mms[0m[39m
[1m[31m[39m[22m
[1m[31m[0m[91mError: [39m[31m[0m[96msrc/app/core/redux/organisation-teilnahmen/index.ts[0m:[93m3[0m:[93m15[0m - [91merror[0m[90m TS2307: [0mCannot find module './oal.actions' or its corresponding type declarations.[39m[22m
[1m[31m[39m[22m
[1m[31m[7m3[0m export * from "./oal.actions";[39m[22m
[1m[31m[7m [0m [91m              ~~~~~~~~~~~~~~~[0m[39m[22m
[1m[31m[39m[22m
[1m[31m[39m[22m
[1m[31m[0m[91mError: [39m[31m[0m[96msrc/app/core/redux/organisation-teilnahmen/index.ts[0m:[93m5[0m:[93m15[0m - [91merror[0m[90m TS2307: [0mCannot find module './oal.selectors' or its corresponding type declarations.[39m[22m
[1m[31m[39m[22m
[1m[31m[7m5[0m export * from "./oal.selectors";[39m[22m
[1m[31m[7m [0m [91m              ~~~~~~~~~~~~~~~~~[0m[39m[22m
[1m[31m[39m[22m
[1m[31m[39m[22m
[1m[31m[0m[91mError: [39m[31m[0m[96msrc/app/core/redux/organisation-teilnahmen/index.ts[0m:[93m7[0m:[93m15[0m - [91merror[0m[90m TS2307: [0mCannot find module './oal.effects' or its corresponding type declarations.[39m[22m
[1m[31m[39m[22m
[1m[31m[7m7[0m export * from "./oal.effects";[39m[22m
[1m[31m[7m [0m [91m              ~~~~~~~~~~~~~~~[0m[39m[22m
[1m[31m[39m[22m
[1m[31m[39m[22m
[1m[31m[0m[91mError: [39m[31m[0m[96msrc/app/core/redux/organisation-teilnahmen/ots.effects.ts[0m:[93m4[0m:[93m28[0m - [91merror[0m[90m TS2307: [0mCannot find module './ots.actions' or its corresponding type declarations.[39m[22m
[1m[31m[39m[22m
[1m[31m[7m4[0m import { OtsActions } from "./ots.actions";[39m[22m
[1m[31m[7m [0m [91m                           ~~~~~~~~~~~~~~~[0m[39m[22m
[1m[31m[39m[22m
[1m[31m[39m[22m
[1m[31m[0m[91mError: [39m[31m[0m[96msrc/app/core/redux/organisation-teilnahmen/ots.effects.ts[0m:[93m14[0m:[93m27[0m - [91merror[0m[90m TS2345: [0mArgument of type '() => Observable<unknown>' is not assignable to parameter of type '() => EffectResult<Action>'.[39m[22m
[1m[31m  Type 'Observable<unknown>' is not assignable to type 'EffectResult<Action>'.[39m[22m
[1m[31m    Type 'Observable<unknown>' is not assignable to type 'Observable<Action>'.[39m[22m
[1m[31m      Property 'type' is missing in type '{}' but required in type 'Action'.[39m[22m
[1m[31m[39m[22m
[1m[31m[7m14[0m   loadOts$ = createEffect(() => {[39m[22m
[1m[31m[7m  [0m [91m                          ~~~~~~~[0m[39m[22m
[1m[31m[39m[22m
[1m[31m  [96mnode_modules/@ngrx/store/src/models.d.ts[0m:[93m3[0m:[93m5[0m[39m[22m
[1m[31m    [7m3[0m     type: string;[39m[22m
[1m[31m    [7m [[39m[22m[1m[31m0m [96m    ~~~~[0m[39m[22m
[1m[31m    'type' is declared here.[39m[22m
[1m[31m[39m[22m
[1m[31m[39m[22m
[1m[31m[0m[91mError: [39m[31m[0m[96msrc/app/core/redux/organisation-teilnahmen/ots.effects.ts[0m:[93m18[0m:[93m35[0m - [91merror[0m[90m TS2339: [0mProperty 'getStarts' does not exist on type 'AnlassService'.[39m[22m
[1m[31m[39m[22m
[1m[31m[7m18[0m         return this.anlassService.getStarts().pipe([39m[22m
[1m[31m[7m  [0m [91m                                  ~~~~~~~~~[0m[39m[22m
[1m[31m[39m[22m
[1m[31m[39m[22m
[1m[31m[0m[91mError: [39m[31m[0m[96msrc/app/core/redux/organisation-teilnahmen/ots.reducer.ts[0m:[93m2[0m:[93m28[0m - [91merror[0m[90m TS2307: [0mCannot find module './ots.actions' or its corresponding type declarations.[39m[22m
[1m[31m[39m[22m
[1m[31m[7m2[0m import { OtsActions } from "./ots.actions";[39m[22m
[1m[31m[7m [0m [91m                           ~~~~~~~~~~~~~~~[0m[39m[22m
[1m[31m[39m[22m
[1m[31m[39m[22m
[1m[31m[0m[91mError: [39m[31m[0m[96msrc/app/core/redux/organisation-teilnahmen/ots.selectors.ts[0m:[93m4[0m:[93m63[0m - [91merror[0m[90m TS2304: [0mCannot find name 'otsFeature'.[39m[22m
[1m[31m[39m[22m
[1m[31m[7m4[0m export const selectOtsState = createFeatureSelector<OtsState>(otsFeature.name);[39m[22m
[1m[31m[7m [0m [91m                                                              ~~~~~~~~~~[0m[39m[22m
[1m[31m[39m[22m
[1m[31m[39m[22m
[1m[31m[0m[91mError: [39m[31m[0m[96msrc/app/core/redux/organisation-teilnahmen/ots.selectors.ts[0m:[93m6[0m:[93m60[0m - [91merror[0m[90m TS2304: [0mCannot find name 'fromOts'.[39m[22m
[1m[31m[39m[22m
[1m[31m[7m6[0m export const selectAllOts = createSelector(selectOtsState, fromOts.selectAll);[39m[22m
[1m[31m[7m [0m [91m                                                           ~~~~~~~[0m[39m[22m
[1m[31m[39m[22m
[1m[31m[39m[22m
[1m[31m[0m[91mError: [39m[31m[0m[96msrc/app/core/redux/organisation-teilnahmen/ots.selectors.ts[0m:[93m16[0m:[93m26[0m - [91merror[0m[90m TS2339: [0mProperty 'filter' does not exist on type 'unknown'.[39m[22m
[1m[31m[39m[22m
[1m[31m[7m16[0m     const ret = otsState.filter([39m[22m
[1m[31m[7m  [0m [91m                         ~~~~~~[0m[39m[22m
[1m[31m[39m[22m
[1m[31m[39m[22m
[1m[31m[39m[22m
[37m[39m
[37m[91m‚úñ[39m[37m Failed to compile.[39m
[36m‚†ã[39m Generating browser application bundles...[2K[1G[36m‚†ô[39m Generating browser application bundles (phase: building)...[2K[1G[36m‚†π[39m Generating browser application bundles (phase: building)...[2K[1G[36m‚†∏[39m Generating browser application bundles (phase: building)...[2K[1G[36m‚†º[39m Generating browser application bundles (phase: building)...[2K[1G[36m‚†¥[39m Generating browser application bundles (phase: building)...[2K[1G[36m‚†¶[39m Generating browser application bundles (phase: sealing)...[2K[1G[32m‚úî[39m Browser application bundle generation complete.
[37m[39m
[37m[0m[1mInitial Chunk Files[22m[2m | [22m[1mNames[22m  [2m | [22m[1mRaw Size[22m[0m[39m
[37m[0m[92mruntime.js[39m[37m         [2m | [22mruntime[2m | [22m[96m12.96 kB[39m[37m[2m | [22m[0m[39m
[37m[0m[0m[39m
[37m[0m12 unchanged chunks[0m[39m
[37m[0m[0m[39m
[37m[0mBuild at: [1m[37m2024-07-09T10:02:46.661Z[39m[37m[22m - Hash: [1m[37m844037455252acc9[39m[37m[22m - Time: [1m[37m4823[39m[37m[22mms[0m[39m
[1m[31m[39m[22m
[1m[31m[0m[91mError: [39m[31m[0m[96msrc/app/core/redux/organisation-teilnahmen/index.ts[0m:[93m3[0m:[93m15[0m - [91merror[0m[90m TS2307: [0mCannot find module './oal.actions' or its corresponding type declarations.[39m[22m
[1m[31m[39m[22m
[1m[31m[7m3[0m export * from "./oal.actions";[39m[22m
[1m[31m[7m [0m [91m              ~~~~~~~~~~~~~~~[0m[39m[22m
[1m[31m[39m[22m
[1m[31m[39m[22m
[1m[31m[0m[91mError: [39m[31m[0m[96msrc/app/core/redux/organisation-teilnahmen/index.ts[0m:[93m5[0m:[93m15[0m - [91merror[0m[90m TS2307: [0mCannot find module './oal.selectors' or its corresponding type declarations.[39m[22m
[1m[31m[39m[22m
[1m[31m[7m5[0m export * from "./oal.selectors";[39m[22m
[1m[31m[7m [0m [91m              ~~~~~~~~~~~~~~~~~[0m[39m[22m
[1m[31m[39m[22m
[1m[31m[39m[22m
[1m[31m[0m[91mError: [39m[31m[0m[96msrc/app/core/redux/organisation-teilnahmen/index.ts[0m:[93m7[0m:[93m15[0m - [91merror[0m[90m TS2307: [0mCannot find module './oal.effects' or its corresponding type declarations.[39m[22m
[1m[31m[39m[22m
[1m[31m[7m7[0m export * from "./oal.effects";[39m[22m
[1m[31m[7m [0m [91m              ~~~~~~~~~~~~~~~[0m[39m[22m
[1m[31m[39m[22m
[1m[31m[39m[22m
[1m[31m[0m[91mError: [39m[31m[0m[96msrc/app/core/redux/organisation-teilnahmen/ots.effects.ts[0m:[93m4[0m:[93m10[0m - [91merror[0m[90m TS2724: [0m'"./ots.actions"' has no exported member named 'OtsActions'. Did you mean 'OalActions'?[39m[22m
[1m[31m[39m[22m
[1m[31m[7m4[0m import { OtsActions } from "./ots.actions";[39m[22m
[1m[31m[7m [0m [91m         ~~~~~~~~~~[0m[39m[22m
[1m[31m[39m[22m
[1m[31m  [96msrc/app/core/redux/organisation-teilnahmen/ots.actions.ts[0m:[93m4[0m:[93m14[0m[39m[22m
[1m[31m    [7m4[0m export const OalActions = createActionGroup({[39m[22m
[1m[31m    [7m [0m [96m             ~~~~~~~~~~[0m[39m[22m
[1m[31m    'OalActions' is declared here.[39m[22m
[1m[31m[39m[22m
[1m[31m[39m[22m
[1m[31m[0m[91mError: [39m[31m[0m[96msrc/app/core/redux/organisation-teilnahmen/ots.effects.ts[0m:[93m4[0m:[93m10[0m - [91merror[0m[90m TS2724: [0m'"./ots.actions"' has no exported member named 'OtsActions'. Did you mean 'OalActions'?[39m[22m
[1m[31m[39m[22m
[1m[31m[7m4[0m import { OtsActions } from "./ots.actions";[39m[22m
[1m[31m[7m [0m [91m         ~~~~~~~~~~[0m[39m[22m
[1m[31m[39m[22m
[1m[31m  [96msrc/app/core/redux/organisation-teilnahmen/ots.actions.ts[0m:[93m4[0m:[93m14[0m[39m[22m
[1m[31m    [7m4[0m export const OalActions = createActionGroup({[39m[22m
[1m[31m    [7m[39m[22m[1m[31m [0m [96m             ~~~~~~~~~~[0m[39m[22m
[1m[31m    'OalActions' is declared here.[39m[22m
[1m[31m[39m[22m
[1m[31m[39m[22m
[1m[31m[0m[91mError: [39m[31m[0m[96msrc/app/core/redux/organisation-teilnahmen/ots.effects.ts[0m:[93m14[0m:[93m27[0m - [91merror[0m[90m TS2345: [0mArgument of type '() => Observable<unknown>' is not assignable to parameter of type '() => EffectResult<Action>'.[39m[22m
[1m[31m  Type 'Observable<unknown>' is not assignable to type 'EffectResult<Action>'.[39m[22m
[1m[31m    Type 'Observable<unknown>' is not assignable to type 'Observable<Action>'.[39m[22m
[1m[31m      Property 'type' is missing in type '{}' but required in type 'Action'.[39m[22m
[1m[31m[39m[22m
[1m[31m[7m14[0m   loadOts$ = createEffect(() => {[39m[22m
[1m[31m[7m  [0m [91m                          ~~~~~~~[0m[39m[22m
[1m[31m[39m[22m
[1m[31m  [96mnode_modules/@ngrx/store/src/models.d.ts[0m:[93m3[0m:[93m5[0m[39m[22m
[1m[31m    [7m3[0m     type: string;[39m[22m
[1m[31m    [7m [0m [96m    ~~~~[0m[39m[22m
[1m[31m    'type' is declared here.[39m[22m
[1m[31m[39m[22m
[1m[31m[39m[22m
[1m[31m[0m[91mError: [39m[31m[0m[96msrc/app/core/redux/organisation-teilnahmen/ots.effects.ts[0m:[93m18[0m:[93m35[0m - [91merror[0m[90m TS2339: [0mProperty 'getStarts' does not exist on type 'AnlassService'.[39m[22m
[1m[31m[39m[22m
[1m[31m[7m18[0m         return this.anlassService.getStarts().pipe([39m[22m
[1m[31m[7m  [0m [91m                                  ~~~~~~~~~[0m[39m[22m
[1m[31m[39m[22m
[1m[31m[39m[22m
[1m[31m[0m[91mError: [39m[31m[0m[96msrc/app/core/redux/organisation-teilnahmen/ots.reducer.ts[0m:[93m2[0m:[93m10[0m - [91merror[0m[90m TS2724: [0m'"./ots.actions"' has no exported member named 'OtsActions'. Did you mean 'OalActions'?[39m[22m
[1m[31m[39m[22m
[1m[31m[7m2[0m import { OtsActions } from "./ots.actions";[39m[22m
[1m[31m[7m [0m [91m         ~~~~~~~~~~[0m[39m[22m
[1m[31m[39m[22m
[1m[31m  [96msrc/app/core/redux/organisation-teilnahmen/ots.actions.ts[0m:[93m4[0m:[93m14[0m[39m[22m
[1m[31m    [7m4[0m export const OalActions = createActionGroup({[39m[22m
[1m[31m    [7m [0m [96m             ~~~~~~~~~~[0m[39m[22m
[1m[31m    'OalActions' is declared here.[39m[22m
[1m[31m[39m[22m
[1m[31m[39m[22m
[1m[31m[0m[91mError: [39m[31m[0m[96msrc/app/core/redux/organisation-teilnahmen/ots.reducer.ts[0m:[93m2[0m:[93m10[0m - [91merror[0m[90m TS2724: [0m'"./ots.actions"' has no exported member named 'OtsActions'. Did you mean 'OalActions'?[39m[22m
[1m[31m[39m[22m
[1m[31m[7m2[0[39m[22m[1m[31mm import { OtsActions } from "./ots.actions";[39m[22m
[1m[31m[7m [0m [91m         ~~~~~~~~~~[0m[39m[22m
[1m[31m[39m[22m
[1m[31m  [96msrc/app/core/redux/organisation-teilnahmen/ots.actions.ts[0m:[93m4[0m:[93m14[0m[39m[22m
[1m[31m    [7m4[0m export const OalActions = createActionGroup({[39m[22m
[1m[31m    [7m [0m [96m             ~~~~~~~~~~[0m[39m[22m
[1m[31m    'OalActions' is declared here.[39m[22m
[1m[31m[39m[22m
[1m[31m[39m[22m
[1m[31m[0m[91mError: [39m[31m[0m[96msrc/app/core/redux/organisation-teilnahmen/ots.selectors.ts[0m:[93m4[0m:[93m63[0m - [91merror[0m[90m TS2304: [0mCannot find name 'otsFeature'.[39m[22m
[1m[31m[39m[22m
[1m[31m[7m4[0m export const selectOtsState = createFeatureSelector<OtsState>(otsFeature.name);[39m[22m
[1m[31m[7m [0m [91m                                                              ~~~~~~~~~~[0m[39m[22m
[1m[31m[39m[22m
[1m[31m[39m[22m
[1m[31m[0m[91mError: [39m[31m[0m[96msrc/app/core/redux/organisation-teilnahmen/ots.selectors.ts[0m:[93m6[0m:[93m60[0m - [91merror[0m[90m TS2304: [0mCannot find name 'fromOts'.[39m[22m
[1m[31m[39m[22m
[1m[31m[7m6[0m export const selectAllOts = createSelector(selectOtsState, fromOts.selectAll);[39m[22m
[1m[31m[7m [0m [91m                                                           ~~~~~~~[0m[39m[22m
[1m[31m[39m[22m
[1m[31m[39m[22m
[1m[31m[0m[91mError: [39m[31m[0m[96msrc/app/core/redux/organisation-teilnahmen/ots.selectors.ts[0m:[93m16[0m:[93m26[0m - [91merror[0m[90m TS2339: [0mProperty 'filter' does not exist on type 'unknown'.[39m[22m
[1m[31m[39m[22m
[1m[31m[7m16[0m     const ret = otsState.filter([39m[22m
[1m[31m[7m  [0m [91m                         ~~~~~~[0m[39m[22m
[1m[31m[39m[22m
[1m[31m[39m[22m
[1m[31m[39m[22m
[37m[39m
[37m[91m‚úñ[39m[37m Failed to compile.[39m
[36m‚†ã[39m Generating browser application bundles...[2K[1G[36m‚†ô[39m Generating browser application bundles (phase: building)...[2K[1G[36m‚†π[39m Generating browser application bundles (phase: building)...[2K[1G[36m‚†∏[39m Generating browser application bundles (phase: building)...[2K[1G[36m‚†º[39m Generating browser application bundles (phase: building)...[2K[1G[36m‚†¥[39m Generating browser application bundles (phase: building)...[2K[1G[36m‚†¶[39m Generating browser application bundles (phase: sealing)...[2K[1G[32m‚úî[39m Browser application bundle generation complete.
[37m[39m
[37m[0m[1mInitial Chunk Files[22m[2m | [22m[1mNames[22m  [2m | [22m[1mRaw Size[22m[0m[39m
[37m[0m[92mruntime.js[39m[37m         [2m | [22mruntime[2m | [22m[96m12.96 kB[39m[37m[2m | [22m[0m[39m
[37m[0m[0m[39m
[37m[0m12 unchanged chunks[0m[39m
[37m[0m[0m[39m
[37m[0mBuild at: [1m[37m2024-07-09T10:02:51.240Z[39m[37m[22m - Hash: [1m[37mcf18142a18d69002[39m[37m[22m - Time: [1m[37m2419[39m[37m[22mms[0m[39m
[1m[31m[39m[22m
[1m[31m[0m[91mError: [39m[31m[0m[96msrc/app/core/redux/organisation-teilnahmen/ots.effects.ts[0m:[93m4[0m:[93m10[0m - [91merror[0m[90m TS2724: [0m'"./ots.actions"' has no exported member named 'OtsActions'. Did you mean 'OalActions'?[39m[22m
[1m[31m[39m[22m
[1m[31m[7m4[0m import { OtsActions } from "./ots.actions";[39m[22m
[1m[31m[7m [0m [91m         ~~~~~~~~~~[0m[39m[22m
[1m[31m[39m[22m
[1m[31m  [96msrc/app/core/redux/organisation-teilnahmen/ots.actions.ts[0m:[93m4[0m:[93m14[0m[39m[22m
[1m[31m    [7m4[0m export const OalActions = createActionGroup({[39m[22m
[1m[31m    [7m [0m [96m             ~~~~~~~~~~[0m[39m[22m
[1m[31m    'OalActions' is declared here.[39m[22m
[1m[31m[39m[22m
[1m[31m[39m[22m
[1m[31m[0m[91mError: [39m[31m[0m[96msrc/app/core/redux/organisation-teilnahmen/ots.effects.ts[0m:[93m4[0m:[93m10[0m - [91merror[0m[90m TS2724: [0m'"./ots.actions"' has no exported member named 'OtsActions'. Did you mean 'OalActions'?[39m[22m
[1m[31m[39m[22m
[1m[31m[7m4[0m import { OtsActions } from "./ots.actions";[39m[22m
[1m[31m[7m [0m [91m         ~~~~~~~~~~[0m[39m[22m
[1m[31m[39m[22m
[1m[31m  [96msrc/app/core/redux/organisation-teilnahmen/ots.actions.ts[0m:[93m4[0m:[93m14[0m[39m[22m
[1m[31m    [7m4[0m export const OalActions = createActionGroup({[39m[22m
[1m[31m    [7m [0m [96m             ~~~~~~~~~~[0m[39m[22m
[1m[31m    'OalActions' is declared here.[39m[22m
[1m[31m[39m[22m
[1m[31m[39m[22m
[1m[31m[0m[91mError: [39m[31m[0m[96msrc/app/core/redux/organisation-teilnahmen/ots.effects.ts[0m:[93m14[0m:[93m27[0m - [91merror[0m[90m TS2345: [0mArgument of type '() => Observable<unknown>' is not assignable to parameter of type '() => EffectResult<Action>'.[39m[22m
[1m[31m  Type 'Observable<unknown>' is not assignable to type 'EffectResult<Action>'.[39m[22m
[1m[31m    Type 'Observable<unknown>' is not assignable to type 'Observable<Action>'.[39m[22m
[1m[31m      Property 'type' is missing in type '{}' but required in type 'Action'.[39m[22m
[1m[31m[39m[22m
[1m[31m[7m14[0m   loadOts$ = createEffect(() => {[39m[22m
[1m[31m[7m  [0m [91m                          ~~~~~~~[0m[39m[22m
[1m[31m[39m[22m
[1m[31m  [96mnode_modules/@ngrx/store/src/models.d.ts[0m:[93m3[0m:[93m5[0m[39m[22m
[1m[31m    [7m3[0m     type: string;[39m[22m
[1m[31m    [7m [0m [96m    ~~~~[0m[39m[22m
[1m[31m    'type' is declared here.[39m[22m
[1m[31m[39m[22m
[1m[31m[39m[22m
[1m[31m[0m[91mError: [39m[31m[0m[96msrc/app/core/redux/organisation-teilnahmen/ots.effects.ts[0m:[[39m[22m[1m[31m93m18[0m:[93m35[0m - [91merror[0m[90m TS2339: [0mProperty 'getStarts' does not exist on type 'AnlassService'.[39m[22m
[1m[31m[39m[22m
[1m[31m[7m18[0m         return this.anlassService.getStarts().pipe([39m[22m
[1m[31m[7m  [0m [91m                                  ~~~~~~~~~[0m[39m[22m
[1m[31m[39m[22m
[1m[31m[39m[22m
[1m[31m[0m[91mError: [39m[31m[0m[96msrc/app/core/redux/organisation-teilnahmen/ots.reducer.ts[0m:[93m2[0m:[93m10[0m - [91merror[0m[90m TS2724: [0m'"./ots.actions"' has no exported member named 'OtsActions'. Did you mean 'OalActions'?[39m[22m
[1m[31m[39m[22m
[1m[31m[7m2[0m import { OtsActions } from "./ots.actions";[39m[22m
[1m[31m[7m [0m [91m         ~~~~~~~~~~[0m[39m[22m
[1m[31m[39m[22m
[1m[31m  [96msrc/app/core/redux/organisation-teilnahmen/ots.actions.ts[0m:[93m4[0m:[93m14[0m[39m[22m
[1m[31m    [7m4[0m export const OalActions = createActionGroup({[39m[22m
[1m[31m    [7m [0m [96m             ~~~~~~~~~~[0m[39m[22m
[1m[31m    'OalActions' is declared here.[39m[22m
[1m[31m[39m[22m
[1m[31m[39m[22m
[1m[31m[0m[91mError: [39m[31m[0m[96msrc/app/core/redux/organisation-teilnahmen/ots.reducer.ts[0m:[93m2[0m:[93m10[0m - [91merror[0m[90m TS2724: [0m'"./ots.actions"' has no exported member named 'OtsActions'. Did you mean 'OalActions'?[39m[22m
[1m[31m[39m[22m
[1m[31m[7m2[0m import { OtsActions } from "./ots.actions";[39m[22m
[1m[31m[7m [0m [91m         ~~~~~~~~~~[0m[39m[22m
[1m[31m[39m[22m
[1m[31m  [96msrc/app/core/redux/organisation-teilnahmen/ots.actions.ts[0m:[93m4[0m:[93m14[0m[39m[22m
[1m[31m    [7m4[0m export const OalActions = createActionGroup({[39m[22m
[1m[31m    [7m [0m [96m             ~~~~~~~~~~[0m[39m[22m
[1m[31m    'OalActions' is declared here.[39m[22m
[1m[31m[39m[22m
[1m[31m[39m[22m
[1m[31m[0m[91mError: [39m[31m[0m[96msrc/app/core/redux/organisation-teilnahmen/ots.selectors.ts[0m:[93m4[0m:[93m63[0m - [91merror[0m[90m TS2304: [0mCannot find name 'otsFeature'.[39m[22m
[1m[31m[39m[22m
[1m[31m[7m4[0m export const selectOtsState = createFeatureSelector<OtsState>(otsFeature.name);[39m[22m
[1m[31m[7m [0m [91m                                                              ~~~~~~~~~~[0m[39m[22m
[1m[31m[39m[22m
[1m[31m[39m[22m
[1m[31m[0m[91mError: [39m[31m[0m[96msrc/app/core/redux/organisation-teilnahmen/ots.selectors.ts[0m:[93m6[0m:[93m60[0m - [91merror[0m[90m TS2304: [0mCannot find name 'fromOts'.[39m[22m
[1m[31m[39m[22m
[1m[31m[7m6[0m export const selectAllOts = createSelector(selectOtsState, f[39m[22m[1m[31mromOts.selectAll);[39m[22m
[1m[31m[7m [0m [91m                                                           ~~~~~~~[0m[39m[22m
[1m[31m[39m[22m
[1m[31m[39m[22m
[1m[31m[0m[91mError: [39m[31m[0m[96msrc/app/core/redux/organisation-teilnahmen/ots.selectors.ts[0m:[93m16[0m:[93m26[0m - [91merror[0m[90m TS2339: [0mProperty 'filter' does not exist on type 'unknown'.[39m[22m
[1m[31m[39m[22m
[1m[31m[7m16[0m     const ret = otsState.filter([39m[22m
[1m[31m[7m  [0m [91m                         ~~~~~~[0m[39m[22m
[1m[31m[39m[22m
[1m[31m[39m[22m
[1m[31m[39m[22m
[37m[39m
[37m[91m‚úñ[39m[37m Failed to compile.[39m
[36m‚†ã[39m Generating browser application bundles...[2K[1G[36m‚†ô[39m Generating browser application bundles (phase: building)...[2K[1G[36m‚†π[39m Generating browser application bundles (phase: building)...[2K[1G[36m‚†∏[39m Generating browser application bundles (phase: building)...[2K[1G[36m‚†º[39m Generating browser application bundles (phase: building)...[2K[1G[36m‚†¥[39m Generating browser application bundles (phase: building)...[2K[1G[36m‚†¶[39m Generating browser application bundles (phase: sealing)...[2K[1G[32m‚úî[39m Browser application bundle generation complete.
[37m[39m
[37m[0m[1mInitial Chunk Files[22m[2m | [22m[1mNames[22m  [2m | [22m[1mRaw Size[22m[0m[39m
[37m[0m[92mruntime.js[39m[37m         [2m | [22mruntime[2m | [22m[96m12.96 kB[39m[37m[2m | [22m[0m[39m
[37m[0m[0m[39m
[37m[0m12 unchanged chunks[0m[39m
[37m[0m[0m[39m
[37m[0mBuild at: [1m[37m2024-07-09T11:53:16.832Z[39m[37m[22m - Hash: [1m[37mca2bfe435e54ac65[39m[37m[22m - Time: [1m[37m3889[39m[37m[22mms[0m[39m
[1m[31m[39m[22m
[1m[31m[0m[91mError: [39m[31m[0m[96msrc/app/core/redux/organisation-teilnahmen/ots.effects.ts[0m:[93m14[0m:[93m27[0m - [91merror[0m[90m TS2345: [0mArgument of type '() => Observable<unknown>' is not assignable to parameter of type '() => EffectResult<Action>'.[39m[22m
[1m[31m  Type 'Observable<unknown>' is not assignable to type 'EffectResult<Action>'.[39m[22m
[1m[31m    Type 'Observable<unknown>' is not assignable to type 'Observable<Action>'.[39m[22m
[1m[31m      Property 'type' is missing in type '{}' but required in type 'Action'.[39m[22m
[1m[31m[39m[22m
[1m[31m[7m14[0m   loadOts$ = createEffect(() => {[39m[22m
[1m[31m[7m  [0m [91m                          ~~~~~~~[0m[39m[22m
[1m[31m[39m[22m
[1m[31m  [96mnode_modules/@ngrx/store/src/models.d.ts[0m:[93m3[0m:[93m5[0m[39m[22m
[1m[31m    [7m3[0m     type: string;[39m[22m
[1m[31m    [7m [0m [96m    ~~~~[0m[39m[22m
[1m[31m    'type' is declared here.[39m[22m
[1m[31m[39m[22m
[1m[31m[39m[22m
[1m[31m[0m[91mError: [39m[31m[0m[96msrc/app/core/redux/organisation-teilnahmen/ots.effects.ts[0m:[93m18[0m:[93m35[0m - [91merror[0m[90m TS2339: [0mProperty 'getStarts' does not exist on type 'AnlassService'.[39m[22m
[1m[31m[39m[22m
[1m[31m[7m18[0m         return this.anlassService.getStarts().pipe([39m[22m
[1m[31m[7m  [0m [91m                                  ~~~~~~~~~[0m[39m[22m
[1m[31m[39m[22m
[1m[31m[39m[22m
[1m[31m[0m[91mError: [39m[31m[0m[96msrc/app/core/redux/organisation-teilnahmen/ots.effects.ts[0m:[93m20[0m:[93m44[0m - [91merror[0m[90m TS2740: [0mType '{}' is missing the following properties from type 'IOrganisationTeilnahmenStatistik[]': length, pop, push, concat, and 29 more.[39m[22m
[1m[31m[39m[22m
[1m[31m[7m20[0m             OtsActions.loadAllOtsSuccess({ payload: otss }),[39m[22m
[1m[31m[7m  [0m [91m                                           ~~~~~~~[0m[39m[22m
[1m[31m[39m[22m
[1m[31m  [96msrc/app/core/redux/organisation-teilnahmen/ots.actions.ts[0m:[93m9[0m:[93m7[0m[39m[22m
[1m[31m    [7m9[0m       payload: IOrganisationTeilnahmenStatistik[];[39m[22m
[1m[31m    [7m [0m [96m      ~~~~~~~[0m[39m[22m
[1m[31m    The expected type comes from property 'payload' which is declared here on type '{ payload: IOrganisationTeilnahmenStatistik[]; }'[39m[22m
[1m[31m[39m[22m
[1m[31m[39m[22m
[1m[31m[0m[91mError: [39m[31m[0m[96msrc/app/core/redux/organisation-teilnahmen/ots.selectors.ts[0m:[93m4[0m:[93m63[0m - [91merror[[39m[22m[1m[31m0m[90m TS2304: [0mCannot find name 'otsFeature'.[39m[22m
[1m[31m[39m[22m
[1m[31m[7m4[0m export const selectOtsState = createFeatureSelector<OtsState>(otsFeature.name);[39m[22m
[1m[31m[7m [0m [91m                                                              ~~~~~~~~~~[0m[39m[22m
[1m[31m[39m[22m
[1m[31m[39m[22m
[1m[31m[0m[91mError: [39m[31m[0m[96msrc/app/core/redux/organisation-teilnahmen/ots.selectors.ts[0m:[93m6[0m:[93m60[0m - [91merror[0m[90m TS2304: [0mCannot find name 'fromOts'.[39m[22m
[1m[31m[39m[22m
[1m[31m[7m6[0m export const selectAllOts = createSelector(selectOtsState, fromOts.selectAll);[39m[22m
[1m[31m[7m [0m [91m                                                           ~~~~~~~[0m[39m[22m
[1m[31m[39m[22m
[1m[31m[39m[22m
[1m[31m[0m[91mError: [39m[31m[0m[96msrc/app/core/redux/organisation-teilnahmen/ots.selectors.ts[0m:[93m16[0m:[93m26[0m - [91merror[0m[90m TS2339: [0mProperty 'filter' does not exist on type 'unknown'.[39m[22m
[1m[31m[39m[22m
[1m[31m[7m16[0m     const ret = otsState.filter([39m[22m
[1m[31m[7m  [0m [91m                         ~~~~~~[0m[39m[22m
[1m[31m[39m[22m
[1m[31m[39m[22m
[1m[31m[39m[22m
[37m[39m
[37m[91m‚úñ[39m[37m Failed to compile.[39m
[36m‚†ã[39m Generating browser application bundles...[2K[1G[36m‚†ô[39m Generating browser application bundles (phase: building)...[2K[1G[36m‚†π[39m Generating browser application bundles (phase: building)...[2K[1G[36m‚†∏[39m Generating browser application bundles (phase: building)...[2K[1G[36m‚†º[39m Generating browser application bundles (phase: building)...[2K[1G[36m‚†¥[39m Generating browser application bundles (phase: building)...[2K[1G[36m‚†¶[39m Generating browser application bundles (phase: sealing)...[2K[1G[32m‚úî[39m Browser application bundle generation complete.
[37m[39m
[37m[0m13 unchanged chunks[0m[39m
[37m[0m[0m[39m
[37m[0mBuild at: [1m[37m2024-07-09T11:54:26.879Z[39m[37m[22m - Hash: [1m[37mca2bfe435e54ac65[39m[37m[22m - Time: [1m[37m3689[39m[37m[22mms[0m[39m
[1m[31m[39m[22m
[1m[31m[0m[91mError: [39m[31m[0m[96msrc/app/core/redux/organisation-teilnahmen/ots.effects.ts[0m:[93m14[0m:[93m27[0m - [91merror[0m[90m TS2345: [0mArgument of type '() => Observable<unknown>' is not assignable to parameter of type '() => EffectResult<Action>'.[39m[22m
[1m[31m  Type 'Observable<unknown>' is not assignable to type 'EffectResult<Action>'.[39m[22m
[1m[31m    Type 'Observable<unknown>' is not assignable to type 'Observable<Action>'.[39m[22m
[1m[31m      Property 'type' is missing in type '{}' but required in type 'Action'.[39m[22m
[1m[31m[39m[22m
[1m[31m[7m14[0m   loadOts$ = createEffect(() => {[39m[22m
[1m[31m[7m  [0m [91m                          ~~~~~~~[0m[39m[22m
[1m[31m[39m[22m
[1m[31m  [96mnode_modules/@ngrx/store/src/models.d.ts[0m:[93m3[0m:[93m5[0m[39m[22m
[1m[31m    [7m3[0m     type: string;[39m[22m
[1m[31m    [7m [0m [96m    ~~~~[0m[39m[22m
[1m[31m    'type' is declared here.[39m[22m
[1m[31m[39m[22m
[1m[31m[39m[22m
[1m[31m[0m[91mError: [39m[31m[0m[96msrc/app/core/redux/organisation-teilnahmen/ots.effects.ts[0m:[93m18[0m:[93m35[0m - [91merror[0m[90m TS2339: [0mProperty 'getStarts' does not exist on type 'AnlassService'.[39m[22m
[1m[31m[39m[22m
[1m[31m[7m18[0m         return this.anlassService.getStarts().pipe([39m[22m
[1m[31m[7m  [0m [91m                                  ~~~~~~~~~[0m[39m[22m
[1m[31m[39m[22m
[1m[31m[39m[22m
[1m[31m[0m[91mError: [39m[31m[0m[96msrc/app/core/redux/organisation-teilnahmen/ots.effects.ts[0m:[93m20[0m:[93m44[0m - [91merror[0m[90m TS2740: [0mType '{}' is missing the following properties from type 'IOrganisationTeilnahmenStatistik[]': length, pop, push, concat, and 29 more.[39m[22m
[1m[31m[39m[22m
[1m[31m[7m20[0m             OtsActions.loadAllOtsSuccess({ payload: otss }),[39m[22m
[1m[31m[7m  [0m [91m                                           ~~~~~~~[0m[39m[22m
[1m[31m[39m[22m
[1m[31m  [96msrc/app/core/redux/organisation-teilnahmen/ots.actions.ts[0m:[93m9[0m:[93m7[0m[39m[22m
[1m[31m    [7m9[0m       payload: IOrganisationTeilnahmenStatistik[];[39m[22m
[1m[31m    [7m [0m [96m      ~~~~~~~[0m[39m[22m
[1m[31m    The expected type comes from property 'payload' which is declared here on type '{ payload: IOrganisationTeilnahmenStatistik[]; }'[39m[22m
[1m[31m[39m[22m
[1m[31m[39m[22m
[1m[31m[0m[91mError: [39m[31m[0m[96msrc/app/core/redux/organisation-teilnahmen/ots.selectors.ts[0m:[93m4[0m:[93m63[0m - [91merror[[39m[22m[1m[31m0m[90m TS2304: [0mCannot find name 'otsFeature'.[39m[22m
[1m[31m[39m[22m
[1m[31m[7m4[0m export const selectOtsState = createFeatureSelector<OtsState>(otsFeature.name);[39m[22m
[1m[31m[7m [0m [91m                                                              ~~~~~~~~~~[0m[39m[22m
[1m[31m[39m[22m
[1m[31m[39m[22m
[1m[31m[0m[91mError: [39m[31m[0m[96msrc/app/core/redux/organisation-teilnahmen/ots.selectors.ts[0m:[93m6[0m:[93m60[0m - [91merror[0m[90m TS2304: [0mCannot find name 'fromOts'.[39m[22m
[1m[31m[39m[22m
[1m[31m[7m6[0m export const selectAllOts = createSelector(selectOtsState, fromOts.selectAll);[39m[22m
[1m[31m[7m [0m [91m                                                           ~~~~~~~[0m[39m[22m
[1m[31m[39m[22m
[1m[31m[39m[22m
[1m[31m[0m[91mError: [39m[31m[0m[96msrc/app/core/redux/organisation-teilnahmen/ots.selectors.ts[0m:[93m16[0m:[93m26[0m - [91merror[0m[90m TS2339: [0mProperty 'filter' does not exist on type 'unknown'.[39m[22m
[1m[31m[39m[22m
[1m[31m[7m16[0m     const ret = otsState.filter([39m[22m
[1m[31m[7m  [0m [91m                         ~~~~~~[0m[39m[22m
[1m[31m[39m[22m
[1m[31m[39m[22m
[1m[31m[39m[22m
[37m[39m
[37m[91m‚úñ[39m[37m Failed to compile.[39m
[36m‚†ã[39m Generating browser application bundles...[2K[1G[36m‚†ô[39m Generating browser application bundles (phase: building)...[2K[1G[36m‚†π[39m Generating browser application bundles (phase: building)...[2K[1G[36m‚†∏[39m Generating browser application bundles (phase: building)...[2K[1G[36m‚†º[39m Generating browser application bundles (phase: building)...[2K[1G[36m‚†¥[39m Generating browser application bundles (phase: building)...[2K[1G[36m‚†¶[39m Generating browser application bundles (phase: building)...[2K[1G[36m‚†ß[39m Generating browser application bundles (phase: building)...[2K[1G[36m‚†á[39m Generating browser application bundles (phase: building)...[2K[1G[36m‚†è[39m Generating browser application bundles (phase: building)...[2K[1G[36m‚†ã[39m Generating browser application bundles (phase: building)...[2K[1G[36m‚†ô[39m Generating browser application bundles (phase: building)...[2K[1G[36m‚†π[39m Generating browser application bundles (phase: building)...[2K[1G[36m‚†∏[39m Generating browser application bundles (phase: building)...[2K[1G[36m‚†º[39m Generating browser application bundles (phase: building)...[2K[1G[36m‚†¥[39m Generating browser application bundles (phase: sealing)...[2K[1G[32m‚úî[39m Browser application bundle generation complete.
[37m[39m
[37m[0m[1mInitial Chunk Files[22m[2m | [22m[1mNames[22m  [2m | [22m[1mRaw Size[22m[0m[39m
[37m[0m[92mruntime.js[39m[37m         [2m | [22mruntime[2m | [22m[96m12.96 kB[39m[37m[2m | [22m[0m[39m
[37m[0m[0m[39m
[37m[0m12 unchanged chunks[0m[39m
[37m[0m[0m[39m
[37m[0mBuild at: [1m[37m2024-07-09T11:55:46.312Z[39m[37m[22m - Hash: [1m[37m5951e9503d7b45a5[39m[37m[22m - Time: [1m[37m8135[39m[37m[22mms[0m[39m
[1m[31m[39m[22m
[1m[31m[0m[91mError: [39m[31m[0m[96msrc/app/core/redux/organisation-teilnahmen/ots.actions.ts[0m:[93m2[0m:[93m50[0m - [91merror[0m[90m TS2307: [0mCannot find module '../../model/export interface IOrganisationTeilnahmenStatistik {' or its corresponding type declarations.[39m[22m
[1m[31m[39m[22m
[1m[31m[7m2[0m import { IOrganisationTeilnahmenStatistik } from "../../model/export interface IOrganisationTeilnahmenStatistik {";[39m[22m
[1m[31m[7m [0m [91m                                                 ~~~~~~~~~~~~~~~~~~~~~~~~~~~~~~~~~~~~~~~~~~~~~~~~~~~~~~~~~~~~~~~~~[0m[39m[22m
[1m[31m[39m[22m
[1m[31m[39m[22m
[1m[31m[0m[91mError: [39m[31m[0m[96msrc/app/core/redux/organisation-teilnahmen/ots.effects.ts[0m:[93m14[0m:[93m27[0m - [91merror[0m[90m TS2345: [0mArgument of type '() => Observable<unknown>' is not assignable to parameter of type '() => EffectResult<Action>'.[39m[22m
[1m[31m  Type 'Observable<unknown>' is not assignable to type 'EffectResult<Action>'.[39m[22m
[1m[31m    Type 'Observable<unknown>' is not assignable to type 'Observable<Action>'.[39m[22m
[1m[31m      Property 'type' is missing in type '{}' but required in type 'Action'.[39m[22m
[1m[31m[39m[22m
[1m[31m[7m14[0m   loadOts$ = createEffect(() => {[39m[22m
[1m[31m[7m  [0m [91m                          ~~~~~~~[0m[39m[22m
[1m[31m[39m[22m
[1m[31m  [96mnode_modules/@ngrx/store/src/models.d.ts[0m:[93m3[0m:[93m5[0m[39m[22m
[1m[31m    [7m3[0m     type: string;[39m[22m
[1m[31m    [7m [0m [96m    ~~~~[0m[39m[22m
[1m[31m    'type' is declared here.[39m[22m
[1m[31m[39m[22m
[1m[31m[39m[22m
[1m[31m[0m[91mError: [39m[31m[0m[96msrc/app/core/redux/organisation-teilnahmen/ots.effects.ts[0m:[93m18[0m:[93m35[0m - [91merror[0m[90m TS2339: [0mProperty 'getStarts' does not exist on type 'AnlassService'.[39m[22m
[1m[31m[39m[22m
[1m[31m[7m18[0m         return this.anlassService.getStarts().pipe([39m[22m
[1m[31m[7m  [0m [91m                                  ~~~~~~~~~[0m[39m[22m
[1m[31m[39m[22m
[1m[31m[39m[22m
[1m[31m[0m[91mError: [39m[31m[0m[96msrc/app/core/redux/organisation-teilnahmen/ots.effects.ts[0m:[93m20[0m:[93m44[0m - [91merror[0m[90m TS2740: [0mType '{}' is missing the following properties from type 'IOrganisationTeilnahmenStatistik[]': length, pop, push, concat, and 29 more.[39m[22m
[1m[31m[39m[22m
[1m[31m[7m20[0m             OtsActions.loadAllOtsSuccess({ payload: otss[39m[22m[1m[31m }),[39m[22m
[1m[31m[7m  [0m [91m                                           ~~~~~~~[0m[39m[22m
[1m[31m[39m[22m
[1m[31m  [96msrc/app/core/redux/organisation-teilnahmen/ots.actions.ts[0m:[93m9[0m:[93m7[0m[39m[22m
[1m[31m    [7m9[0m       payload: IOrganisationTeilnahmenStatistik[];[39m[22m
[1m[31m    [7m [0m [96m      ~~~~~~~[0m[39m[22m
[1m[31m    The expected type comes from property 'payload' which is declared here on type '{ payload: IOrganisationTeilnahmenStatistik[]; }'[39m[22m
[1m[31m[39m[22m
[1m[31m[39m[22m
[1m[31m[0m[91mError: [39m[31m[0m[96msrc/app/core/redux/organisation-teilnahmen/ots.selectors.ts[0m:[93m4[0m:[93m63[0m - [91merror[0m[90m TS2304: [0mCannot find name 'otsFeature'.[39m[22m
[1m[31m[39m[22m
[1m[31m[7m4[0m export const selectOtsState = createFeatureSelector<OtsState>(otsFeature.name);[39m[22m
[1m[31m[7m [0m [91m                                                              ~~~~~~~~~~[0m[39m[22m
[1m[31m[39m[22m
[1m[31m[39m[22m
[1m[31m[0m[91mError: [39m[31m[0m[96msrc/app/core/redux/organisation-teilnahmen/ots.selectors.ts[0m:[93m6[0m:[93m60[0m - [91merror[0m[90m TS2304: [0mCannot find name 'fromOts'.[39m[22m
[1m[31m[39m[22m
[1m[31m[7m6[0m export const selectAllOts = createSelector(selectOtsState, fromOts.selectAll);[39m[22m
[1m[31m[7m [0m [91m                                                           ~~~~~~~[0m[39m[22m
[1m[31m[39m[22m
[1m[31m[39m[22m
[1m[31m[0m[91mError: [39m[31m[0m[96msrc/app/core/redux/organisation-teilnahmen/ots.selectors.ts[0m:[93m16[0m:[93m26[0m - [91merror[0m[90m TS2339: [0mProperty 'filter' does not exist on type 'unknown'.[39m[22m
[1m[31m[39m[22m
[1m[31m[7m16[0m     const ret = otsState.filter([39m[22m
[1m[31m[7m  [0m [91m                         ~~~~~~[0m[39m[22m
[1m[31m[39m[22m
[1m[31m[39m[22m
[1m[31m[0m[91mError: [39m[31m[0m[96msrc/app/core/redux/organisation-teilnahmen/ots.state.ts[0m:[93m2[0m:[93m50[0m - [91merror[0m[90m TS2307: [0mCannot find module '../../model/export interface IOrganisationTeilnahmenStatistik {' or its corresponding type declarations.[39m[22m
[1m[31m[39m[22m
[1m[31m[7m2[0m import { IOrganisationTeilnahmenStatistik } from "../../model/export interface IOrganisationTeilnahmenStatistik {";[39m[22m
[1m[31m[7m [0m [91m                                                 ~~~~~~~~~~~~~~~~~~~~~~~~~~~~~~~~~~~~~~~~~~~~~~~~~~~~~~~~~~~~~~~~~[0m[39m[22m
[1m[31m[39m[22m
[1m[31m[39m[22m
[1m[31m[0m[91mError: [39m[31m[0m[96msr[39m[22m[1m[31mc/app/core/service/anlass/anlass.service.ts[0m:[93m22[0m:[93m50[0m - [91merror[0m[90m TS2307: [0mCannot find module '../../model/export interface IOrganisationTeilnahmenStatistik {' or its corresponding type declarations.[39m[22m
[1m[31m[39m[22m
[1m[31m[7m22[0m import { IOrganisationTeilnahmenStatistik } from "../../model/export interface IOrganisationTeilnahmenStatistik {";[39m[22m
[1m[31m[7m  [0m [91m                                                 ~~~~~~~~~~~~~~~~~~~~~~~~~~~~~~~~~~~~~~~~~~~~~~~~~~~~~~~~~~~~~~~~~[0m[39m[22m
[1m[31m[39m[22m
[1m[31m[39m[22m
[1m[31m[39m[22m
[37m[39m
[37m[91m‚úñ[39m[37m Failed to compile.[39m
[36m‚†ã[39m Generating browser application bundles...[2K[1G[36m‚†ô[39m Generating browser application bundles (phase: building)...[2K[1G[36m‚†π[39m Generating browser application bundles (phase: building)...[2K[1G[36m‚†∏[39m Generating browser application bundles (phase: building)...[2K[1G[36m‚†º[39m Generating browser application bundles (phase: building)...[2K[1G[36m‚†¥[39m Generating browser application bundles (phase: building)...[2K[1G[36m‚†¶[39m Generating browser application bundles (phase: building)...[2K[1G[36m‚†ß[39m Generating browser application bundles (phase: building)...[2K[1G[36m‚†á[39m Generating browser application bundles (phase: building)...[2K[1G[36m‚†è[39m Generating browser application bundles (phase: sealing)...[2K[1G[32m‚úî[39m Browser application bundle generation complete.
[37m[39m
[37m[0m[1mInitial Chunk Files[22m[2m | [22m[1mNames[22m  [2m | [22m [1mRaw Size[22m[0m[39m
[37m[0m[92mmain.js[39m[37m            [2m | [22mmain   [2m | [22m[96m480.42 kB[39m[37m[2m | [22m[0m[39m
[37m[0m[92mruntime.js[39m[37m         [2m | [22mruntime[2m | [22m [96m12.96 kB[39m[37m[2m | [22m[0m[39m
[37m[0m[0m[39m
[37m[0m11 unchanged chunks[0m[39m
[37m[0m[0m[39m
[37m[0mBuild at: [1m[37m2024-07-09T11:55:56.839Z[39m[37m[22m - Hash: [1m[37me7db6dfc1089d681[39m[37m[22m - Time: [1m[37m7403[39m[37m[22mms[0m[39m
[1m[31m[39m[22m
[1m[31m[0m[91mError: [39m[31m[0m[96msrc/app/core/redux/organisation-teilnahmen/ots.actions.ts[0m:[93m2[0m:[93m50[0m - [91merror[0m[90m TS2307: [0mCannot find module '../../model/export interface IOrganisationTeilnahmenStatistik {' or its corresponding type declarations.[39m[22m
[1m[31m[39m[22m
[1m[31m[7m2[0m import { IOrganisationTeilnahmenStatistik } from "../../model/export interface IOrganisationTeilnahmenStatistik {";[39m[22m
[1m[31m[7m [0m [91m                                                 ~~~~~~~~~~~~~~~~~~~~~~~~~~~~~~~~~~~~~~~~~~~~~~~~~~~~~~~~~~~~~~~~~[0m[39m[22m
[1m[31m[39m[22m
[1m[31m[39m[22m
[1m[31m[0m[91mError: [39m[31m[0m[96msrc/app/core/redux/organisation-teilnahmen/ots.effects.ts[0m:[93m14[0m:[93m27[0m - [91merror[0m[90m TS2345: [0mArgument of type '() => Observable<unknown>' is not assignable to parameter of type '() => EffectResult<Action>'.[39m[22m
[1m[31m  Type 'Observable<unknown>' is not assignable to type 'EffectResult<Action>'.[39m[22m
[1m[31m    Type 'Observable<unknown>' is not assignable to type 'Observable<Action>'.[39m[22m
[1m[31m      Property 'type' is missing in type '{}' but required in type 'Action'.[39m[22m
[1m[31m[39m[22m
[1m[31m[7m14[0m   loadOts$ = createEffect(() => {[39m[22m
[1m[31m[7m  [0m [91m                          ~~~~~~~[0m[39m[22m
[1m[31m[39m[22m
[1m[31m  [96mnode_modules/@ngrx/store/src/models.d.ts[0m:[93m3[0m:[93m5[0m[39m[22m
[1m[31m    [7m3[0m     type: string;[39m[22m
[1m[31m    [7m [0m [96m    ~~~~[0m[39m[22m
[1m[31m    'type' is declared here.[39m[22m
[1m[31m[39m[22m
[1m[31m[39m[22m
[1m[31m[0m[91mError: [39m[31m[0m[96msrc/app/core/redux/organisation-teilnahmen/ots.effects.ts[0m:[93m18[0m:[93m35[0m - [91merror[0m[90m TS2339: [0mProperty 'getStarts' does not exist on type 'AnlassService'.[39m[22m
[1m[31m[39m[22m
[1m[31m[7m18[0m         return this.anlassService.getStarts().pipe([39m[22m
[1m[31m[7m  [0m [91m                                  ~~~~~~~~~[0m[39m[22m
[1m[31m[39m[22m
[1m[31m[39m[22m
[1m[31m[0m[91mError: [39m[31m[0m[96msrc/app/core/redux/organisation-teilnahmen/ots.effects.ts[0m:[93m20[0m:[93m44[0m - [91merror[0m[90m TS2740: [0mType '{}' is missing the following properties from type 'IOrganisationTeilnahmenStatistik[]': length, pop, push, concat, and 29 more.[39m[22m
[1m[31m[39m[22m
[1m[31m[7m20[0m             OtsActions.loadAllOtsSuccess({ payload: otss[39m[22m[1m[31m }),[39m[22m
[1m[31m[7m  [0m [91m                                           ~~~~~~~[0m[39m[22m
[1m[31m[39m[22m
[1m[31m  [96msrc/app/core/redux/organisation-teilnahmen/ots.actions.ts[0m:[93m9[0m:[93m7[0m[39m[22m
[1m[31m    [7m9[0m       payload: IOrganisationTeilnahmenStatistik[];[39m[22m
[1m[31m    [7m [0m [96m      ~~~~~~~[0m[39m[22m
[1m[31m    The expected type comes from property 'payload' which is declared here on type '{ payload: IOrganisationTeilnahmenStatistik[]; }'[39m[22m
[1m[31m[39m[22m
[1m[31m[39m[22m
[1m[31m[0m[91mError: [39m[31m[0m[96msrc/app/core/redux/organisation-teilnahmen/ots.selectors.ts[0m:[93m4[0m:[93m63[0m - [91merror[0m[90m TS2304: [0mCannot find name 'otsFeature'.[39m[22m
[1m[31m[39m[22m
[1m[31m[7m4[0m export const selectOtsState = createFeatureSelector<OtsState>(otsFeature.name);[39m[22m
[1m[31m[7m [0m [91m                                                              ~~~~~~~~~~[0m[39m[22m
[1m[31m[39m[22m
[1m[31m[39m[22m
[1m[31m[0m[91mError: [39m[31m[0m[96msrc/app/core/redux/organisation-teilnahmen/ots.selectors.ts[0m:[93m6[0m:[93m60[0m - [91merror[0m[90m TS2304: [0mCannot find name 'fromOts'.[39m[22m
[1m[31m[39m[22m
[1m[31m[7m6[0m export const selectAllOts = createSelector(selectOtsState, fromOts.selectAll);[39m[22m
[1m[31m[7m [0m [91m                                                           ~~~~~~~[0m[39m[22m
[1m[31m[39m[22m
[1m[31m[39m[22m
[1m[31m[0m[91mError: [39m[31m[0m[96msrc/app/core/redux/organisation-teilnahmen/ots.selectors.ts[0m:[93m16[0m:[93m26[0m - [91merror[0m[90m TS2339: [0mProperty 'filter' does not exist on type 'unknown'.[39m[22m
[1m[31m[39m[22m
[1m[31m[7m16[0m     const ret = otsState.filter([39m[22m
[1m[31m[7m  [0m [91m                         ~~~~~~[0m[39m[22m
[1m[31m[39m[22m
[1m[31m[39m[22m
[1m[31m[0m[91mError: [39m[31m[0m[96msrc/app/core/redux/organisation-teilnahmen/ots.state.ts[0m:[93m2[0m:[93m50[0m - [91merror[0m[90m TS2307: [0mCannot find module '../../model/export interface IOrganisationTeilnahmenStatistik {' or its corresponding type declarations.[39m[22m
[1m[31m[39m[22m
[1m[31m[7m2[0m import { IOrganisationTeilnahmenStatistik } from "../../model/export interface IOrganisationTeilnahmenStatistik {";[39m[22m
[1m[31m[7m [0m [91m                                                 ~~~~~~~~~~~~~~~~~~~~~~~~~~~~~~~~~~~~~~~~~~~~~~~~~~~~~~~~~~~~~~~~~[0m[39m[22m
[1m[31m[39m[22m
[1m[31m[39m[22m
[1m[31m[39m[22m
[37m[39m
[37m[91m‚úñ[39m[37m Failed to compile.[39m
[36m‚†ã[39m Generating browser application bundles...[2K[1G[36m‚†ô[39m Generating browser application bundles (phase: building)...[2K[1G[36m‚†π[39m Generating browser application bundles (phase: building)...[2K[1G[36m‚†∏[39m Generating browser application bundles (phase: building)...[2K[1G[36m‚†º[39m Generating browser application bundles (phase: building)...[2K[1G[36m‚†¥[39m Generating browser application bundles (phase: building)...[2K[1G[36m‚†¶[39m Generating browser application bundles (phase: sealing)...[2K[1G[32m‚úî[39m Browser application bundle generation complete.
[37m[39m
[37m[0m[1mInitial Chunk Files[22m[2m | [22m[1mNames[22m  [2m | [22m[1mRaw Size[22m[0m[39m
[37m[0m[92mruntime.js[39m[37m         [2m | [22mruntime[2m | [22m[96m12.96 kB[39m[37m[2m | [22m[0m[39m
[37m[0m[0m[39m
[37m[0m12 unchanged chunks[0m[39m
[37m[0m[0m[39m
[37m[0mBuild at: [1m[37m2024-07-09T11:56:00.431Z[39m[37m[22m - Hash: [1m[37m492c62a23a18d871[39m[37m[22m - Time: [1m[37m3326[39m[37m[22mms[0m[39m
[1m[31m[39m[22m
[1m[31m[0m[91mError: [39m[31m[0m[96msrc/app/core/redux/organisation-teilnahmen/ots.effects.ts[0m:[93m14[0m:[93m27[0m - [91merror[0m[90m TS2345: [0mArgument of type '() => Observable<unknown>' is not assignable to parameter of type '() => EffectResult<Action>'.[39m[22m
[1m[31m  Type 'Observable<unknown>' is not assignable to type 'EffectResult<Action>'.[39m[22m
[1m[31m    Type 'Observable<unknown>' is not assignable to type 'Observable<Action>'.[39m[22m
[1m[31m      Property 'type' is missing in type '{}' but required in type 'Action'.[39m[22m
[1m[31m[39m[22m
[1m[31m[7m14[0m   loadOts$ = createEffect(() => {[39m[22m
[1m[31m[7m  [0m [91m                          ~~~~~~~[0m[39m[22m
[1m[31m[39m[22m
[1m[31m  [96mnode_modules/@ngrx/store/src/models.d.ts[0m:[93m3[0m:[93m5[0m[39m[22m
[1m[31m    [7m3[0m     type: string;[39m[22m
[1m[31m    [7m [0m [96m    ~~~~[0m[39m[22m
[1m[31m    'type' is declared here.[39m[22m
[1m[31m[39m[22m
[1m[31m[39m[22m
[1m[31m[0m[91mError: [39m[31m[0m[96msrc/app/core/redux/organisation-teilnahmen/ots.effects.ts[0m:[93m18[0m:[93m35[0m - [91merror[0m[90m TS2339: [0mProperty 'getStarts' does not exist on type 'AnlassService'.[39m[22m
[1m[31m[39m[22m
[1m[31m[7m18[0m         return this.anlassService.getStarts().pipe([39m[22m
[1m[31m[7m  [0m [91m                                  ~~~~~~~~~[0m[39m[22m
[1m[31m[39m[22m
[1m[31m[39m[22m
[1m[31m[0m[91mError: [39m[31m[0m[96msrc/app/core/redux/organisation-teilnahmen/ots.effects.ts[0m:[93m20[0m:[93m44[0m - [91merror[0m[90m TS2740: [0mType '{}' is missing the following properties from type 'IOrganisationTeilnahmenStatistik[]': length, pop, push, concat, and 29 more.[39m[22m
[1m[31m[39m[22m
[1m[31m[7m20[0m             OtsActions.loadAllOtsSuccess({ payload: otss }),[39m[22m
[1m[31m[7m  [0m [91m                                           ~~~~~~~[0m[39m[22m
[1m[31m[39m[22m
[1m[31m  [96msrc/app/core/redux/organisation-teilnahmen/ots.actions.ts[0m:[93m9[0m:[93m7[0m[39m[22m
[1m[31m    [7m9[0m       payload: IOrganisationTeilnahmenStatistik[];[39m[22m
[1m[31m    [7m [0m [96m      ~~~~~~~[0m[39m[22m
[1m[31m    The expected type comes from property 'payload' which is declared here on type '{ payload: IOrganisationTeilnahmenStatistik[]; }'[39m[22m
[1m[31m[39m[22m
[1m[31m[39m[22m
[1m[31m[0m[91mError: [39m[31m[0m[96msrc/app/core/redux/organisation-teilnahmen/ots.selectors.ts[0m:[93m4[0m:[93m63[0m - [91merror[[39m[22m[1m[31m0m[90m TS2304: [0mCannot find name 'otsFeature'.[39m[22m
[1m[31m[39m[22m
[1m[31m[7m4[0m export const selectOtsState = createFeatureSelector<OtsState>(otsFeature.name);[39m[22m
[1m[31m[7m [0m [91m                                                              ~~~~~~~~~~[0m[39m[22m
[1m[31m[39m[22m
[1m[31m[39m[22m
[1m[31m[0m[91mError: [39m[31m[0m[96msrc/app/core/redux/organisation-teilnahmen/ots.selectors.ts[0m:[93m6[0m:[93m60[0m - [91merror[0m[90m TS2304: [0mCannot find name 'fromOts'.[39m[22m
[1m[31m[39m[22m
[1m[31m[7m6[0m export const selectAllOts = createSelector(selectOtsState, fromOts.selectAll);[39m[22m
[1m[31m[7m [0m [91m                                                           ~~~~~~~[0m[39m[22m
[1m[31m[39m[22m
[1m[31m[39m[22m
[1m[31m[0m[91mError: [39m[31m[0m[96msrc/app/core/redux/organisation-teilnahmen/ots.selectors.ts[0m:[93m16[0m:[93m26[0m - [91merror[0m[90m TS2339: [0mProperty 'filter' does not exist on type 'unknown'.[39m[22m
[1m[31m[39m[22m
[1m[31m[7m16[0m     const ret = otsState.filter([39m[22m
[1m[31m[7m  [0m [91m                         ~~~~~~[0m[39m[22m
[1m[31m[39m[22m
[1m[31m[39m[22m
[1m[31m[39m[22m
[37m[39m
[37m[91m‚úñ[39m[37m Failed to compile.[39m
[36m‚†ã[39m Generating browser application bundles...[2K[1G[36m‚†ô[39m Generating browser application bundles (phase: building)...[2K[1G[36m‚†π[39m Generating browser application bundles (phase: building)...[2K[1G[36m‚†∏[39m Generating browser application bundles (phase: building)...[2K[1G[36m‚†º[39m Generating browser application bundles (phase: building)...[2K[1G[36m‚†¥[39m Generating browser application bundles (phase: building)...[2K[1G[36m‚†¶[39m Generating browser application bundles (phase: sealing)...[2K[1G[32m‚úî[39m Browser application bundle generation complete.
[37m[39m
[37m[0m13 unchanged chunks[0m[39m
[37m[0m[0m[39m
[37m[0mBuild at: [1m[37m2024-07-09T11:56:11.975Z[39m[37m[22m - Hash: [1m[37m492c62a23a18d871[39m[37m[22m - Time: [1m[37m2173[39m[37m[22mms[0m[39m
[1m[31m[39m[22m
[1m[31m[0m[91mError: [39m[31m[0m[96msrc/app/core/redux/organisation-teilnahmen/ots.effects.ts[0m:[93m14[0m:[93m27[0m - [91merror[0m[90m TS2345: [0mArgument of type '() => Observable<unknown>' is not assignable to parameter of type '() => EffectResult<Action>'.[39m[22m
[1m[31m  Type 'Observable<unknown>' is not assignable to type 'EffectResult<Action>'.[39m[22m
[1m[31m    Type 'Observable<unknown>' is not assignable to type 'Observable<Action>'.[39m[22m
[1m[31m      Property 'type' is missing in type '{}' but required in type 'Action'.[39m[22m
[1m[31m[39m[22m
[1m[31m[7m14[0m   loadOts$ = createEffect(() => {[39m[22m
[1m[31m[7m  [0m [91m                          ~~~~~~~[0m[39m[22m
[1m[31m[39m[22m
[1m[31m  [96mnode_modules/@ngrx/store/src/models.d.ts[0m:[93m3[0m:[93m5[0m[39m[22m
[1m[31m    [7m3[0m     type: string;[39m[22m
[1m[31m    [7m [0m [96m    ~~~~[0m[39m[22m
[1m[31m    'type' is declared here.[39m[22m
[1m[31m[39m[22m
[1m[31m[39m[22m
[1m[31m[0m[91mError: [39m[31m[0m[96msrc/app/core/redux/organisation-teilnahmen/ots.effects.ts[0m:[93m18[0m:[93m35[0m - [91merror[0m[90m TS2339: [0mProperty 'getStarts' does not exist on type 'AnlassService'.[39m[22m
[1m[31m[39m[22m
[1m[31m[7m18[0m         return this.anlassService.getStarts().pipe([39m[22m
[1m[31m[7m  [0m [91m                                  ~~~~~~~~~[0m[39m[22m
[1m[31m[39m[22m
[1m[31m[39m[22m
[1m[31m[0m[91mError: [39m[31m[0m[96msrc/app/core/redux/organisation-teilnahmen/ots.effects.ts[0m:[93m20[0m:[93m44[0m - [91merror[0m[90m TS2740: [0mType '{}' is missing the following properties from type 'IOrganisationTeilnahmenStatistik[]': length, pop, push, concat, and 29 more.[39m[22m
[1m[31m[39m[22m
[1m[31m[7m20[0m             OtsActions.loadAllOtsSuccess({ payload: otss }),[39m[22m
[1m[31m[7m  [0m [91m                                           ~~~~~~~[0m[39m[22m
[1m[31m[39m[22m
[1m[31m  [96msrc/app/core/redux/organisation-teilnahmen/ots.actions.ts[0m:[93m9[0m:[93m7[0m[39m[22m
[1m[31m    [7m9[0m       payload: IOrganisationTeilnahmenStatistik[];[39m[22m
[1m[31m    [7m [0m [96m      ~~~~~~~[0m[39m[22m
[1m[31m    The expected type comes from property 'payload' which is declared here on type '{ payload: IOrganisationTeilnahmenStatistik[]; }'[39m[22m
[1m[31m[39m[22m
[1m[31m[39m[22m
[1m[31m[0m[91mError: [39m[31m[0m[96msrc/app/core/redux/organisation-teilnahmen/ots.selectors.ts[0m:[93m4[0m:[93m63[0m - [91merror[[39m[22m[1m[31m0m[90m TS2304: [0mCannot find name 'otsFeature'.[39m[22m
[1m[31m[39m[22m
[1m[31m[7m4[0m export const selectOtsState = createFeatureSelector<OtsState>(otsFeature.name);[39m[22m
[1m[31m[7m [0m [91m                                                              ~~~~~~~~~~[0m[39m[22m
[1m[31m[39m[22m
[1m[31m[39m[22m
[1m[31m[0m[91mError: [39m[31m[0m[96msrc/app/core/redux/organisation-teilnahmen/ots.selectors.ts[0m:[93m6[0m:[93m60[0m - [91merror[0m[90m TS2304: [0mCannot find name 'fromOts'.[39m[22m
[1m[31m[39m[22m
[1m[31m[7m6[0m export const selectAllOts = createSelector(selectOtsState, fromOts.selectAll);[39m[22m
[1m[31m[7m [0m [91m                                                           ~~~~~~~[0m[39m[22m
[1m[31m[39m[22m
[1m[31m[39m[22m
[1m[31m[0m[91mError: [39m[31m[0m[96msrc/app/core/redux/organisation-teilnahmen/ots.selectors.ts[0m:[93m16[0m:[93m26[0m - [91merror[0m[90m TS2339: [0mProperty 'filter' does not exist on type 'unknown'.[39m[22m
[1m[31m[39m[22m
[1m[31m[7m16[0m     const ret = otsState.filter([39m[22m
[1m[31m[7m  [0m [91m                         ~~~~~~[0m[39m[22m
[1m[31m[39m[22m
[1m[31m[39m[22m
[1m[31m[39m[22m
[37m[39m
[37m[91m‚úñ[39m[37m Failed to compile.[39m
[36m‚†ã[39m Generating browser application bundles...[2K[1G[36m‚†ô[39m Generating browser application bundles (phase: building)...[2K[1G[36m‚†π[39m Generating browser application bundles (phase: building)...[2K[1G[36m‚†∏[39m Generating browser application bundles (phase: building)...[2K[1G[36m‚†º[39m Generating browser application bundles (phase: building)...[2K[1G[36m‚†¥[39m Generating browser application bundles (phase: sealing)...[2K[1G[32m‚úî[39m Browser application bundle generation complete.
[37m[39m
[37m[0m[1mInitial Chunk Files[22m[2m | [22m[1mNames[22m  [2m | [22m[1mRaw Size[22m[0m[39m
[37m[0m[92mruntime.js[39m[37m         [2m | [22mruntime[2m | [22m[96m12.96 kB[39m[37m[2m | [22m[0m[39m
[37m[0m[0m[39m
[37m[0m12 unchanged chunks[0m[39m
[37m[0m[0m[39m
[37m[0mBuild at: [1m[37m2024-07-09T11:57:29.220Z[39m[37m[22m - Hash: [1m[37meacfa95247c5e277[39m[37m[22m - Time: [1m[37m3479[39m[37m[22mms[0m[39m
[1m[31m[39m[22m
[1m[31m[0m[91mError: [39m[31m[0m[96msrc/app/core/redux/organisation-teilnahmen/ots.effects.ts[0m:[93m14[0m:[93m27[0m - [91merror[0m[90m TS2345: [0mArgument of type '() => Observable<unknown>' is not assignable to parameter of type '() => EffectResult<Action>'.[39m[22m
[1m[31m  Type 'Observable<unknown>' is not assignable to type 'EffectResult<Action>'.[39m[22m
[1m[31m    Type 'Observable<unknown>' is not assignable to type 'Observable<Action>'.[39m[22m
[1m[31m      Property 'type' is missing in type '{}' but required in type 'Action'.[39m[22m
[1m[31m[39m[22m
[1m[31m[7m14[0m   loadOts$ = createEffect(() => {[39m[22m
[1m[31m[7m  [0m [91m                          ~~~~~~~[0m[39m[22m
[1m[31m[39m[22m
[1m[31m  [96mnode_modules/@ngrx/store/src/models.d.ts[0m:[93m3[0m:[93m5[0m[39m[22m
[1m[31m    [7m3[0m     type: string;[39m[22m
[1m[31m    [7m [0m [96m    ~~~~[0m[39m[22m
[1m[31m    'type' is declared here.[39m[22m
[1m[31m[39m[22m
[1m[31m[39m[22m
[1m[31m[0m[91mError: [39m[31m[0m[96msrc/app/core/redux/organisation-teilnahmen/ots.effects.ts[0m:[93m18[0m:[93m35[0m - [91merror[0m[90m TS2339: [0mProperty 'getStarts' does not exist on type 'AnlassService'.[39m[22m
[1m[31m[39m[22m
[1m[31m[7m18[0m         return this.anlassService.getStarts().pipe([39m[22m
[1m[31m[7m  [0m [91m                                  ~~~~~~~~~[0m[39m[22m
[1m[31m[39m[22m
[1m[31m[39m[22m
[1m[31m[0m[91mError: [39m[31m[0m[96msrc/app/core/redux/organisation-teilnahmen/ots.effects.ts[0m:[93m20[0m:[93m44[0m - [91merror[0m[90m TS2740: [0mType '{}' is missing the following properties from type 'IOrganisationTeilnahmenStatistik[]': length, pop, push, concat, and 29 more.[39m[22m
[1m[31m[39m[22m
[1m[31m[7m20[0m             OtsActions.loadAllOtsSuccess({ payload: otss }),[39m[22m
[1m[31m[7m  [0m [91m                                           ~~~~~~~[0m[39m[22m
[1m[31m[39m[22m
[1m[31m  [96msrc/app/core/redux/organisation-teilnahmen/ots.actions.ts[0m:[93m9[0m:[93m7[0m[39m[22m
[1m[31m    [7m9[0m       payload: IOrganisationTeilnahmenStatistik[];[39m[22m
[1m[31m    [7m [0m [96m      ~~~~~~~[0m[39m[22m
[1m[31m    The expected type comes from property 'payload' which is declared here on type '{ payload: IOrganisationTeilnahmenStatistik[]; }'[39m[22m
[1m[31m[39m[22m
[1m[31m[39m[22m
[1m[31m[0m[91mError: [39m[31m[0m[96msrc/app/core/redux/organisation-teilnahmen/ots.selectors.ts[0m:[93m3[0m:[93m10[0m - [91merror[[39m[22m[1m[31m0m[90m TS2724: [0m'"./ots.reducer"' has no exported member named 'otsFeature'. Did you mean 'oalFeature'?[39m[22m
[1m[31m[39m[22m
[1m[31m[7m3[0m import { otsFeature } from "./ots.reducer";[39m[22m
[1m[31m[7m [0m [91m         ~~~~~~~~~~[0m[39m[22m
[1m[31m[39m[22m
[1m[31m  [96msrc/app/core/redux/organisation-teilnahmen/ots.reducer.ts[0m:[93m5[0m:[93m14[0m[39m[22m
[1m[31m    [7m5[0m export const oalFeature = createFeature({[39m[22m
[1m[31m    [7m [0m [96m             ~~~~~~~~~~[0m[39m[22m
[1m[31m    'oalFeature' is declared here.[39m[22m
[1m[31m[39m[22m
[1m[31m[39m[22m
[1m[31m[0m[91mError: [39m[31m[0m[96msrc/app/core/redux/organisation-teilnahmen/ots.selectors.ts[0m:[93m3[0m:[93m10[0m - [91merror[0m[90m TS2724: [0m'"./ots.reducer"' has no exported member named 'otsFeature'. Did you mean 'oalFeature'?[39m[22m
[1m[31m[39m[22m
[1m[31m[7m3[0m import { otsFeature } from "./ots.reducer";[39m[22m
[1m[31m[7m [0m [91m         ~~~~~~~~~~[0m[39m[22m
[1m[31m[39m[22m
[1m[31m  [96msrc/app/core/redux/organisation-teilnahmen/ots.reducer.ts[0m:[93m5[0m:[93m14[0m[39m[22m
[1m[31m    [7m5[0m export const oalFeature = createFeature({[39m[22m
[1m[31m    [7m [0m [96m             ~~~~~~~~~~[0m[39m[22m
[1m[31m    'oalFeature' is declared here.[39m[22m
[1m[31m[39m[22m
[1m[31m[39m[22m
[1m[31m[0m[91mError: [39m[31m[0m[96msrc/app/core/redux/organisation-teilnahmen/ots.selectors.ts[0m:[93m19[0m:[93m26[0m - [91merror[0m[90m TS2339: [0mProperty 'organisationsId' does not exist on type 'IOrganisationTeilnahmenStatistik'.[39m[22m
[1m[31m[39m[22m
[1m[31m[7m19[0m       (x) => orgId === x.organisationsId && anlassId === x.anlassId[39m[22m
[1m[31m[7m  [0m [91m                         ~~~~~~~~~~~~~~~[0m[39m[22m
[1m[31m[39m[22m
[1m[31m[39m[22m
[1m[31m[0m[91mError: [39m[31m[0m[96msrc/app/core/redux/organisation-teilnahmen/ots.selectors.ts[0m:[93m19[0m:[93m60[0m - [91merror[0m[90m TS2339: [0mProperty 'anlassId' does not exist on type 'IOrganisationTeilnahmenStatistik'.[39m[22m
[1m[31m[39m[22m
[1m[31m[7m19[0m       (x) => orgId === x.organisationsId && anlassId === x.anlassId[39m[22m
[1m[31m[7m  [0m [91m                                                           ~~~~~~~~[0m[39m[22m
[1m[31m[39m[22m
[1m[31m[39m[22m
[1m[31m[39m[22m
[37m[39m
[37m[91m‚úñ[39m[37m Failed to compile.[39m
[36m‚†ã[39m Generating browser application bundles...[2K[1G[36m‚†ô[39m Generating browser application bundles (phase: building)...[2K[1G[36m‚†π[39m Generating browser application bundles (phase: building)...[2K[1G[36m‚†∏[39m Generating browser application bundles (phase: building)...[2K[1G[36m‚†º[39m Generating browser application bundles (phase: sealing)...[2K[1G[32m‚úî[39m Browser application bundle generation complete.
[37m[39m
[37m[0m[1mInitial Chunk Files[22m[2m | [22m[1mNames[22m  [2m | [22m[1mRaw Size[22m[0m[39m
[37m[0m[92mruntime.js[39m[37m         [2m | [22mruntime[2m | [22m[96m12.96 kB[39m[37m[2m | [22m[0m[39m
[37m[0m[0m[39m
[37m[0m12 unchanged chunks[0m[39m
[37m[0m[0m[39m
[37m[0mBuild at: [1m[37m2024-07-09T11:57:39.998Z[39m[37m[22m - Hash: [1m[37m705f76d67e9a9bf9[39m[37m[22m - Time: [1m[37m2844[39m[37m[22mms[0m[39m
[1m[31m[39m[22m
[1m[31m[0m[91mError: [39m[31m[0m[96msrc/app/core/redux/organisation-teilnahmen/ots.effects.ts[0m:[93m14[0m:[93m27[0m - [91merror[0m[90m TS2345: [0mArgument of type '() => Observable<unknown>' is not assignable to parameter of type '() => EffectResult<Action>'.[39m[22m
[1m[31m  Type 'Observable<unknown>' is not assignable to type 'EffectResult<Action>'.[39m[22m
[1m[31m    Type 'Observable<unknown>' is not assignable to type 'Observable<Action>'.[39m[22m
[1m[31m      Property 'type' is missing in type '{}' but required in type 'Action'.[39m[22m
[1m[31m[39m[22m
[1m[31m[7m14[0m   loadOts$ = createEffect(() => {[39m[22m
[1m[31m[7m  [0m [91m                          ~~~~~~~[0m[39m[22m
[1m[31m[39m[22m
[1m[31m  [96mnode_modules/@ngrx/store/src/models.d.ts[0m:[93m3[0m:[93m5[0m[39m[22m
[1m[31m    [7m3[0m     type: string;[39m[22m
[1m[31m    [7m [0m [96m    ~~~~[0m[39m[22m
[1m[31m    'type' is declared here.[39m[22m
[1m[31m[39m[22m
[1m[31m[39m[22m
[1m[31m[0m[91mError: [39m[31m[0m[96msrc/app/core/redux/organisation-teilnahmen/ots.effects.ts[0m:[93m18[0m:[93m35[0m - [91merror[0m[90m TS2339: [0mProperty 'getStarts' does not exist on type 'AnlassService'.[39m[22m
[1m[31m[39m[22m
[1m[31m[7m18[0m         return this.anlassService.getStarts().pipe([39m[22m
[1m[31m[7m  [0m [91m                                  ~~~~~~~~~[0m[39m[22m
[1m[31m[39m[22m
[1m[31m[39m[22m
[1m[31m[0m[91mError: [39m[31m[0m[96msrc/app/core/redux/organisation-teilnahmen/ots.effects.ts[0m:[93m20[0m:[93m44[0m - [91merror[0m[90m TS2740: [0mType '{}' is missing the following properties from type 'IOrganisationTeilnahmenStatistik[]': length, pop, push, concat, and 29 more.[39m[22m
[1m[31m[39m[22m
[1m[31m[7m20[0m             OtsActions.loadAllOtsSuccess({ payload: otss }),[39m[22m
[1m[31m[7m  [0m [91m                                           ~~~~~~~[0m[39m[22m
[1m[31m[39m[22m
[1m[31m  [96msrc/app/core/redux/organisation-teilnahmen/ots.actions.ts[0m:[93m9[0m:[93m7[0m[39m[22m
[1m[31m    [7m9[0m       payload: IOrganisationTeilnahmenStatistik[];[39m[22m
[1m[31m    [7m [0m [96m      ~~~~~~~[0m[39m[22m
[1m[31m    The expected type comes from property 'payload' which is declared here on type '{ payload: IOrganisationTeilnahmenStatistik[]; }'[39m[22m
[1m[31m[39m[22m
[1m[31m[39m[22m
[1m[31m[0m[91mError: [39m[31m[0m[96msrc/app/core/redux/organisation-teilnahmen/ots.selectors.ts[0m:[93m19[0m:[93m26[0m - [91merror[39m[22m[1m[31m[0m[90m TS2339: [0mProperty 'organisationsId' does not exist on type 'IOrganisationTeilnahmenStatistik'.[39m[22m
[1m[31m[39m[22m
[1m[31m[7m19[0m       (x) => orgId === x.organisationsId && anlassId === x.anlassId[39m[22m
[1m[31m[7m  [0m [91m                         ~~~~~~~~~~~~~~~[0m[39m[22m
[1m[31m[39m[22m
[1m[31m[39m[22m
[1m[31m[0m[91mError: [39m[31m[0m[96msrc/app/core/redux/organisation-teilnahmen/ots.selectors.ts[0m:[93m19[0m:[93m60[0m - [91merror[0m[90m TS2339: [0mProperty 'anlassId' does not exist on type 'IOrganisationTeilnahmenStatistik'.[39m[22m
[1m[31m[39m[22m
[1m[31m[7m19[0m       (x) => orgId === x.organisationsId && anlassId === x.anlassId[39m[22m
[1m[31m[7m  [0m [91m                                                           ~~~~~~~~[0m[39m[22m
[1m[31m[39m[22m
[1m[31m[39m[22m
[1m[31m[39m[22m
[37m[39m
[37m[91m‚úñ[39m[37m Failed to compile.[39m
[36m‚†ã[39m Generating browser application bundles...[2K[1G[36m‚†ô[39m Generating browser application bundles (phase: building)...[2K[1G[36m‚†π[39m Generating browser application bundles (phase: building)...[2K[1G[36m‚†∏[39m Generating browser application bundles (phase: building)...[2K[1G[36m‚†º[39m Generating browser application bundles (phase: building)...[2K[1G[36m‚†¥[39m Generating browser application bundles (phase: building)...[2K[1G[36m‚†¶[39m Generating browser application bundles (phase: sealing)...[2K[1G[32m‚úî[39m Browser application bundle generation complete.
[37m[39m
[37m[0m[1mInitial Chunk Files[22m[2m | [22m[1mNames[22m  [2m | [22m[1mRaw Size[22m[0m[39m
[37m[0m[92mruntime.js[39m[37m         [2m | [22mruntime[2m | [22m[96m12.96 kB[39m[37m[2m | [22m[0m[39m
[37m[0m[0m[39m
[37m[0m12 unchanged chunks[0m[39m
[37m[0m[0m[39m
[37m[0mBuild at: [1m[37m2024-07-09T11:58:28.327Z[39m[37m[22m - Hash: [1m[37me1abb34adf2e8757[39m[37m[22m - Time: [1m[37m3156[39m[37m[22mms[0m[39m
[1m[31m[39m[22m
[1m[31m[0m[91mError: [39m[31m[0m[96msrc/app/core/redux/organisation-teilnahmen/ots.effects.ts[0m:[93m14[0m:[93m27[0m - [91merror[0m[90m TS2345: [0mArgument of type '() => Observable<unknown>' is not assignable to parameter of type '() => EffectResult<Action>'.[39m[22m
[1m[31m  Type 'Observable<unknown>' is not assignable to type 'EffectResult<Action>'.[39m[22m
[1m[31m    Type 'Observable<unknown>' is not assignable to type 'Observable<Action>'.[39m[22m
[1m[31m      Property 'type' is missing in type '{}' but required in type 'Action'.[39m[22m
[1m[31m[39m[22m
[1m[31m[7m14[0m   loadOts$ = createEffect(() => {[39m[22m
[1m[31m[7m  [0m [91m                          ~~~~~~~[0m[39m[22m
[1m[31m[39m[22m
[1m[31m  [96mnode_modules/@ngrx/store/src/models.d.ts[0m:[93m3[0m:[93m5[0m[39m[22m
[1m[31m    [7m3[0m     type: string;[39m[22m
[1m[31m    [7m [0m [96m    ~~~~[0m[39m[22m
[1m[31m    'type' is declared here.[39m[22m
[1m[31m[39m[22m
[1m[31m[39m[22m
[1m[31m[0m[91mError: [39m[31m[0m[96msrc/app/core/redux/organisation-teilnahmen/ots.effects.ts[0m:[93m18[0m:[93m35[0m - [91merror[0m[90m TS2339: [0mProperty 'getStarts' does not exist on type 'AnlassService'.[39m[22m
[1m[31m[39m[22m
[1m[31m[7m18[0m         return this.anlassService.getStarts().pipe([39m[22m
[1m[31m[7m  [0m [91m                                  ~~~~~~~~~[0m[39m[22m
[1m[31m[39m[22m
[1m[31m[39m[22m
[1m[31m[0m[91mError: [39m[31m[0m[96msrc/app/core/redux/organisation-teilnahmen/ots.effects.ts[0m:[93m20[0m:[93m44[0m - [91merror[0m[90m TS2740: [0mType '{}' is missing the following properties from type 'IOrganisationTeilnahmenStatistik[]': length, pop, push, concat, and 29 more.[39m[22m
[1m[31m[39m[22m
[1m[31m[7m20[0m             OtsActions.loadAllOtsSuccess({ payload: otss }),[39m[22m
[1m[31m[7m  [0m [91m                                           ~~~~~~~[0m[39m[22m
[1m[31m[39m[22m
[1m[31m  [96msrc/app/core/redux/organisation-teilnahmen/ots.actions.ts[0m:[93m9[0m:[93m7[0m[39m[22m
[1m[31m    [7m9[0m       payload: IOrganisationTeilnahmenStatistik[];[39m[22m
[1m[31m    [7m [0m [96m      ~~~~~~~[0m[39m[22m
[1m[31m    The expected type comes from property 'payload' which is declared here on type '{ payload: IOrganisationTeilnahmenStatistik[]; }'[39m[22m
[1m[31m[39m[22m
[1m[31m[39m[22m
[1m[31m[39m[22m
[37m[39m
[37m[91m‚úñ[39m[37m Failed to compile.[39m
[36m‚†ã[39m Generating browser application bundles...[2K[1G[36m‚†ô[39m Generating browser application bundles (phase: building)...[2K[1G[36m‚†π[39m Generating browser application bundles (phase: building)...[2K[1G[36m‚†∏[39m Generating browser application bundles (phase: building)...[2K[1G[36m‚†º[39m Generating browser application bundles (phase: building)...[2K[1G[36m‚†¥[39m Generating browser application bundles (phase: sealing)...[2K[1G[32m‚úî[39m Browser application bundle generation complete.
[37m[39m
[37m[0m13 unchanged chunks[0m[39m
[37m[0m[0m[39m
[37m[0mBuild at: [1m[37m2024-07-09T11:59:26.431Z[39m[37m[22m - Hash: [1m[37me1abb34adf2e8757[39m[37m[22m - Time: [1m[37m3839[39m[37m[22mms[0m[39m
[1m[31m[39m[22m
[1m[31m[0m[91mError: [39m[31m[0m[96msrc/app/core/redux/organisation-teilnahmen/ots.effects.ts[0m:[93m14[0m:[93m27[0m - [91merror[0m[90m TS2345: [0mArgument of type '() => Observable<unknown>' is not assignable to parameter of type '() => EffectResult<Action>'.[39m[22m
[1m[31m  Type 'Observable<unknown>' is not assignable to type 'EffectResult<Action>'.[39m[22m
[1m[31m    Type 'Observable<unknown>' is not assignable to type 'Observable<Action>'.[39m[22m
[1m[31m      Property 'type' is missing in type '{}' but required in type 'Action'.[39m[22m
[1m[31m[39m[22m
[1m[31m[7m14[0m   loadOts$ = createEffect(() => {[39m[22m
[1m[31m[7m  [0m [91m                          ~~~~~~~[0m[39m[22m
[1m[31m[39m[22m
[1m[31m  [96mnode_modules/@ngrx/store/src/models.d.ts[0m:[93m3[0m:[93m5[0m[39m[22m
[1m[31m    [7m3[0m     type: string;[39m[22m
[1m[31m    [7m [0m [96m    ~~~~[0m[39m[22m
[1m[31m    'type' is declared here.[39m[22m
[1m[31m[39m[22m
[1m[31m[39m[22m
[1m[31m[0m[91mError: [39m[31m[0m[96msrc/app/core/redux/organisation-teilnahmen/ots.effects.ts[0m:[93m18[0m:[93m35[0m - [91merror[0m[90m TS2339: [0mProperty 'getStarts' does not exist on type 'AnlassService'.[39m[22m
[1m[31m[39m[22m
[1m[31m[7m18[0m         return this.anlassService.getStarts().pipe([39m[22m
[1m[31m[7m  [0m [91m                                  ~~~~~~~~~[0m[39m[22m
[1m[31m[39m[22m
[1m[31m[39m[22m
[1m[31m[0m[91mError: [39m[31m[0m[96msrc/app/core/redux/organisation-teilnahmen/ots.effects.ts[0m:[93m20[0m:[93m44[0m - [91merror[0m[90m TS2740: [0mType '{}' is missing the following properties from type 'IOrganisationTeilnahmenStatistik[]': length, pop, push, concat, and 29 more.[39m[22m
[1m[31m[39m[22m
[1m[31m[7m20[0m             OtsActions.loadAllOtsSuccess({ payload: otss }),[39m[22m
[1m[31m[7m  [0m [91m                                           ~~~~~~~[0m[39m[22m
[1m[31m[39m[22m
[1m[31m  [96msrc/app/core/redux/organisation-teilnahmen/ots.actions.ts[0m:[93m9[0m:[93m7[0m[39m[22m
[1m[31m    [7m9[0m       payload: IOrganisationTeilnahmenStatistik[];[39m[22m
[1m[31m    [7m [0m [96m      ~~~~~~~[0m[39m[22m
[1m[31m    The expected type comes from property 'payload' which is declared here on type '{ payload: IOrganisationTeilnahmenStatistik[]; }'[39m[22m
[1m[31m[39m[22m
[1m[31m[39m[22m
[1m[31m[39m[22m
[37m[39m
[37m[91m‚úñ[39m[37m Failed to compile.[39m
[36m‚†ã[39m Generating browser application bundles...[2K[1G[36m‚†ô[39m Generating browser application bundles (phase: building)...[2K[1G[36m‚†π[39m Generating browser application bundles (phase: building)...[2K[1G[36m‚†∏[39m Generating browser application bundles (phase: building)...[2K[1G[36m‚†º[39m Generating browser application bundles (phase: building)...[2K[1G[36m‚†¥[39m Generating browser application bundles (phase: sealing)...[2K[1G[32m‚úî[39m Browser application bundle generation complete.
[37m[39m
[37m[0m13 unchanged chunks[0m[39m
[37m[0m[0m[39m
[37m[0mBuild at: [1m[37m2024-07-09T11:59:43.055Z[39m[37m[22m - Hash: [1m[37me1abb34adf2e8757[39m[37m[22m - Time: [1m[37m3138[39m[37m[22mms[0m[39m
[1m[31m[39m[22m
[1m[31m[0m[91mError: [39m[31m[0m[96msrc/app/core/redux/organisation-teilnahmen/ots.effects.ts[0m:[93m14[0m:[93m27[0m - [91merror[0m[90m TS2345: [0mArgument of type '() => Observable<unknown>' is not assignable to parameter of type '() => EffectResult<Action>'.[39m[22m
[1m[31m  Type 'Observable<unknown>' is not assignable to type 'EffectResult<Action>'.[39m[22m
[1m[31m    Type 'Observable<unknown>' is not assignable to type 'Observable<Action>'.[39m[22m
[1m[31m      Property 'type' is missing in type '{}' but required in type 'Action'.[39m[22m
[1m[31m[39m[22m
[1m[31m[7m14[0m   loadOts$ = createEffect(() => {[39m[22m
[1m[31m[7m  [0m [91m                          ~~~~~~~[0m[39m[22m
[1m[31m[39m[22m
[1m[31m  [96mnode_modules/@ngrx/store/src/models.d.ts[0m:[93m3[0m:[93m5[0m[39m[22m
[1m[31m    [7m3[0m     type: string;[39m[22m
[1m[31m    [7m [0m [96m    ~~~~[0m[39m[22m
[1m[31m    'type' is declared here.[39m[22m
[1m[31m[39m[22m
[1m[31m[39m[22m
[1m[31m[0m[91mError: [39m[31m[0m[96msrc/app/core/redux/organisation-teilnahmen/ots.effects.ts[0m:[93m18[0m:[93m35[0m - [91merror[0m[90m TS2339: [0mProperty 'getStarts' does not exist on type 'AnlassService'.[39m[22m
[1m[31m[39m[22m
[1m[31m[7m18[0m         return this.anlassService.getStarts().pipe([39m[22m
[1m[31m[7m  [0m [91m                                  ~~~~~~~~~[0m[39m[22m
[1m[31m[39m[22m
[1m[31m[39m[22m
[1m[31m[0m[91mError: [39m[31m[0m[96msrc/app/core/redux/organisation-teilnahmen/ots.effects.ts[0m:[93m20[0m:[93m44[0m - [91merror[0m[90m TS2740: [0mType '{}' is missing the following properties from type 'IOrganisationTeilnahmenStatistik[]': length, pop, push, concat, and 29 more.[39m[22m
[1m[31m[39m[22m
[1m[31m[7m20[0m             OtsActions.loadAllOtsSuccess({ payload: otss }),[39m[22m
[1m[31m[7m  [0m [91m                                           ~~~~~~~[0m[39m[22m
[1m[31m[39m[22m
[1m[31m  [96msrc/app/core/redux/organisation-teilnahmen/ots.actions.ts[0m:[93m9[0m:[93m7[0m[39m[22m
[1m[31m    [7m9[0m       payload: IOrganisationTeilnahmenStatistik[];[39m[22m
[1m[31m    [7m [0m [96m      ~~~~~~~[0m[39m[22m
[1m[31m    The expected type comes from property 'payload' which is declared here on type '{ payload: IOrganisationTeilnahmenStatistik[]; }'[39m[22m
[1m[31m[39m[22m
[1m[31m[39m[22m
[1m[31m[39m[22m
[37m[39m
[37m[91m‚úñ[39m[37m Failed to compile.[39m
[36m‚†ã[39m Generating browser application bundles...[2K[1G[36m‚†ô[39m Generating browser application bundles (phase: building)...[2K[1G[36m‚†π[39m Generating browser application bundles (phase: building)...[2K[1G[36m‚†∏[39m Generating browser application bundles (phase: building)...[2K[1G[36m‚†º[39m Generating browser application bundles (phase: sealing)...[2K[1G[32m‚úî[39m Browser application bundle generation complete.
[37m[39m
[37m[0m[1mInitial Chunk Files[22m[2m | [22m[1mNames[22m  [2m | [22m[1mRaw Size[22m[0m[39m
[37m[0m[92mruntime.js[39m[37m         [2m | [22mruntime[2m | [22m[96m12.96 kB[39m[37m[2m | [22m[0m[39m
[37m[0m[0m[39m
[37m[0m12 unchanged chunks[0m[39m
[37m[0m[0m[39m
[37m[0mBuild at: [1m[37m2024-07-09T12:00:25.454Z[39m[37m[22m - Hash: [1m[37meb0ff075216d1039[39m[37m[22m - Time: [1m[37m3183[39m[37m[22mms[0m[39m
[1m[31m[39m[22m
[1m[31m[0m[91mError: [39m[31m[0m[96msrc/app/core/redux/organisation-teilnahmen/ots.effects.ts[0m:[93m18[0m:[93m35[0m - [91merror[0m[90m TS2554: [0mExpected 2 arguments, but got 0.[39m[22m
[1m[31m[39m[22m
[1m[31m[7m18[0m         return this.anlassService.getOrganisationTeilnahmenStatistik().pipe([39m[22m
[1m[31m[7m  [0m [91m                                  ~~~~~~~~~~~~~~~~~~~~~~~~~~~~~~~~~~~~[0m[39m[22m
[1m[31m[39m[22m
[1m[31m  [96msrc/app/core/service/anlass/anlass.service.ts[0m:[93m411[0m:[93m5[0m[39m[22m
[1m[31m    [7m411[0m     verein: IVerein,[39m[22m
[1m[31m    [7m   [0m [96m    ~~~~~~~~~~~~~~~[0m[39m[22m
[1m[31m    An argument for 'verein' was not provided.[39m[22m
[1m[31m[39m[22m
[1m[31m[39m[22m
[1m[31m[0m[91mError: [39m[31m[0m[96msrc/app/core/redux/organisation-teilnahmen/ots.effects.ts[0m:[93m20[0m:[93m44[0m - [91merror[0m[90m TS2740: [0mType 'IOrganisationTeilnahmenStatistik' is missing the following properties from type 'IOrganisationTeilnahmenStatistik[]': length, pop, push, concat, and 29 more.[39m[22m
[1m[31m[39m[22m
[1m[31m[7m20[0m             OtsActions.loadAllOtsSuccess({ payload: otss }),[39m[22m
[1m[31m[7m  [0m [91m                                           ~~~~~~~[0m[39m[22m
[1m[31m[39m[22m
[1m[31m  [96msrc/app/core/redux/organisation-teilnahmen/ots.actions.ts[0m:[93m9[0m:[93m7[0m[39m[22m
[1m[31m    [7m9[0m       payload: IOrganisationTeilnahmenStatistik[];[39m[22m
[1m[31m    [7m [0m [96m      ~~~~~~~[0m[39m[22m
[1m[31m    The expected type comes from property 'payload' which is declared here on type '{ payload: IOrganisationTeilnahmenStatistik[]; }'[39m[22m
[1m[31m[39m[22m
[1m[31m[39m[22m
[1m[31m[39m[22m
[37m[39m
[37m[91m‚úñ[39m[37m Failed to compile.[39m
[36m‚†ã[39m Generating browser application bundles...[2K[1G[36m‚†ô[39m Generating browser application bundles (phase: building)...[2K[1G[36m‚†π[39m Generating browser application bundles (phase: building)...[2K[1G[36m‚†∏[39m Generating browser application bundles (phase: building)...[2K[1G[36m‚†º[39m Generating browser application bundles (phase: building)...[2K[1G[36m‚†¥[39m Generating browser application bundles (phase: building)...[2K[1G[36m‚†¶[39m Generating browser application bundles (phase: building)...[2K[1G[36m‚†ß[39m Generating browser application bundles (phase: building)...[2K[1G[36m‚†á[39m Generating browser application bundles (phase: building)...[2K[1G[36m‚†è[39m Generating browser application bundles (phase: building)...[2K[1G[36m‚†ã[39m Generating browser application bundles (phase: sealing)...[2K[1G[32m‚úî[39m Browser application bundle generation complete.
[37m[39m
[37m[0m[1mInitial Chunk Files[22m[2m | [22m[1mNames[22m  [2m | [22m [1mRaw Size[22m[0m[39m
[37m[0m[92mmain.js[39m[37m            [2m | [22mmain   [2m | [22m[96m480.42 kB[39m[37m[2m | [22m[0m[39m
[37m[0m[92mruntime.js[39m[37m         [2m | [22mruntime[2m | [22m [96m12.96 kB[39m[37m[2m | [22m[0m[39m
[37m[0m[0m[39m
[37m[0m11 unchanged chunks[0m[39m
[37m[0m[0m[39m
[37m[0mBuild at: [1m[37m2024-07-09T12:05:33.262Z[39m[37m[22m - Hash: [1m[37m4bf0c7ba29c0a160[39m[37m[22m - Time: [1m[37m7581[39m[37m[22mms[0m[39m
[1m[31m[39m[22m
[1m[31m[0m[91mError: [39m[31m[0m[96msrc/app/core/redux/organisation-teilnahmen/ots.effects.ts[0m:[93m18[0m:[93m35[0m - [91merror[0m[90m TS2554: [0mExpected 2 arguments, but got 0.[39m[22m
[1m[31m[39m[22m
[1m[31m[7m18[0m         return this.anlassService.getOrganisationTeilnahmenStatistik().pipe([39m[22m
[1m[31m[7m  [0m [91m                                  ~~~~~~~~~~~~~~~~~~~~~~~~~~~~~~~~~~~~[0m[39m[22m
[1m[31m[39m[22m
[1m[31m  [96msrc/app/core/service/anlass/anlass.service.ts[0m:[93m411[0m:[93m5[0m[39m[22m
[1m[31m    [7m411[0m     verein: IVerein,[39m[22m
[1m[31m    [7m   [0m [96m    ~~~~~~~~~~~~~~~[0m[39m[22m
[1m[31m    An argument for 'verein' was not provided.[39m[22m
[1m[31m[39m[22m
[1m[31m[39m[22m
[1m[31m[39m[22m
[37m[39m
[37m[91m‚úñ[39m[37m Failed to compile.[39m
[36m‚†ã[39m Generating browser application bundles...[2K[1G[36m‚†ô[39m Generating browser application bundles (phase: building)...[2K[1G[36m‚†π[39m Generating browser application bundles (phase: building)...[2K[1G[36m‚†∏[39m Generating browser application bundles (phase: building)...[2K[1G[36m‚†º[39m Generating browser application bundles (phase: building)...[2K[1G[36m‚†¥[39m Generating browser application bundles (phase: building)...[2K[1G[36m‚†¶[39m Generating browser application bundles (phase: building)...[2K[1G[36m‚†ß[39m Generating browser application bundles (phase: building)...[2K[1G[36m‚†á[39m Generating browser application bundles (phase: sealing)...[2K[1G[32m‚úî[39m Browser application bundle generation complete.
[37m[39m
[37m[0m[1mInitial Chunk Files[22m[2m | [22m[1mNames[22m  [2m | [22m[1mRaw Size[22m[0m[39m
[37m[0m[92mruntime.js[39m[37m         [2m | [22mruntime[2m | [22m[96m12.96 kB[39m[37m[2m | [22m[0m[39m
[37m[0m[0m[39m
[37m[0m12 unchanged chunks[0m[39m
[37m[0m[0m[39m
[37m[0mBuild at: [1m[37m2024-07-09T12:06:12.292Z[39m[37m[22m - Hash: [1m[37mb80e29facd82a1f7[39m[37m[22m - Time: [1m[37m3775[39m[37m[22mms[0m[39m
[1m[31m[39m[22m
[1m[31m[0m[91mError: [39m[31m[0m[96msrc/app/core/redux/organisation-teilnahmen/ots.effects.ts[0m:[93m11[0m:[93m26[0m - [91merror[0m[90m TS2304: [0mCannot find name 'AuthService'.[39m[22m
[1m[31m[39m[22m
[1m[31m[7m11[0m     private authService: AuthService,[39m[22m
[1m[31m[7m  [0m [91m                         ~~~~~~~~~~~[0m[39m[22m
[1m[31m[39m[22m
[1m[31m[39m[22m
[1m[31m[0m[91mError: [39m[31m[0m[96msrc/app/core/redux/organisation-teilnahmen/ots.effects.ts[0m:[93m19[0m:[93m35[0m - [91merror[0m[90m TS2554: [0mExpected 2 arguments, but got 0.[39m[22m
[1m[31m[39m[22m
[1m[31m[7m19[0m         return this.anlassService.getOrganisationTeilnahmenStatistik().pipe([39m[22m
[1m[31m[7m  [0m [91m                                  ~~~~~~~~~~~~~~~~~~~~~~~~~~~~~~~~~~~~[0m[39m[22m
[1m[31m[39m[22m
[1m[31m  [96msrc/app/core/service/anlass/anlass.service.ts[0m:[93m411[0m:[93m5[0m[39m[22m
[1m[31m    [7m411[0m     verein: IVerein,[39m[22m
[1m[31m    [7m   [0m [96m    ~~~~~~~~~~~~~~~[0m[39m[22m
[1m[31m    An argument for 'verein' was not provided.[39m[22m
[1m[31m[39m[22m
[1m[31m[39m[22m
[1m[31m[39m[22m
[37m[39m
[37m[91m‚úñ[39m[37m Failed to compile.[39m
[36m‚†ã[39m Generating browser application bundles...[2K[1G[36m‚†ô[39m Generating browser application bundles (phase: building)...[2K[1G[36m‚†π[39m Generating browser application bundles (phase: building)...[2K[1G[36m‚†∏[39m Generating browser application bundles (phase: building)...[2K[1G[36m‚†º[39m Generating browser application bundles (phase: building)...[2K[1G[36m‚†¥[39m Generating browser application bundles (phase: building)...[2K[1G[36m‚†¶[39m Generating browser application bundles (phase: sealing)...[2K[1G[32m‚úî[39m Browser application bundle generation complete.
[37m[39m
[37m[0m13 unchanged chunks[0m[39m
[37m[0m[0m[39m
[37m[0mBuild at: [1m[37m2024-07-09T12:07:57.556Z[39m[37m[22m - Hash: [1m[37mb80e29facd82a1f7[39m[37m[22m - Time: [1m[37m3776[39m[37m[22mms[0m[39m
[1m[31m[39m[22m
[1m[31m[0m[91mError: [39m[31m[0m[96msrc/app/core/redux/organisation-teilnahmen/ots.effects.ts[0m:[93m11[0m:[93m26[0m - [91merror[0m[90m TS2304: [0mCannot find name 'AuthService'.[39m[22m
[1m[31m[39m[22m
[1m[31m[7m11[0m     private authService: AuthService,[39m[22m
[1m[31m[7m  [0m [91m                         ~~~~~~~~~~~[0m[39m[22m
[1m[31m[39m[22m
[1m[31m[39m[22m
[1m[31m[0m[91mError: [39m[31m[0m[96msrc/app/core/redux/organisation-teilnahmen/ots.effects.ts[0m:[93m19[0m:[93m35[0m - [91merror[0m[90m TS2554: [0mExpected 2 arguments, but got 0.[39m[22m
[1m[31m[39m[22m
[1m[31m[7m19[0m         return this.anlassService.getOrganisationTeilnahmenStatistik().pipe([39m[22m
[1m[31m[7m  [0m [91m                                  ~~~~~~~~~~~~~~~~~~~~~~~~~~~~~~~~~~~~[0m[39m[22m
[1m[31m[39m[22m
[1m[31m  [96msrc/app/core/service/anlass/anlass.service.ts[0m:[93m411[0m:[93m5[0m[39m[22m
[1m[31m    [7m411[0m     verein: IVerein,[39m[22m
[1m[31m    [7m   [0m [96m    ~~~~~~~~~~~~~~~[0m[39m[22m
[1m[31m    An argument for 'verein' was not provided.[39m[22m
[1m[31m[39m[22m
[1m[31m[39m[22m
[1m[31m[39m[22m
[37m[39m
[37m[91m‚úñ[39m[37m Failed to compile.[39m
[36m‚†ã[39m Generating browser application bundles...[2K[1G[36m‚†ô[39m Generating browser application bundles (phase: building)...[2K[1G[36m‚†π[39m Generating browser application bundles (phase: building)...[2K[1G[36m‚†∏[39m Generating browser application bundles (phase: building)...[2K[1G[36m‚†º[39m Generating browser application bundles (phase: building)...[2K[1G[36m‚†¥[39m Generating browser application bundles (phase: sealing)...[2K[1G[36m‚†¶[39m Generating browser application bundles (phase: emitting)...[2K[1G[36m‚†ß[39m Generating browser application bundles (phase: emitting)...[2K[1G[36m‚†á[39m Generating browser application bundles (phase: emitting)...[2K[1G[32m‚úî[39m Browser application bundle generation complete.
[37m[39m
[37m[0m[1mInitial Chunk Files[22m[2m | [22m[1mNames[22m  [2m | [22m[1mRaw Size[22m[0m[39m
[37m[0m[92mruntime.js[39m[37m         [2m | [22mruntime[2m | [22m[96m12.96 kB[39m[37m[2m | [22m[0m[39m
[37m[0m[0m[39m
[37m[0m12 unchanged chunks[0m[39m
[37m[0m[0m[39m
[37m[0mBuild at: [1m[37m2024-07-09T12:08:11.423Z[39m[37m[22m - Hash: [1m[37mb628b0585168338f[39m[37m[22m - Time: [1m[37m3352[39m[37m[22mms[0m[39m
[1m[33m[39m[22m
[1m[33m[0m[33mWarning: [39m[33m[0m/home/heinz/Documents/Development/Anmeldetool/anmeldetool-web/src/main/web/src/app/core/redux/organisation-teilnahmen/index.ts is part of the TypeScript compilation but it's unused.[39m[22m
[1m[33mAdd only entry points to the 'files' or 'include' properties in your tsconfig.[39m[22m
[1m[33m[39m[22m
[1m[33m[0m[33mWarning: [39m[33m[0m/home/heinz/Documents/Development/Anmeldetool/anmeldetool-web/src/main/web/src/app/core/redux/organisation-teilnahmen/ots.actions.ts is part of the TypeScript compilation but it's unused.[39m[22m
[1m[33mAdd only entry points to the 'files' or 'include' properties in your tsconfig.[39m[22m
[1m[33m[39m[22m
[1m[33m[0m[33mWarning: [39m[33m[0m/home/heinz/Documents/Development/Anmeldetool/anmeldetool-web/src/main/web/src/app/core/redux/organisation-teilnahmen/ots.effects.ts is part of the TypeScript compilation but it's unused.[39m[22m
[1m[33mAdd only entry points to the 'files' or 'include' properties in your tsconfig.[39m[22m
[1m[33m[39m[22m
[1m[33m[0m[33mWarning: [39m[33m[0m/home/heinz/Documents/Development/Anmeldetool/anmeldetool-web/src/main/web/src/app/core/redux/organisation-teilnahmen/ots.reducer.ts is part of the TypeScript compilation but it's unused.[39m[22m
[1m[33mAdd only entry points to the 'files' or 'include' properties in your tsconfig.[39m[22m
[1m[33m[39m[22m
[1m[33m[0m[33mWarning: [39m[33m[0m/home/heinz/Documents/Development/Anmeldetool/anmeldetool-web/src/main/web/src/app/core/redux/organisation-teilnahmen/ots.selectors.ts is part of the TypeScript compilation but it's unused.[39m[22m
[1m[33mAdd only entry points to the 'files' or 'include' properties in your tsconfig.[39m[22m
[1m[33m[39m[22m
[1m[33m[0m[33mWarning: [39m[33m[0m/home/heinz/Documents/Development/Anmeldetool/anmeldetool-web/src/main/web/src/app/core/redux/organisation-teilnahmen/ots.state.ts is part of the TypeScript compilation but it's unused.[39m[22m
[1m[33mAdd only entry points to the 'files' or 'include' properties in your tsconfig.[39m[22m
[1m[33m[39m[22m
[1m[33m[39m[22m
[37m[39m
[37m[92m‚úî[39m[37m Compiled successfully.[39m
[36m‚†ã[39m Generating browser application bundles...[2K[1G[36m‚†ô[39m Generating browser application bundles (phase: building)...[2K[1G[36m‚†π[39m Generating browser application bundles (phase: building)...[2K[1G[36m‚†∏[39m Generating browser application bundles (phase: building)...[2K[1G[36m‚†º[39m Generating browser application bundles (phase: building)...[2K[1G[36m‚†¥[39m Generating browser application bundles (phase: building)...[2K[1G[36m‚†¶[39m Generating browser application bundles (phase: building)...[2K[1G[36m‚†ß[39m Generating browser application bundles (phase: building)...[2K[1G[36m‚†á[39m Generating browser application bundles (phase: building)...[2K[1G[36m‚†è[39m Generating browser application bundles (phase: building)...[2K[1G[36m‚†ã[39m Generating browser application bundles (phase: building)...[2K[1G[36m‚†ô[39m Generating browser application bundles (phase: building)...[2K[1G[36m‚†π[39m Generating browser application bundles (phase: building)...[2K[1G[36m‚†∏[39m Generating browser application bundles (phase: building)...[2K[1G[36m‚†º[39m Generating browser application bundles (phase: building)...[2K[1G[36m‚†¥[39m Generating browser application bundles (phase: building)...[2K[1G[36m‚†¶[39m Generating browser application bundles (phase: building)...[2K[1G[36m‚†ß[39m Generating browser application bundles (phase: building)...[2K[1G[36m‚†á[39m Generating browser application bundles (phase: building)...[2K[1G[36m‚†è[39m Generating browser application bundles (phase: sealing)...[2K[1G[32m‚úî[39m Browser application bundle generation complete.
[37m[39m
[37m[0m[1mInitial Chunk Files[22m                   [2m | [22m[1mNames[22m                   [2m | [22m[1mRaw Size[22m[0m[39m
[37m[0m[92mruntime.js[39m[37m                            [2m | [22mruntime                 [2m | [22m[96m12.96 kB[39m[37m[2m | [22m[0m[39m
[37m[0m[0m[39m
[37m[0m[1mLazy Chunk Files[22m                      [2m | [22m[1mNames[22m                   [2m | [22m[1mRaw Size[22m[0m[39m
[37m[0m[92msrc_app_verein_teilnehmer_module_ts.js[39m[37m[2m | [22mverein-teilnehmer-module[2m | [22m [96m2.78 MB[39m[37m[2m | [22m[0m[39m
[37m[0m[0m[39m
[37m[0m11 unchanged chunks[0m[39m
[37m[0m[0m[39m
[37m[0mBuild at: [1m[37m2024-07-09T12:23:40.675Z[39m[37m[22m - Hash: [1m[37mbf1623ecee5a2973[39m[37m[22m - Time: [1m[37m10025[39m[37m[22mms[0m[39m
[1m[31m[39m[22m
[1m[31m[0m[91mError: [39m[31m[0m[96msrc/app/verein/teilnehmer/teilnehmer-grid/teilnehmer-grid.ts[0m:[93m283[0m:[93m5[0m - [91merror[0m[90m TS2322: [0mType 'Observable<IAnlass[]>' is not assignable to type 'Observable<IOrganisationTeilnahmenStatistik[]>'.[39m[22m
[1m[31m  Type 'IAnlass[]' is not assignable to type 'IOrganisationTeilnahmenStatistik[]'.[39m[22m
[1m[31m    Property 'kategorieStati' is missing in type 'IAnlass' but required in type 'IOrganisationTeilnahmenStatistik'.[39m[22m
[1m[31m[39m[22m
[1m[31m[7m283[0m     this.ots$ = this.store.pipe([39m[22m
[1m[31m[7m   [0m [91m    ~~~~~~~~~[0m[39m[22m
[1m[31m[39m[22m
[1m[31m  [96msrc/app/core/model/IOrganisationTeilnahmenStatistik.ts[0m:[93m5[0m:[93m3[0m[39m[22m
[1m[31m    [7m5[0m   kategorieStati: IKategorieStati[];[39m[22m
[1m[31m    [7m [0m [96m  ~~~~~~~~~~~~~~[0m[39m[22m
[1m[31m    'kategorieStati' is declared here.[39m[22m
[1m[31m[39m[22m
[1m[31m[39m[22m
[1m[31m[39m[22m
[37m[39m
[37m[91m‚úñ[39m[37m Failed to compile.[39m
[36m‚†ã[39m Generating browser application bundles...[2K[1G[36m‚†ô[39m Generating browser application bundles (phase: building)...[2K[1G[36m‚†π[39m Generating browser application bundles (phase: building)...[2K[1G[36m‚†∏[39m Generating browser application bundles (phase: building)...[2K[1G[36m‚†º[39m Generating browser application bundles (phase: building)...[2K[1G[36m‚†¥[39m Generating browser application bundles (phase: building)...[2K[1G[36m‚†¶[39m Generating browser application bundles (phase: building)...[2K[1G[36m‚†ß[39m Generating browser application bundles (phase: building)...[2K[1G[36m‚†á[39m Generating browser application bundles (phase: building)...[2K[1G[36m‚†è[39m Generating browser application bundles (phase: sealing)...[2K[1G[36m‚†ã[39m Generating browser application bundles (phase: sealing)...[2K[1G[32m‚úî[39m Browser application bundle generation complete.
[37m[39m
[37m[0m[1mInitial Chunk Files[22m                   [2m | [22m[1mNames[22m                   [2m | [22m[1mRaw Size[22m[0m[39m
[37m[0m[92mruntime.js[39m[37m                            [2m | [22mruntime                 [2m | [22m[96m12.96 kB[39m[37m[2m | [22m[0m[39m
[37m[0m[0m[39m
[37m[0m[1mLazy Chunk Files[22m                      [2m | [22m[1mNames[22m                   [2m | [22m[1mRaw Size[22m[0m[39m
[37m[0m[92msrc_app_verein_teilnehmer_module_ts.js[39m[37m[2m | [22mverein-teilnehmer-module[2m | [22m [96m2.79 MB[39m[37m[2m | [22m[0m[39m
[37m[0m[0m[39m
[37m[0m11 unchanged chunks[0m[39m
[37m[0m[0m[39m
[37m[0mBuild at: [1m[37m2024-07-09T12:29:55.110Z[39m[37m[22m - Hash: [1m[37mc80f821e61f3a1b8[39m[37m[22m - Time: [1m[37m6978[39m[37m[22mms[0m[39m
[1m[31m[39m[22m
[1m[31m[0m[91mError: [39m[31m[0m[96msrc/app/verein/teilnehmer/teilnehmer-grid/teilnehmer-grid.ts[0m:[93m293[0m:[93m14[0m - [91merror[0m[90m TS2554: [0mExpected 1 arguments, but got 0.[39m[22m
[1m[31m[39m[22m
[1m[31m[7m293[0m       select(selectAllOts())[39m[22m
[1m[31m[7m   [0m [91m             ~~~~~~~~~~~~~~[0m[39m[22m
[1m[31m[39m[22m
[1m[31m  [96mnode_modules/@ngrx/store/src/models.d.ts[0m:[93m34[0m:[93m39[0m[39m[22m
[1m[31m    [7m34[0m export declare type Selector<T, V> = (state: T) => V;[39m[22m
[1m[31m    [7m  [0m [96m                                      ~~~~~~~~[0m[39m[22m
[1m[31m    An argument for 'state' was not provided.[39m[22m
[1m[31m[39m[22m
[1m[31m[39m[22m
[1m[31m[0m[91mError: [39m[31m[0m[96msrc/app/verein/teilnehmer/teilnehmer-grid/teilnehmer-grid.ts[0m:[93m293[0m:[93m14[0m - [91merror[0m[90m TS2769: [0mNo overload matches this call.[39m[22m
[1m[31m  Overload 1 of 9, '(mapFn: (state: AppState) => IOrganisationTeilnahmenStatistik[]): (source$: Observable<AppState>) => Observable<...>', gave the following error.[39m[22m
[1m[31m    Argument of type 'IOrganisationTeilnahmenStatistik[]' is not assignable to parameter of type '(state: AppState) => IOrganisationTeilnahmenStatistik[]'.[39m[22m
[1m[31m      Type 'IOrganisationTeilnahmenStatistik[]' provides no match for the signature '(state: AppState): IOrganisationTeilnahmenStatistik[]'.[39m[22m
[1m[31m  Overload 2 of 9, '(key: keyof AppState): (source$: Observable<AppState>) => Observable<AnlassState | RouterReducerState<RouterStateUrl> | LoadingState | VereinState | OalState>', gave the following error.[39m[22m
[1m[31m    Argument of type 'IOrganisationTeilnahmenStatistik[]' is not assignable to parameter of type 'keyof AppState'.[39m[22m
[1m[31m[39m[22m
[1m[31m[7m293[0m       select(selectAllOts())[39m[22m
[1m[31m[7m   [0m [91m             ~~~~~~~~~~~~~~[0m[39m[22m
[1m[31m[39m[22m
[1m[31m[39m[22m
[1m[31m[39m[22m
[1m[31m[39m[22m
[37m[39m
[37m[91m‚úñ[39m[37m Failed to compile.[39m
[36m‚†ã[39m Generating browser application bundles...[2K[1G[36m‚†ô[39m Generating browser application bundles (phase: building)...[2K[1G[36m‚†π[39m Generating browser application bundles (phase: building)...[2K[1G[36m‚†∏[39m Generating browser application bundles (phase: building)...[2K[1G[36m‚†º[39m Generating browser application bundles (phase: building)...[2K[1G[36m‚†¥[39m Generating browser application bundles (phase: building)...[2K[1G[36m‚†¶[39m Generating browser application bundles (phase: sealing)...[2K[1G[32m‚úî[39m Browser application bundle generation complete.
[37m[39m
[37m[0m[1mInitial Chunk Files[22m                   [2m | [22m[1mNames[22m                   [2m | [22m[1mRaw Size[22m[0m[39m
[37m[0m[92mruntime.js[39m[37m                            [2m | [22mruntime                 [2m | [22m[96m12.96 kB[39m[37m[2m | [22m[0m[39m
[37m[0m[0m[39m
[37m[0m[1mLazy Chunk Files[22m                      [2m | [22m[1mNames[22m                   [2m | [22m[1mRaw Size[22m[0m[39m
[37m[0m[92msrc_app_verein_teilnehmer_module_ts.js[39m[37m[2m | [22mverein-teilnehmer-module[2m | [22m [96m2.79 MB[39m[37m[2m | [22m[0m[39m
[37m[0m[0m[39m
[37m[0m11 unchanged chunks[0m[39m
[37m[0m[0m[39m
[37m[0mBuild at: [1m[37m2024-07-09T12:50:16.943Z[39m[37m[22m - Hash: [1m[37ma885e3ecc3ab9620[39m[37m[22m - Time: [1m[37m5367[39m[37m[22mms[0m[39m
[1m[31m[39m[22m
[1m[31m[0m[91mError: [39m[31m[0m[96msrc/app/verein/teilnehmer/teilnehmer-grid/teilnehmer-grid.ts[0m:[93m293[0m:[93m14[0m - [91merror[0m[90m TS2554: [0mExpected 1 arguments, but got 0.[39m[22m
[1m[31m[39m[22m
[1m[31m[7m293[0m       select(selectAllOts())[39m[22m
[1m[31m[7m   [0m [91m             ~~~~~~~~~~~~~~[0m[39m[22m
[1m[31m[39m[22m
[1m[31m  [96mnode_modules/@ngrx/store/src/models.d.ts[0m:[93m34[0m:[93m39[0m[39m[22m
[1m[31m    [7m34[0m export declare type Selector<T, V> = (state: T) => V;[39m[22m
[1m[31m    [7m  [0m [96m                                      ~~~~~~~~[0m[39m[22m
[1m[31m    An argument for 'state' was not provided.[39m[22m
[1m[31m[39m[22m
[1m[31m[39m[22m
[1m[31m[0m[91mError: [39m[31m[0m[96msrc/app/verein/teilnehmer/teilnehmer-grid/teilnehmer-grid.ts[0m:[93m293[0m:[93m14[0m - [91merror[0m[90m TS2769: [0mNo overload matches this call.[39m[22m
[1m[31m  Overload 1 of 9, '(mapFn: (state: AppState) => IOrganisationTeilnahmenStatistik[]): (source$: Observable<AppState>) => Observable<...>', gave the following error.[39m[22m
[1m[31m    Argument of type 'IOrganisationTeilnahmenStatistik[]' is not assignable to parameter of type '(state: AppState) => IOrganisationTeilnahmenStatistik[]'.[39m[22m
[1m[31m      Type 'IOrganisationTeilnahmenStatistik[]' provides no match for the signature '(state: AppState): IOrganisationTeilnahmenStatistik[]'.[39m[22m
[1m[31m  Overload 2 of 9, '(key: keyof AppState): (source$: Observable<AppState>) => Observable<AnlassState | RouterReducerState<RouterStateUrl> | LoadingState | VereinState | OalState>', gave the following error.[39m[22m
[1m[31m    Argument of type 'IOrganisationTeilnahmenStatistik[]' is not assignable to parameter of type 'keyof AppState'.[39m[22m
[1m[31m[39m[22m
[1m[31m[7m293[0m       select(selectAllOts())[39m[22m
[1m[31m[7m   [0m [91m             ~~~~~~~~~~~~~~[0m[39m[22m
[1m[31m[39m[22m
[1m[31m[39m[22m
[1m[31m[39m[22m
[1m[31m[39m[22m
[37m[39m
[37m[91m‚úñ[39m[37m Failed to compile.[39m
[36m‚†ã[39m Generating browser application bundles...[2K[1G[36m‚†ô[39m Generating browser application bundles (phase: building)...[2K[1G[36m‚†π[39m Generating browser application bundles (phase: building)...[2K[1G[36m‚†∏[39m Generating browser application bundles (phase: building)...[2K[1G[36m‚†º[39m Generating browser application bundles (phase: building)...[2K[1G[36m‚†¥[39m Generating browser application bundles (phase: building)...[2K[1G[36m‚†¶[39m Generating browser application bundles (phase: building)...[2K[1G[36m‚†ß[39m Generating browser application bundles (phase: building)...[2K[1G[36m‚†á[39m Generating browser application bundles (phase: building)...[2K[1G[36m‚†è[39m Generating browser application bundles (phase: building)...[2K[1G[36m‚†ã[39m Generating browser application bundles (phase: building)...[2K[1G[36m‚†ô[39m Generating browser application bundles (phase: building)...[2K[1G[36m‚†π[39m Generating browser application bundles (phase: building)...[2K[1G[36m‚†∏[39m Generating browser application bundles (phase: building)...[2K[1G[36m‚†º[39m Generating browser application bundles (phase: building)...[2K[1G[36m‚†¥[39m Generating browser application bundles (phase: building)...[2K[1G[36m‚†¶[39m Generating browser application bundles (phase: building)...[2K[1G[36m‚†ß[39m Generating browser application bundles (phase: building)...[2K[1G[36m‚†á[39m Generating browser application bundles (phase: sealing)...[2K[1G[36m‚†è[39m Generating browser application bundles (phase: emitting)...[2K[1G[36m‚†ã[39m Generating browser application bundles (phase: emitting)...[2K[1G[36m‚†ô[39m Generating browser application bundles (phase: emitting)...[2K[1G[32m‚úî[39m Browser application bundle generation complete.
[37m[39m
[37m[0m[1mInitial Chunk Files[22m                   [2m | [22m[1mNames[22m                   [2m | [22m[1mRaw Size[22m[0m[39m
[37m[0m[92mruntime.js[39m[37m                            [2m | [22mruntime                 [2m | [22m[96m12.96 kB[39m[37m[2m | [22m[0m[39m
[37m[0m[0m[39m
[37m[0m[1mLazy Chunk Files[22m                      [2m | [22m[1mNames[22m                   [2m | [22m[1mRaw Size[22m[0m[39m
[37m[0m[92msrc_app_verein_teilnehmer_module_ts.js[39m[37m[2m | [22mverein-teilnehmer-module[2m | [22m [96m2.79 MB[39m[37m[2m | [22m[0m[39m
[37m[0m[0m[39m
[37m[0m11 unchanged chunks[0m[39m
[37m[0m[0m[39m
[37m[0mBuild at: [1m[37m2024-07-09T12:54:39.485Z[39m[37m[22m - Hash: [1m[37m7def55acbb15f4d8[39m[37m[22m - Time: [1m[37m8970[39m[37m[22mms[0m[39m
[37m[39m
[37m[92m‚úî[39m[37m Compiled successfully.[39m
